[1.092s] Invoking command in '/ros_ws/IRS_Labs/pineapple_box_sorter': PYTHONPATH=/ros_ws/IRS_Labs/build/pineapple_box_sorter/prefix_override:/usr/lib/python3/dist-packages/colcon_core/task/python/colcon_distutils_commands:/ros_ws/IRS_Labs/install/pineapple_box_sorter/lib/python3.10/site-packages:${PYTHONPATH} /usr/bin/python3 -W ignore:setup.py install is deprecated -W ignore:easy_install command is deprecated setup.py egg_info --egg-base ../build/pineapple_box_sorter build --build-base /ros_ws/IRS_Labs/build/pineapple_box_sorter/build install --record /ros_ws/IRS_Labs/build/pineapple_box_sorter/install.log --single-version-externally-managed install_data
[1.487s] running egg_info
[1.489s] writing ../build/pineapple_box_sorter/pineapple_box_sorter.egg-info/PKG-INFO
[1.489s] writing dependency_links to ../build/pineapple_box_sorter/pineapple_box_sorter.egg-info/dependency_links.txt
[1.490s] writing entry points to ../build/pineapple_box_sorter/pineapple_box_sorter.egg-info/entry_points.txt
[1.490s] writing requirements to ../build/pineapple_box_sorter/pineapple_box_sorter.egg-info/requires.txt
[1.490s] writing top-level names to ../build/pineapple_box_sorter/pineapple_box_sorter.egg-info/top_level.txt
[1.495s] reading manifest file '../build/pineapple_box_sorter/pineapple_box_sorter.egg-info/SOURCES.txt'
[1.495s] adding license file 'LICENSE'
[1.496s] writing manifest file '../build/pineapple_box_sorter/pineapple_box_sorter.egg-info/SOURCES.txt'
[1.496s] running build
[1.496s] running build_py
[1.497s] running install
[1.498s] running install_lib
[1.500s] running install_data
[1.500s] copying config/pa_nav2_params.yaml -> /ros_ws/IRS_Labs/install/pineapple_box_sorter/share/pineapple_box_sorter/config
[1.501s] running install_egg_info
[1.505s] removing '/ros_ws/IRS_Labs/install/pineapple_box_sorter/lib/python3.10/site-packages/pineapple_box_sorter-0.0.0-py3.10.egg-info' (and everything under it)
[1.506s] Copying ../build/pineapple_box_sorter/pineapple_box_sorter.egg-info to /ros_ws/IRS_Labs/install/pineapple_box_sorter/lib/python3.10/site-packages/pineapple_box_sorter-0.0.0-py3.10.egg-info
[1.508s] running install_scripts
[1.553s] Installing box_sorter script to /ros_ws/IRS_Labs/install/pineapple_box_sorter/lib/pineapple_box_sorter
[1.553s] Installing hs_waypoint_follower script to /ros_ws/IRS_Labs/install/pineapple_box_sorter/lib/pineapple_box_sorter
[1.554s] writing list of installed files to '/ros_ws/IRS_Labs/build/pineapple_box_sorter/install.log'
[1.612s] Invoked command in '/ros_ws/IRS_Labs/pineapple_box_sorter' returned '0': PYTHONPATH=/ros_ws/IRS_Labs/build/pineapple_box_sorter/prefix_override:/usr/lib/python3/dist-packages/colcon_core/task/python/colcon_distutils_commands:/ros_ws/IRS_Labs/install/pineapple_box_sorter/lib/python3.10/site-packages:${PYTHONPATH} /usr/bin/python3 -W ignore:setup.py install is deprecated -W ignore:easy_install command is deprecated setup.py egg_info --egg-base ../build/pineapple_box_sorter build --build-base /ros_ws/IRS_Labs/build/pineapple_box_sorter/build install --record /ros_ws/IRS_Labs/build/pineapple_box_sorter/install.log --single-version-externally-managed install_data
