[1.122s] Invoking command in '/IRS_Labs/hand_solo_arm': PYTHONPATH=/IRS_Labs/build/hand_solo_arm/prefix_override:/usr/lib/python3/dist-packages/colcon_core/task/python/colcon_distutils_commands:/IRS_Labs/install/hand_solo_arm/lib/python3.10/site-packages:${PYTHONPATH} /usr/bin/python3 -W ignore:setup.py install is deprecated -W ignore:easy_install command is deprecated setup.py egg_info --egg-base ../build/hand_solo_arm build --build-base /IRS_Labs/build/hand_solo_arm/build install --record /IRS_Labs/build/hand_solo_arm/install.log --single-version-externally-managed install_data
[1.563s] running egg_info
[1.566s] creating ../build/hand_solo_arm/hand_solo_arm.egg-info
[1.566s] writing ../build/hand_solo_arm/hand_solo_arm.egg-info/PKG-INFO
[1.567s] writing dependency_links to ../build/hand_solo_arm/hand_solo_arm.egg-info/dependency_links.txt
[1.567s] writing entry points to ../build/hand_solo_arm/hand_solo_arm.egg-info/entry_points.txt
[1.567s] writing requirements to ../build/hand_solo_arm/hand_solo_arm.egg-info/requires.txt
[1.568s] writing top-level names to ../build/hand_solo_arm/hand_solo_arm.egg-info/top_level.txt
[1.569s] writing manifest file '../build/hand_solo_arm/hand_solo_arm.egg-info/SOURCES.txt'
[1.573s] reading manifest file '../build/hand_solo_arm/hand_solo_arm.egg-info/SOURCES.txt'
[1.574s] adding license file 'LICENSE'
[1.574s] writing manifest file '../build/hand_solo_arm/hand_solo_arm.egg-info/SOURCES.txt'
[1.574s] running build
[1.574s] running build_py
[1.575s] creating /IRS_Labs/build/hand_solo_arm/build
[1.575s] creating /IRS_Labs/build/hand_solo_arm/build/lib
[1.575s] creating /IRS_Labs/build/hand_solo_arm/build/lib/hand_solo_arm
[1.575s] copying hand_solo_arm/__init__.py -> /IRS_Labs/build/hand_solo_arm/build/lib/hand_solo_arm
[1.575s] copying hand_solo_arm/hs_pick_place.py -> /IRS_Labs/build/hand_solo_arm/build/lib/hand_solo_arm
[1.575s] running install
[1.576s] running install_lib
[1.577s] creating /IRS_Labs/install/hand_solo_arm/lib/python3.10/site-packages/hand_solo_arm
[1.578s] copying /IRS_Labs/build/hand_solo_arm/build/lib/hand_solo_arm/__init__.py -> /IRS_Labs/install/hand_solo_arm/lib/python3.10/site-packages/hand_solo_arm
[1.578s] copying /IRS_Labs/build/hand_solo_arm/build/lib/hand_solo_arm/hs_pick_place.py -> /IRS_Labs/install/hand_solo_arm/lib/python3.10/site-packages/hand_solo_arm
[1.579s] byte-compiling /IRS_Labs/install/hand_solo_arm/lib/python3.10/site-packages/hand_solo_arm/__init__.py to __init__.cpython-310.pyc
[1.579s] byte-compiling /IRS_Labs/install/hand_solo_arm/lib/python3.10/site-packages/hand_solo_arm/hs_pick_place.py to hs_pick_place.cpython-310.pyc
[1.581s] running install_data
[1.581s] creating /IRS_Labs/install/hand_solo_arm/share/ament_index
[1.581s] creating /IRS_Labs/install/hand_solo_arm/share/ament_index/resource_index
[1.581s] creating /IRS_Labs/install/hand_solo_arm/share/ament_index/resource_index/packages
[1.581s] copying resource/hand_solo_arm -> /IRS_Labs/install/hand_solo_arm/share/ament_index/resource_index/packages
[1.581s] copying package.xml -> /IRS_Labs/install/hand_solo_arm/share/hand_solo_arm
[1.581s] running install_egg_info
[1.585s] Copying ../build/hand_solo_arm/hand_solo_arm.egg-info to /IRS_Labs/install/hand_solo_arm/lib/python3.10/site-packages/hand_solo_arm-0.0.0-py3.10.egg-info
[1.587s] running install_scripts
[1.625s] Installing hs_pick_place script to /IRS_Labs/install/hand_solo_arm/lib/hand_solo_arm
[1.626s] writing list of installed files to '/IRS_Labs/build/hand_solo_arm/install.log'
[1.693s] Invoked command in '/IRS_Labs/hand_solo_arm' returned '0': PYTHONPATH=/IRS_Labs/build/hand_solo_arm/prefix_override:/usr/lib/python3/dist-packages/colcon_core/task/python/colcon_distutils_commands:/IRS_Labs/install/hand_solo_arm/lib/python3.10/site-packages:${PYTHONPATH} /usr/bin/python3 -W ignore:setup.py install is deprecated -W ignore:easy_install command is deprecated setup.py egg_info --egg-base ../build/hand_solo_arm build --build-base /IRS_Labs/build/hand_solo_arm/build install --record /IRS_Labs/build/hand_solo_arm/install.log --single-version-externally-managed install_data
