running egg_info
creating ../build/hand_solo_virtual_nav/hand_solo_virtual_nav.egg-info
writing ../build/hand_solo_virtual_nav/hand_solo_virtual_nav.egg-info/PKG-INFO
writing dependency_links to ../build/hand_solo_virtual_nav/hand_solo_virtual_nav.egg-info/dependency_links.txt
writing entry points to ../build/hand_solo_virtual_nav/hand_solo_virtual_nav.egg-info/entry_points.txt
writing requirements to ../build/hand_solo_virtual_nav/hand_solo_virtual_nav.egg-info/requires.txt
writing top-level names to ../build/hand_solo_virtual_nav/hand_solo_virtual_nav.egg-info/top_level.txt
writing manifest file '../build/hand_solo_virtual_nav/hand_solo_virtual_nav.egg-info/SOURCES.txt'
reading manifest file '../build/hand_solo_virtual_nav/hand_solo_virtual_nav.egg-info/SOURCES.txt'
adding license file 'LICENSE'
writing manifest file '../build/hand_solo_virtual_nav/hand_solo_virtual_nav.egg-info/SOURCES.txt'
running build
running build_py
creating /root/ros2_src/build/hand_solo_virtual_nav/build
creating /root/ros2_src/build/hand_solo_virtual_nav/build/lib
creating /root/ros2_src/build/hand_solo_virtual_nav/build/lib/hand_solo_virtual_nav
copying hand_solo_virtual_nav/__init__.py -> /root/ros2_src/build/hand_solo_virtual_nav/build/lib/hand_solo_virtual_nav
copying hand_solo_virtual_nav/hs_waypoint_follower.py -> /root/ros2_src/build/hand_solo_virtual_nav/build/lib/hand_solo_virtual_nav
running install
running install_lib
creating /root/ros2_src/install/hand_solo_virtual_nav/lib/python3.10/site-packages/hand_solo_virtual_nav
copying /root/ros2_src/build/hand_solo_virtual_nav/build/lib/hand_solo_virtual_nav/__init__.py -> /root/ros2_src/install/hand_solo_virtual_nav/lib/python3.10/site-packages/hand_solo_virtual_nav
copying /root/ros2_src/build/hand_solo_virtual_nav/build/lib/hand_solo_virtual_nav/hs_waypoint_follower.py -> /root/ros2_src/install/hand_solo_virtual_nav/lib/python3.10/site-packages/hand_solo_virtual_nav
byte-compiling /root/ros2_src/install/hand_solo_virtual_nav/lib/python3.10/site-packages/hand_solo_virtual_nav/__init__.py to __init__.cpython-310.pyc
byte-compiling /root/ros2_src/install/hand_solo_virtual_nav/lib/python3.10/site-packages/hand_solo_virtual_nav/hs_waypoint_follower.py to hs_waypoint_follower.cpython-310.pyc
running install_data
creating /root/ros2_src/install/hand_solo_virtual_nav/share/ament_index
creating /root/ros2_src/install/hand_solo_virtual_nav/share/ament_index/resource_index
creating /root/ros2_src/install/hand_solo_virtual_nav/share/ament_index/resource_index/packages
copying resource/hand_solo_virtual_nav -> /root/ros2_src/install/hand_solo_virtual_nav/share/ament_index/resource_index/packages
copying package.xml -> /root/ros2_src/install/hand_solo_virtual_nav/share/hand_solo_virtual_nav
creating /root/ros2_src/install/hand_solo_virtual_nav/share/hand_solo_virtual_nav/launch
copying launch/mapping_launch.py -> /root/ros2_src/install/hand_solo_virtual_nav/share/hand_solo_virtual_nav/launch
creating /root/ros2_src/install/hand_solo_virtual_nav/share/hand_solo_virtual_nav/config
copying config/pa_slam_params.yaml -> /root/ros2_src/install/hand_solo_virtual_nav/share/hand_solo_virtual_nav/config
creating /root/ros2_src/install/hand_solo_virtual_nav/share/hand_solo_virtual_nav/rviz
copying rviz/pa_rviz_mapping.rviz -> /root/ros2_src/install/hand_solo_virtual_nav/share/hand_solo_virtual_nav/rviz
running install_egg_info
Copying ../build/hand_solo_virtual_nav/hand_solo_virtual_nav.egg-info to /root/ros2_src/install/hand_solo_virtual_nav/lib/python3.10/site-packages/hand_solo_virtual_nav-0.0.0-py3.10.egg-info
running install_scripts
Installing hs_waypoint_follower script to /root/ros2_src/install/hand_solo_virtual_nav/lib/hand_solo_virtual_nav
writing list of installed files to '/root/ros2_src/build/hand_solo_virtual_nav/install.log'
