[0.774s] Invoking command in '/root/ros2_src/hand_solo_virtual_nav': PYTHONPATH=/root/ros2_src/build/hand_solo_virtual_nav/prefix_override:/usr/lib/python3/dist-packages/colcon_core/task/python/colcon_distutils_commands:/root/ros2_src/install/hand_solo_virtual_nav/lib/python3.10/site-packages:${PYTHONPATH} /usr/bin/python3 -W ignore:setup.py install is deprecated -W ignore:easy_install command is deprecated setup.py egg_info --egg-base ../build/hand_solo_virtual_nav build --build-base /root/ros2_src/build/hand_solo_virtual_nav/build install --record /root/ros2_src/build/hand_solo_virtual_nav/install.log --single-version-externally-managed install_data
[0.980s] running egg_info
[0.980s] creating ../build/hand_solo_virtual_nav/hand_solo_virtual_nav.egg-info
[0.981s] writing ../build/hand_solo_virtual_nav/hand_solo_virtual_nav.egg-info/PKG-INFO
[0.981s] writing dependency_links to ../build/hand_solo_virtual_nav/hand_solo_virtual_nav.egg-info/dependency_links.txt
[0.981s] writing entry points to ../build/hand_solo_virtual_nav/hand_solo_virtual_nav.egg-info/entry_points.txt
[0.981s] writing requirements to ../build/hand_solo_virtual_nav/hand_solo_virtual_nav.egg-info/requires.txt
[0.981s] writing top-level names to ../build/hand_solo_virtual_nav/hand_solo_virtual_nav.egg-info/top_level.txt
[0.981s] writing manifest file '../build/hand_solo_virtual_nav/hand_solo_virtual_nav.egg-info/SOURCES.txt'
[0.983s] reading manifest file '../build/hand_solo_virtual_nav/hand_solo_virtual_nav.egg-info/SOURCES.txt'
[0.983s] adding license file 'LICENSE'
[0.984s] writing manifest file '../build/hand_solo_virtual_nav/hand_solo_virtual_nav.egg-info/SOURCES.txt'
[0.984s] running build
[0.984s] running build_py
[0.984s] creating /root/ros2_src/build/hand_solo_virtual_nav/build
[0.984s] creating /root/ros2_src/build/hand_solo_virtual_nav/build/lib
[0.984s] creating /root/ros2_src/build/hand_solo_virtual_nav/build/lib/hand_solo_virtual_nav
[0.985s] copying hand_solo_virtual_nav/__init__.py -> /root/ros2_src/build/hand_solo_virtual_nav/build/lib/hand_solo_virtual_nav
[0.985s] copying hand_solo_virtual_nav/hs_waypoint_follower.py -> /root/ros2_src/build/hand_solo_virtual_nav/build/lib/hand_solo_virtual_nav
[0.985s] running install
[0.985s] running install_lib
[0.986s] creating /root/ros2_src/install/hand_solo_virtual_nav/lib/python3.10/site-packages/hand_solo_virtual_nav
[0.986s] copying /root/ros2_src/build/hand_solo_virtual_nav/build/lib/hand_solo_virtual_nav/__init__.py -> /root/ros2_src/install/hand_solo_virtual_nav/lib/python3.10/site-packages/hand_solo_virtual_nav
[0.986s] copying /root/ros2_src/build/hand_solo_virtual_nav/build/lib/hand_solo_virtual_nav/hs_waypoint_follower.py -> /root/ros2_src/install/hand_solo_virtual_nav/lib/python3.10/site-packages/hand_solo_virtual_nav
[0.987s] byte-compiling /root/ros2_src/install/hand_solo_virtual_nav/lib/python3.10/site-packages/hand_solo_virtual_nav/__init__.py to __init__.cpython-310.pyc
[0.987s] byte-compiling /root/ros2_src/install/hand_solo_virtual_nav/lib/python3.10/site-packages/hand_solo_virtual_nav/hs_waypoint_follower.py to hs_waypoint_follower.cpython-310.pyc
[0.987s] running install_data
[0.987s] creating /root/ros2_src/install/hand_solo_virtual_nav/share/ament_index
[0.987s] creating /root/ros2_src/install/hand_solo_virtual_nav/share/ament_index/resource_index
[0.987s] creating /root/ros2_src/install/hand_solo_virtual_nav/share/ament_index/resource_index/packages
[0.987s] copying resource/hand_solo_virtual_nav -> /root/ros2_src/install/hand_solo_virtual_nav/share/ament_index/resource_index/packages
[0.988s] copying package.xml -> /root/ros2_src/install/hand_solo_virtual_nav/share/hand_solo_virtual_nav
[0.988s] creating /root/ros2_src/install/hand_solo_virtual_nav/share/hand_solo_virtual_nav/launch
[0.988s] copying launch/mapping_launch.py -> /root/ros2_src/install/hand_solo_virtual_nav/share/hand_solo_virtual_nav/launch
[0.988s] creating /root/ros2_src/install/hand_solo_virtual_nav/share/hand_solo_virtual_nav/config
[0.988s] copying config/pa_slam_params.yaml -> /root/ros2_src/install/hand_solo_virtual_nav/share/hand_solo_virtual_nav/config
[0.988s] creating /root/ros2_src/install/hand_solo_virtual_nav/share/hand_solo_virtual_nav/rviz
[0.988s] copying rviz/pa_rviz_mapping.rviz -> /root/ros2_src/install/hand_solo_virtual_nav/share/hand_solo_virtual_nav/rviz
[0.988s] running install_egg_info
[0.990s] Copying ../build/hand_solo_virtual_nav/hand_solo_virtual_nav.egg-info to /root/ros2_src/install/hand_solo_virtual_nav/lib/python3.10/site-packages/hand_solo_virtual_nav-0.0.0-py3.10.egg-info
[0.991s] running install_scripts
[1.021s] Installing hs_waypoint_follower script to /root/ros2_src/install/hand_solo_virtual_nav/lib/hand_solo_virtual_nav
[1.022s] writing list of installed files to '/root/ros2_src/build/hand_solo_virtual_nav/install.log'
[1.080s] Invoked command in '/root/ros2_src/hand_solo_virtual_nav' returned '0': PYTHONPATH=/root/ros2_src/build/hand_solo_virtual_nav/prefix_override:/usr/lib/python3/dist-packages/colcon_core/task/python/colcon_distutils_commands:/root/ros2_src/install/hand_solo_virtual_nav/lib/python3.10/site-packages:${PYTHONPATH} /usr/bin/python3 -W ignore:setup.py install is deprecated -W ignore:easy_install command is deprecated setup.py egg_info --egg-base ../build/hand_solo_virtual_nav build --build-base /root/ros2_src/build/hand_solo_virtual_nav/build install --record /root/ros2_src/build/hand_solo_virtual_nav/install.log --single-version-externally-managed install_data
