[2.118s] Invoking command in '/IRS_Labs/hand_solo_arm': PYTHONPATH=/IRS_Labs/build/hand_solo_arm/prefix_override:/usr/lib/python3/dist-packages/colcon_core/task/python/colcon_distutils_commands:/IRS_Labs/install/hand_solo_arm/lib/python3.10/site-packages:${PYTHONPATH} /usr/bin/python3 -W ignore:setup.py install is deprecated -W ignore:easy_install command is deprecated setup.py egg_info --egg-base ../build/hand_solo_arm build --build-base /IRS_Labs/build/hand_solo_arm/build install --record /IRS_Labs/build/hand_solo_arm/install.log --single-version-externally-managed install_data
[2.518s] running egg_info
[2.520s] writing ../build/hand_solo_arm/hand_solo_arm.egg-info/PKG-INFO
[2.521s] writing dependency_links to ../build/hand_solo_arm/hand_solo_arm.egg-info/dependency_links.txt
[2.521s] writing entry points to ../build/hand_solo_arm/hand_solo_arm.egg-info/entry_points.txt
[2.521s] writing requirements to ../build/hand_solo_arm/hand_solo_arm.egg-info/requires.txt
[2.522s] writing top-level names to ../build/hand_solo_arm/hand_solo_arm.egg-info/top_level.txt
[2.527s] reading manifest file '../build/hand_solo_arm/hand_solo_arm.egg-info/SOURCES.txt'
[2.527s] adding license file 'LICENSE'
[2.529s] writing manifest file '../build/hand_solo_arm/hand_solo_arm.egg-info/SOURCES.txt'
[2.529s] running build
[2.530s] running build_py
[2.530s] running install
[2.531s] running install_lib
[2.534s] running install_data
[2.534s] running install_egg_info
[2.540s] removing '/IRS_Labs/install/hand_solo_arm/lib/python3.10/site-packages/hand_solo_arm-0.0.0-py3.10.egg-info' (and everything under it)
[2.540s] Copying ../build/hand_solo_arm/hand_solo_arm.egg-info to /IRS_Labs/install/hand_solo_arm/lib/python3.10/site-packages/hand_solo_arm-0.0.0-py3.10.egg-info
[2.544s] running install_scripts
[2.587s] Installing hs_pick_place script to /IRS_Labs/install/hand_solo_arm/lib/hand_solo_arm
[2.588s] writing list of installed files to '/IRS_Labs/build/hand_solo_arm/install.log'
[2.668s] Invoked command in '/IRS_Labs/hand_solo_arm' returned '0': PYTHONPATH=/IRS_Labs/build/hand_solo_arm/prefix_override:/usr/lib/python3/dist-packages/colcon_core/task/python/colcon_distutils_commands:/IRS_Labs/install/hand_solo_arm/lib/python3.10/site-packages:${PYTHONPATH} /usr/bin/python3 -W ignore:setup.py install is deprecated -W ignore:easy_install command is deprecated setup.py egg_info --egg-base ../build/hand_solo_arm build --build-base /IRS_Labs/build/hand_solo_arm/build install --record /IRS_Labs/build/hand_solo_arm/install.log --single-version-externally-managed install_data
