[2.111s] Invoking command in '/IRS_Labs/pa_warehouse_status': PYTHONPATH=/IRS_Labs/build/pa_warehouse_status/prefix_override:/usr/lib/python3/dist-packages/colcon_core/task/python/colcon_distutils_commands:/IRS_Labs/install/pa_warehouse_status/lib/python3.10/site-packages:${PYTHONPATH} /usr/bin/python3 -W ignore:setup.py install is deprecated -W ignore:easy_install command is deprecated setup.py egg_info --egg-base ../build/pa_warehouse_status build --build-base /IRS_Labs/build/pa_warehouse_status/build install --record /IRS_Labs/build/pa_warehouse_status/install.log --single-version-externally-managed install_data
[2.398s] running egg_info
[2.399s] writing ../build/pa_warehouse_status/pa_warehouse_status.egg-info/PKG-INFO
[2.399s] writing dependency_links to ../build/pa_warehouse_status/pa_warehouse_status.egg-info/dependency_links.txt
[2.399s] writing entry points to ../build/pa_warehouse_status/pa_warehouse_status.egg-info/entry_points.txt
[2.399s] writing requirements to ../build/pa_warehouse_status/pa_warehouse_status.egg-info/requires.txt
[2.400s] writing top-level names to ../build/pa_warehouse_status/pa_warehouse_status.egg-info/top_level.txt
[2.404s] reading manifest file '../build/pa_warehouse_status/pa_warehouse_status.egg-info/SOURCES.txt'
[2.405s] adding license file 'LICENSE'
[2.406s] writing manifest file '../build/pa_warehouse_status/pa_warehouse_status.egg-info/SOURCES.txt'
[2.408s] running build
[2.408s] running build_py
[2.409s] running install
[2.410s] running install_lib
[2.414s] running install_data
[2.414s] running install_egg_info
[2.417s] removing '/IRS_Labs/install/pa_warehouse_status/lib/python3.10/site-packages/pa_warehouse_status-0.0.0-py3.10.egg-info' (and everything under it)
[2.418s] Copying ../build/pa_warehouse_status/pa_warehouse_status.egg-info to /IRS_Labs/install/pa_warehouse_status/lib/python3.10/site-packages/pa_warehouse_status-0.0.0-py3.10.egg-info
[2.421s] running install_scripts
[2.469s] Installing pineapple_gossip_bot script to /IRS_Labs/install/pa_warehouse_status/lib/pa_warehouse_status
[2.470s] Installing plc_hmi_listener script to /IRS_Labs/install/pa_warehouse_status/lib/pa_warehouse_status
[2.470s] writing list of installed files to '/IRS_Labs/build/pa_warehouse_status/install.log'
[2.568s] Invoked command in '/IRS_Labs/pa_warehouse_status' returned '0': PYTHONPATH=/IRS_Labs/build/pa_warehouse_status/prefix_override:/usr/lib/python3/dist-packages/colcon_core/task/python/colcon_distutils_commands:/IRS_Labs/install/pa_warehouse_status/lib/python3.10/site-packages:${PYTHONPATH} /usr/bin/python3 -W ignore:setup.py install is deprecated -W ignore:easy_install command is deprecated setup.py egg_info --egg-base ../build/pa_warehouse_status build --build-base /IRS_Labs/build/pa_warehouse_status/build install --record /IRS_Labs/build/pa_warehouse_status/install.log --single-version-externally-managed install_data
