running egg_info
creating ../build/pineapple_box_sorter/pineapple_box_sorter.egg-info
writing ../build/pineapple_box_sorter/pineapple_box_sorter.egg-info/PKG-INFO
writing dependency_links to ../build/pineapple_box_sorter/pineapple_box_sorter.egg-info/dependency_links.txt
writing entry points to ../build/pineapple_box_sorter/pineapple_box_sorter.egg-info/entry_points.txt
writing requirements to ../build/pineapple_box_sorter/pineapple_box_sorter.egg-info/requires.txt
writing top-level names to ../build/pineapple_box_sorter/pineapple_box_sorter.egg-info/top_level.txt
writing manifest file '../build/pineapple_box_sorter/pineapple_box_sorter.egg-info/SOURCES.txt'
reading manifest file '../build/pineapple_box_sorter/pineapple_box_sorter.egg-info/SOURCES.txt'
adding license file 'LICENSE'
writing manifest file '../build/pineapple_box_sorter/pineapple_box_sorter.egg-info/SOURCES.txt'
running build
running build_py
creating /ros_ws/IRS_Labs/build/pineapple_box_sorter/build
creating /ros_ws/IRS_Labs/build/pineapple_box_sorter/build/lib
creating /ros_ws/IRS_Labs/build/pineapple_box_sorter/build/lib/pineapple_box_sorter
copying pineapple_box_sorter/__init__.py -> /ros_ws/IRS_Labs/build/pineapple_box_sorter/build/lib/pineapple_box_sorter
copying pineapple_box_sorter/box_sorter.py -> /ros_ws/IRS_Labs/build/pineapple_box_sorter/build/lib/pineapple_box_sorter
copying pineapple_box_sorter/hs_waypoint_follower.py -> /ros_ws/IRS_Labs/build/pineapple_box_sorter/build/lib/pineapple_box_sorter
running install
running install_lib
creating /ros_ws/IRS_Labs/install/pineapple_box_sorter/lib/python3.10/site-packages/pineapple_box_sorter
copying /ros_ws/IRS_Labs/build/pineapple_box_sorter/build/lib/pineapple_box_sorter/__init__.py -> /ros_ws/IRS_Labs/install/pineapple_box_sorter/lib/python3.10/site-packages/pineapple_box_sorter
copying /ros_ws/IRS_Labs/build/pineapple_box_sorter/build/lib/pineapple_box_sorter/box_sorter.py -> /ros_ws/IRS_Labs/install/pineapple_box_sorter/lib/python3.10/site-packages/pineapple_box_sorter
copying /ros_ws/IRS_Labs/build/pineapple_box_sorter/build/lib/pineapple_box_sorter/hs_waypoint_follower.py -> /ros_ws/IRS_Labs/install/pineapple_box_sorter/lib/python3.10/site-packages/pineapple_box_sorter
byte-compiling /ros_ws/IRS_Labs/install/pineapple_box_sorter/lib/python3.10/site-packages/pineapple_box_sorter/__init__.py to __init__.cpython-310.pyc
byte-compiling /ros_ws/IRS_Labs/install/pineapple_box_sorter/lib/python3.10/site-packages/pineapple_box_sorter/box_sorter.py to box_sorter.cpython-310.pyc
byte-compiling /ros_ws/IRS_Labs/install/pineapple_box_sorter/lib/python3.10/site-packages/pineapple_box_sorter/hs_waypoint_follower.py to hs_waypoint_follower.cpython-310.pyc
running install_data
creating /ros_ws/IRS_Labs/install/pineapple_box_sorter/share/ament_index
creating /ros_ws/IRS_Labs/install/pineapple_box_sorter/share/ament_index/resource_index
creating /ros_ws/IRS_Labs/install/pineapple_box_sorter/share/ament_index/resource_index/packages
copying resource/pineapple_box_sorter -> /ros_ws/IRS_Labs/install/pineapple_box_sorter/share/ament_index/resource_index/packages
copying package.xml -> /ros_ws/IRS_Labs/install/pineapple_box_sorter/share/pineapple_box_sorter
creating /ros_ws/IRS_Labs/install/pineapple_box_sorter/share/pineapple_box_sorter/launch
copying launch/nav_launch.py -> /ros_ws/IRS_Labs/install/pineapple_box_sorter/share/pineapple_box_sorter/launch
creating /ros_ws/IRS_Labs/install/pineapple_box_sorter/share/pineapple_box_sorter/config
copying config/pa_nav2_params.yaml -> /ros_ws/IRS_Labs/install/pineapple_box_sorter/share/pineapple_box_sorter/config
creating /ros_ws/IRS_Labs/install/pineapple_box_sorter/share/pineapple_box_sorter/rviz
copying rviz/pa_rviz_nav2.rviz -> /ros_ws/IRS_Labs/install/pineapple_box_sorter/share/pineapple_box_sorter/rviz
copying rviz/pa_rviz_mapping.rviz -> /ros_ws/IRS_Labs/install/pineapple_box_sorter/share/pineapple_box_sorter/rviz
creating /ros_ws/IRS_Labs/install/pineapple_box_sorter/share/pineapple_box_sorter/map
copying map/pa_warehouse_map_01.yaml -> /ros_ws/IRS_Labs/install/pineapple_box_sorter/share/pineapple_box_sorter/map
copying map/pa_warehouse_map_01.pgm -> /ros_ws/IRS_Labs/install/pineapple_box_sorter/share/pineapple_box_sorter/map
running install_egg_info
Copying ../build/pineapple_box_sorter/pineapple_box_sorter.egg-info to /ros_ws/IRS_Labs/install/pineapple_box_sorter/lib/python3.10/site-packages/pineapple_box_sorter-0.0.0-py3.10.egg-info
running install_scripts
Installing box_sorter script to /ros_ws/IRS_Labs/install/pineapple_box_sorter/lib/pineapple_box_sorter
Installing hs_waypoint_follower script to /ros_ws/IRS_Labs/install/pineapple_box_sorter/lib/pineapple_box_sorter
writing list of installed files to '/ros_ws/IRS_Labs/build/pineapple_box_sorter/install.log'
