[1.133s] Invoking command in '/ros_ws/IRS_Labs/pineapple_box_sorter': PYTHONPATH=/ros_ws/IRS_Labs/build/pineapple_box_sorter/prefix_override:/usr/lib/python3/dist-packages/colcon_core/task/python/colcon_distutils_commands:/ros_ws/IRS_Labs/install/pineapple_box_sorter/lib/python3.10/site-packages:${PYTHONPATH} /usr/bin/python3 -W ignore:setup.py install is deprecated -W ignore:easy_install command is deprecated setup.py egg_info --egg-base ../build/pineapple_box_sorter build --build-base /ros_ws/IRS_Labs/build/pineapple_box_sorter/build install --record /ros_ws/IRS_Labs/build/pineapple_box_sorter/install.log --single-version-externally-managed install_data
[1.512s] running egg_info
[1.514s] creating ../build/pineapple_box_sorter/pineapple_box_sorter.egg-info
[1.514s] writing ../build/pineapple_box_sorter/pineapple_box_sorter.egg-info/PKG-INFO
[1.514s] writing dependency_links to ../build/pineapple_box_sorter/pineapple_box_sorter.egg-info/dependency_links.txt
[1.515s] writing entry points to ../build/pineapple_box_sorter/pineapple_box_sorter.egg-info/entry_points.txt
[1.515s] writing requirements to ../build/pineapple_box_sorter/pineapple_box_sorter.egg-info/requires.txt
[1.515s] writing top-level names to ../build/pineapple_box_sorter/pineapple_box_sorter.egg-info/top_level.txt
[1.516s] writing manifest file '../build/pineapple_box_sorter/pineapple_box_sorter.egg-info/SOURCES.txt'
[1.518s] reading manifest file '../build/pineapple_box_sorter/pineapple_box_sorter.egg-info/SOURCES.txt'
[1.518s] adding license file 'LICENSE'
[1.519s] writing manifest file '../build/pineapple_box_sorter/pineapple_box_sorter.egg-info/SOURCES.txt'
[1.520s] running build
[1.520s] running build_py
[1.520s] creating /ros_ws/IRS_Labs/build/pineapple_box_sorter/build
[1.521s] creating /ros_ws/IRS_Labs/build/pineapple_box_sorter/build/lib
[1.521s] creating /ros_ws/IRS_Labs/build/pineapple_box_sorter/build/lib/pineapple_box_sorter
[1.521s] copying pineapple_box_sorter/__init__.py -> /ros_ws/IRS_Labs/build/pineapple_box_sorter/build/lib/pineapple_box_sorter
[1.522s] copying pineapple_box_sorter/box_sorter.py -> /ros_ws/IRS_Labs/build/pineapple_box_sorter/build/lib/pineapple_box_sorter
[1.522s] copying pineapple_box_sorter/hs_waypoint_follower.py -> /ros_ws/IRS_Labs/build/pineapple_box_sorter/build/lib/pineapple_box_sorter
[1.522s] running install
[1.522s] running install_lib
[1.524s] creating /ros_ws/IRS_Labs/install/pineapple_box_sorter/lib/python3.10/site-packages/pineapple_box_sorter
[1.524s] copying /ros_ws/IRS_Labs/build/pineapple_box_sorter/build/lib/pineapple_box_sorter/__init__.py -> /ros_ws/IRS_Labs/install/pineapple_box_sorter/lib/python3.10/site-packages/pineapple_box_sorter
[1.525s] copying /ros_ws/IRS_Labs/build/pineapple_box_sorter/build/lib/pineapple_box_sorter/box_sorter.py -> /ros_ws/IRS_Labs/install/pineapple_box_sorter/lib/python3.10/site-packages/pineapple_box_sorter
[1.525s] copying /ros_ws/IRS_Labs/build/pineapple_box_sorter/build/lib/pineapple_box_sorter/hs_waypoint_follower.py -> /ros_ws/IRS_Labs/install/pineapple_box_sorter/lib/python3.10/site-packages/pineapple_box_sorter
[1.526s] byte-compiling /ros_ws/IRS_Labs/install/pineapple_box_sorter/lib/python3.10/site-packages/pineapple_box_sorter/__init__.py to __init__.cpython-310.pyc
[1.527s] byte-compiling /ros_ws/IRS_Labs/install/pineapple_box_sorter/lib/python3.10/site-packages/pineapple_box_sorter/box_sorter.py to box_sorter.cpython-310.pyc
[1.529s] byte-compiling /ros_ws/IRS_Labs/install/pineapple_box_sorter/lib/python3.10/site-packages/pineapple_box_sorter/hs_waypoint_follower.py to hs_waypoint_follower.cpython-310.pyc
[1.532s] running install_data
[1.533s] creating /ros_ws/IRS_Labs/install/pineapple_box_sorter/share/ament_index
[1.533s] creating /ros_ws/IRS_Labs/install/pineapple_box_sorter/share/ament_index/resource_index
[1.534s] creating /ros_ws/IRS_Labs/install/pineapple_box_sorter/share/ament_index/resource_index/packages
[1.534s] copying resource/pineapple_box_sorter -> /ros_ws/IRS_Labs/install/pineapple_box_sorter/share/ament_index/resource_index/packages
[1.534s] copying package.xml -> /ros_ws/IRS_Labs/install/pineapple_box_sorter/share/pineapple_box_sorter
[1.535s] creating /ros_ws/IRS_Labs/install/pineapple_box_sorter/share/pineapple_box_sorter/launch
[1.535s] copying launch/nav_launch.py -> /ros_ws/IRS_Labs/install/pineapple_box_sorter/share/pineapple_box_sorter/launch
[1.535s] creating /ros_ws/IRS_Labs/install/pineapple_box_sorter/share/pineapple_box_sorter/config
[1.535s] copying config/pa_nav2_params.yaml -> /ros_ws/IRS_Labs/install/pineapple_box_sorter/share/pineapple_box_sorter/config
[1.536s] creating /ros_ws/IRS_Labs/install/pineapple_box_sorter/share/pineapple_box_sorter/rviz
[1.536s] copying rviz/pa_rviz_nav2.rviz -> /ros_ws/IRS_Labs/install/pineapple_box_sorter/share/pineapple_box_sorter/rviz
[1.536s] copying rviz/pa_rviz_mapping.rviz -> /ros_ws/IRS_Labs/install/pineapple_box_sorter/share/pineapple_box_sorter/rviz
[1.536s] creating /ros_ws/IRS_Labs/install/pineapple_box_sorter/share/pineapple_box_sorter/map
[1.537s] copying map/pa_warehouse_map_01.yaml -> /ros_ws/IRS_Labs/install/pineapple_box_sorter/share/pineapple_box_sorter/map
[1.537s] copying map/pa_warehouse_map_01.pgm -> /ros_ws/IRS_Labs/install/pineapple_box_sorter/share/pineapple_box_sorter/map
[1.540s] running install_egg_info
[1.545s] Copying ../build/pineapple_box_sorter/pineapple_box_sorter.egg-info to /ros_ws/IRS_Labs/install/pineapple_box_sorter/lib/python3.10/site-packages/pineapple_box_sorter-0.0.0-py3.10.egg-info
[1.546s] running install_scripts
[1.590s] Installing box_sorter script to /ros_ws/IRS_Labs/install/pineapple_box_sorter/lib/pineapple_box_sorter
[1.590s] Installing hs_waypoint_follower script to /ros_ws/IRS_Labs/install/pineapple_box_sorter/lib/pineapple_box_sorter
[1.591s] writing list of installed files to '/ros_ws/IRS_Labs/build/pineapple_box_sorter/install.log'
[1.660s] Invoked command in '/ros_ws/IRS_Labs/pineapple_box_sorter' returned '0': PYTHONPATH=/ros_ws/IRS_Labs/build/pineapple_box_sorter/prefix_override:/usr/lib/python3/dist-packages/colcon_core/task/python/colcon_distutils_commands:/ros_ws/IRS_Labs/install/pineapple_box_sorter/lib/python3.10/site-packages:${PYTHONPATH} /usr/bin/python3 -W ignore:setup.py install is deprecated -W ignore:easy_install command is deprecated setup.py egg_info --egg-base ../build/pineapple_box_sorter build --build-base /ros_ws/IRS_Labs/build/pineapple_box_sorter/build install --record /ros_ws/IRS_Labs/build/pineapple_box_sorter/install.log --single-version-externally-managed install_data
