[2.870s] Invoking command in '/IRS_Labs/pa_warehouse_status': PYTHONPATH=/IRS_Labs/build/pa_warehouse_status/prefix_override:/usr/lib/python3/dist-packages/colcon_core/task/python/colcon_distutils_commands:/IRS_Labs/install/pa_warehouse_status/lib/python3.10/site-packages:${PYTHONPATH} /usr/bin/python3 -W ignore:setup.py install is deprecated -W ignore:easy_install command is deprecated setup.py egg_info --egg-base ../build/pa_warehouse_status build --build-base /IRS_Labs/build/pa_warehouse_status/build install --record /IRS_Labs/build/pa_warehouse_status/install.log --single-version-externally-managed install_data
[3.360s] running egg_info
[3.361s] writing ../build/pa_warehouse_status/pa_warehouse_status.egg-info/PKG-INFO
[3.362s] writing dependency_links to ../build/pa_warehouse_status/pa_warehouse_status.egg-info/dependency_links.txt
[3.362s] writing entry points to ../build/pa_warehouse_status/pa_warehouse_status.egg-info/entry_points.txt
[3.363s] writing requirements to ../build/pa_warehouse_status/pa_warehouse_status.egg-info/requires.txt
[3.363s] writing top-level names to ../build/pa_warehouse_status/pa_warehouse_status.egg-info/top_level.txt
[3.370s] reading manifest file '../build/pa_warehouse_status/pa_warehouse_status.egg-info/SOURCES.txt'
[3.370s] adding license file 'LICENSE'
[3.371s] writing manifest file '../build/pa_warehouse_status/pa_warehouse_status.egg-info/SOURCES.txt'
[3.371s] running build
[3.371s] running build_py
[3.372s] running install
[3.372s] running install_lib
[3.377s] running install_data
[3.378s] running install_egg_info
[3.383s] removing '/IRS_Labs/install/pa_warehouse_status/lib/python3.10/site-packages/pa_warehouse_status-0.0.0-py3.10.egg-info' (and everything under it)
[3.383s] Copying ../build/pa_warehouse_status/pa_warehouse_status.egg-info to /IRS_Labs/install/pa_warehouse_status/lib/python3.10/site-packages/pa_warehouse_status-0.0.0-py3.10.egg-info
[3.385s] running install_scripts
[3.441s] Installing pineapple_gossip_bot script to /IRS_Labs/install/pa_warehouse_status/lib/pa_warehouse_status
[3.441s] Installing plc_hmi_listener script to /IRS_Labs/install/pa_warehouse_status/lib/pa_warehouse_status
[3.444s] writing list of installed files to '/IRS_Labs/build/pa_warehouse_status/install.log'
[3.498s] Invoked command in '/IRS_Labs/pa_warehouse_status' returned '0': PYTHONPATH=/IRS_Labs/build/pa_warehouse_status/prefix_override:/usr/lib/python3/dist-packages/colcon_core/task/python/colcon_distutils_commands:/IRS_Labs/install/pa_warehouse_status/lib/python3.10/site-packages:${PYTHONPATH} /usr/bin/python3 -W ignore:setup.py install is deprecated -W ignore:easy_install command is deprecated setup.py egg_info --egg-base ../build/pa_warehouse_status build --build-base /IRS_Labs/build/pa_warehouse_status/build install --record /IRS_Labs/build/pa_warehouse_status/install.log --single-version-externally-managed install_data
