[0.213s] DEBUG:colcon:Command line arguments: ['/usr/bin/colcon', 'build', '--packages-select', 'pineapple_box_sorter/']
[0.213s] DEBUG:colcon:Parsed command line arguments: Namespace(log_base=None, log_level=None, verb_name='build', build_base='build', install_base='install', merge_install=False, symlink_install=False, test_result_base=None, continue_on_error=False, executor='parallel', parallel_workers=16, event_handlers=None, ignore_user_meta=False, metas=['./colcon.meta'], base_paths=['.'], packages_ignore=None, packages_ignore_regex=None, paths=None, packages_up_to=None, packages_up_to_regex=None, packages_above=None, packages_above_and_dependencies=None, packages_above_depth=None, packages_select_by_dep=None, packages_skip_by_dep=None, packages_skip_up_to=None, packages_select_build_failed=False, packages_skip_build_finished=False, packages_select_test_failures=False, packages_skip_test_passed=False, packages_select=['pineapple_box_sorter/'], packages_skip=None, packages_select_regex=None, packages_skip_regex=None, packages_start=None, packages_end=None, cmake_args=None, cmake_target=None, cmake_target_skip_unavailable=False, cmake_clean_cache=False, cmake_clean_first=False, cmake_force_configure=False, ament_cmake_args=None, catkin_cmake_args=None, catkin_skip_building_tests=False, mixin_files=None, mixin=None, verb_parser=<colcon_mixin.mixin.mixin_argument.MixinArgumentDecorator object at 0x7604944db3a0>, verb_extension=<colcon_core.verb.build.BuildVerb object at 0x7604944da5f0>, main=<bound method BuildVerb.main of <colcon_core.verb.build.BuildVerb object at 0x7604944da5f0>>, mixin_verb=('build',))
[0.405s] Level 1:colcon.colcon_core.package_discovery:discover_packages(colcon_meta) check parameters
[0.406s] INFO:colcon.colcon_metadata.package_discovery.colcon_meta:Using configuration from '/root/.colcon/metadata/default/Gazebo.meta'
[0.407s] INFO:colcon.colcon_metadata.package_discovery.colcon_meta:Using configuration from '/root/.colcon/metadata/default/fastdds.meta'
[0.408s] INFO:colcon.colcon_metadata.package_discovery.colcon_meta:Using configuration from '/root/.colcon/metadata/default/fastrtps.meta'
[0.408s] Level 1:colcon.colcon_core.package_discovery:discover_packages(recursive) check parameters
[0.408s] Level 1:colcon.colcon_core.package_discovery:discover_packages(ignore) check parameters
[0.408s] Level 1:colcon.colcon_core.package_discovery:discover_packages(path) check parameters
[0.408s] Level 1:colcon.colcon_core.package_discovery:discover_packages(colcon_meta) discover
[0.408s] Level 1:colcon.colcon_core.package_discovery:discover_packages(recursive) discover
[0.408s] INFO:colcon.colcon_core.package_discovery:Crawling recursively for packages in '/IRS_Labs'
[0.408s] Level 1:colcon.colcon_core.package_identification:_identify(.) by extensions ['ignore', 'ignore_ament_install']
[0.408s] Level 1:colcon.colcon_core.package_identification:_identify(.) by extension 'ignore'
[0.408s] Level 1:colcon.colcon_core.package_identification:_identify(.) by extension 'ignore_ament_install'
[0.408s] Level 1:colcon.colcon_core.package_identification:_identify(.) by extensions ['colcon_pkg']
[0.408s] Level 1:colcon.colcon_core.package_identification:_identify(.) by extension 'colcon_pkg'
[0.408s] Level 1:colcon.colcon_core.package_identification:_identify(.) by extensions ['colcon_meta']
[0.409s] Level 1:colcon.colcon_core.package_identification:_identify(.) by extension 'colcon_meta'
[0.409s] Level 1:colcon.colcon_core.package_identification:_identify(.) by extensions ['ros']
[0.409s] Level 1:colcon.colcon_core.package_identification:_identify(.) by extension 'ros'
[0.428s] Level 1:colcon.colcon_core.package_identification:_identify(.) by extensions ['cmake', 'python']
[0.429s] Level 1:colcon.colcon_core.package_identification:_identify(.) by extension 'cmake'
[0.429s] Level 1:colcon.colcon_core.package_identification:_identify(.) by extension 'python'
[0.429s] Level 1:colcon.colcon_core.package_identification:_identify(.) by extensions ['python_setup_py']
[0.429s] Level 1:colcon.colcon_core.package_identification:_identify(.) by extension 'python_setup_py'
[0.429s] Level 1:colcon.colcon_core.package_identification:_identify(build) by extensions ['ignore', 'ignore_ament_install']
[0.430s] Level 1:colcon.colcon_core.package_identification:_identify(build) by extension 'ignore'
[0.430s] Level 1:colcon.colcon_core.package_identification:_identify(build) ignored
[0.430s] Level 1:colcon.colcon_core.package_identification:_identify(hand_solo_arm) by extensions ['ignore', 'ignore_ament_install']
[0.430s] Level 1:colcon.colcon_core.package_identification:_identify(hand_solo_arm) by extension 'ignore'
[0.430s] Level 1:colcon.colcon_core.package_identification:_identify(hand_solo_arm) by extension 'ignore_ament_install'
[0.430s] Level 1:colcon.colcon_core.package_identification:_identify(hand_solo_arm) by extensions ['colcon_pkg']
[0.430s] Level 1:colcon.colcon_core.package_identification:_identify(hand_solo_arm) by extension 'colcon_pkg'
[0.431s] Level 1:colcon.colcon_core.package_identification:_identify(hand_solo_arm) by extensions ['colcon_meta']
[0.431s] Level 1:colcon.colcon_core.package_identification:_identify(hand_solo_arm) by extension 'colcon_meta'
[0.431s] Level 1:colcon.colcon_core.package_identification:_identify(hand_solo_arm) by extensions ['ros']
[0.431s] Level 1:colcon.colcon_core.package_identification:_identify(hand_solo_arm) by extension 'ros'
[0.438s] DEBUG:colcon.colcon_core.package_identification:Package 'hand_solo_arm' with type 'ros.ament_python' and name 'hand_solo_arm'
[0.439s] Level 1:colcon.colcon_core.package_identification:_identify(hand_solo_virtual_nav) by extensions ['ignore', 'ignore_ament_install']
[0.439s] Level 1:colcon.colcon_core.package_identification:_identify(hand_solo_virtual_nav) by extension 'ignore'
[0.440s] Level 1:colcon.colcon_core.package_identification:_identify(hand_solo_virtual_nav) by extension 'ignore_ament_install'
[0.440s] Level 1:colcon.colcon_core.package_identification:_identify(hand_solo_virtual_nav) by extensions ['colcon_pkg']
[0.440s] Level 1:colcon.colcon_core.package_identification:_identify(hand_solo_virtual_nav) by extension 'colcon_pkg'
[0.440s] Level 1:colcon.colcon_core.package_identification:_identify(hand_solo_virtual_nav) by extensions ['colcon_meta']
[0.440s] Level 1:colcon.colcon_core.package_identification:_identify(hand_solo_virtual_nav) by extension 'colcon_meta'
[0.440s] Level 1:colcon.colcon_core.package_identification:_identify(hand_solo_virtual_nav) by extensions ['ros']
[0.440s] Level 1:colcon.colcon_core.package_identification:_identify(hand_solo_virtual_nav) by extension 'ros'
[0.441s] DEBUG:colcon.colcon_core.package_identification:Package 'hand_solo_virtual_nav' with type 'ros.ament_python' and name 'hand_solo_virtual_nav'
[0.442s] Level 1:colcon.colcon_core.package_identification:_identify(install) by extensions ['ignore', 'ignore_ament_install']
[0.442s] Level 1:colcon.colcon_core.package_identification:_identify(install) by extension 'ignore'
[0.442s] Level 1:colcon.colcon_core.package_identification:_identify(install) ignored
[0.442s] Level 1:colcon.colcon_core.package_identification:_identify(log) by extensions ['ignore', 'ignore_ament_install']
[0.442s] Level 1:colcon.colcon_core.package_identification:_identify(log) by extension 'ignore'
[0.442s] Level 1:colcon.colcon_core.package_identification:_identify(log) ignored
[0.443s] Level 1:colcon.colcon_core.package_identification:_identify(maps) by extensions ['ignore', 'ignore_ament_install']
[0.443s] Level 1:colcon.colcon_core.package_identification:_identify(maps) by extension 'ignore'
[0.443s] Level 1:colcon.colcon_core.package_identification:_identify(maps) by extension 'ignore_ament_install'
[0.443s] Level 1:colcon.colcon_core.package_identification:_identify(maps) by extensions ['colcon_pkg']
[0.443s] Level 1:colcon.colcon_core.package_identification:_identify(maps) by extension 'colcon_pkg'
[0.443s] Level 1:colcon.colcon_core.package_identification:_identify(maps) by extensions ['colcon_meta']
[0.443s] Level 1:colcon.colcon_core.package_identification:_identify(maps) by extension 'colcon_meta'
[0.443s] Level 1:colcon.colcon_core.package_identification:_identify(maps) by extensions ['ros']
[0.443s] Level 1:colcon.colcon_core.package_identification:_identify(maps) by extension 'ros'
[0.443s] Level 1:colcon.colcon_core.package_identification:_identify(maps) by extensions ['cmake', 'python']
[0.443s] Level 1:colcon.colcon_core.package_identification:_identify(maps) by extension 'cmake'
[0.443s] Level 1:colcon.colcon_core.package_identification:_identify(maps) by extension 'python'
[0.443s] Level 1:colcon.colcon_core.package_identification:_identify(maps) by extensions ['python_setup_py']
[0.443s] Level 1:colcon.colcon_core.package_identification:_identify(maps) by extension 'python_setup_py'
[0.444s] Level 1:colcon.colcon_core.package_identification:_identify(maps/pa_warehouse_map_01) by extensions ['ignore', 'ignore_ament_install']
[0.444s] Level 1:colcon.colcon_core.package_identification:_identify(maps/pa_warehouse_map_01) by extension 'ignore'
[0.444s] Level 1:colcon.colcon_core.package_identification:_identify(maps/pa_warehouse_map_01) by extension 'ignore_ament_install'
[0.444s] Level 1:colcon.colcon_core.package_identification:_identify(maps/pa_warehouse_map_01) by extensions ['colcon_pkg']
[0.444s] Level 1:colcon.colcon_core.package_identification:_identify(maps/pa_warehouse_map_01) by extension 'colcon_pkg'
[0.444s] Level 1:colcon.colcon_core.package_identification:_identify(maps/pa_warehouse_map_01) by extensions ['colcon_meta']
[0.444s] Level 1:colcon.colcon_core.package_identification:_identify(maps/pa_warehouse_map_01) by extension 'colcon_meta'
[0.444s] Level 1:colcon.colcon_core.package_identification:_identify(maps/pa_warehouse_map_01) by extensions ['ros']
[0.444s] Level 1:colcon.colcon_core.package_identification:_identify(maps/pa_warehouse_map_01) by extension 'ros'
[0.444s] Level 1:colcon.colcon_core.package_identification:_identify(maps/pa_warehouse_map_01) by extensions ['cmake', 'python']
[0.444s] Level 1:colcon.colcon_core.package_identification:_identify(maps/pa_warehouse_map_01) by extension 'cmake'
[0.444s] Level 1:colcon.colcon_core.package_identification:_identify(maps/pa_warehouse_map_01) by extension 'python'
[0.444s] Level 1:colcon.colcon_core.package_identification:_identify(maps/pa_warehouse_map_01) by extensions ['python_setup_py']
[0.444s] Level 1:colcon.colcon_core.package_identification:_identify(maps/pa_warehouse_map_01) by extension 'python_setup_py'
[0.444s] Level 1:colcon.colcon_core.package_identification:_identify(pa_warehouse_status) by extensions ['ignore', 'ignore_ament_install']
[0.444s] Level 1:colcon.colcon_core.package_identification:_identify(pa_warehouse_status) by extension 'ignore'
[0.445s] Level 1:colcon.colcon_core.package_identification:_identify(pa_warehouse_status) by extension 'ignore_ament_install'
[0.445s] Level 1:colcon.colcon_core.package_identification:_identify(pa_warehouse_status) by extensions ['colcon_pkg']
[0.445s] Level 1:colcon.colcon_core.package_identification:_identify(pa_warehouse_status) by extension 'colcon_pkg'
[0.445s] Level 1:colcon.colcon_core.package_identification:_identify(pa_warehouse_status) by extensions ['colcon_meta']
[0.445s] Level 1:colcon.colcon_core.package_identification:_identify(pa_warehouse_status) by extension 'colcon_meta'
[0.445s] Level 1:colcon.colcon_core.package_identification:_identify(pa_warehouse_status) by extensions ['ros']
[0.445s] Level 1:colcon.colcon_core.package_identification:_identify(pa_warehouse_status) by extension 'ros'
[0.446s] DEBUG:colcon.colcon_core.package_identification:Package 'pa_warehouse_status' with type 'ros.ament_python' and name 'pa_warehouse_status'
[0.446s] Level 1:colcon.colcon_core.package_identification:_identify(pineapple_box_sorter) by extensions ['ignore', 'ignore_ament_install']
[0.446s] Level 1:colcon.colcon_core.package_identification:_identify(pineapple_box_sorter) by extension 'ignore'
[0.446s] Level 1:colcon.colcon_core.package_identification:_identify(pineapple_box_sorter) by extension 'ignore_ament_install'
[0.446s] Level 1:colcon.colcon_core.package_identification:_identify(pineapple_box_sorter) by extensions ['colcon_pkg']
[0.446s] Level 1:colcon.colcon_core.package_identification:_identify(pineapple_box_sorter) by extension 'colcon_pkg'
[0.446s] Level 1:colcon.colcon_core.package_identification:_identify(pineapple_box_sorter) by extensions ['colcon_meta']
[0.446s] Level 1:colcon.colcon_core.package_identification:_identify(pineapple_box_sorter) by extension 'colcon_meta'
[0.446s] Level 1:colcon.colcon_core.package_identification:_identify(pineapple_box_sorter) by extensions ['ros']
[0.446s] Level 1:colcon.colcon_core.package_identification:_identify(pineapple_box_sorter) by extension 'ros'
[0.450s] DEBUG:colcon.colcon_core.package_identification:Package 'pineapple_box_sorter' with type 'ros.ament_python' and name 'pineapple_box_sorter'
[0.450s] Level 1:colcon.colcon_core.package_discovery:discover_packages(recursive) using defaults
[0.450s] Level 1:colcon.colcon_core.package_discovery:discover_packages(ignore) discover
[0.450s] Level 1:colcon.colcon_core.package_discovery:discover_packages(ignore) using defaults
[0.450s] Level 1:colcon.colcon_core.package_discovery:discover_packages(path) discover
[0.450s] Level 1:colcon.colcon_core.package_discovery:discover_packages(path) using defaults
[0.450s] WARNING:colcon.colcon_core.package_selection:ignoring unknown package 'pineapple_box_sorter/' in --packages-select
[0.489s] INFO:colcon.colcon_core.package_selection:Skipping not selected package 'hand_solo_arm' in 'hand_solo_arm'
[0.490s] INFO:colcon.colcon_core.package_selection:Skipping not selected package 'hand_solo_virtual_nav' in 'hand_solo_virtual_nav'
[0.490s] INFO:colcon.colcon_core.package_selection:Skipping not selected package 'pa_warehouse_status' in 'pa_warehouse_status'
[0.490s] INFO:colcon.colcon_core.package_selection:Skipping not selected package 'pineapple_box_sorter' in 'pineapple_box_sorter'
[0.490s] INFO:colcon.colcon_core.executor:Executing jobs using 'parallel' executor
[0.493s] DEBUG:colcon.colcon_parallel_executor.executor.parallel:run_until_complete
[0.494s] DEBUG:colcon.colcon_parallel_executor.executor.parallel:closing loop
[0.494s] DEBUG:colcon.colcon_parallel_executor.executor.parallel:loop closed
[0.494s] DEBUG:colcon.colcon_parallel_executor.executor.parallel:run_until_complete finished with '0'
[0.494s] DEBUG:colcon.colcon_core.event_reactor:joining thread
[0.511s] INFO:colcon.colcon_core.plugin_system:Skipping extension 'colcon_notification.desktop_notification.notify_send': Could not find 'notify-send'
[0.511s] INFO:colcon.colcon_core.plugin_system:Skipping extension 'colcon_notification.desktop_notification.terminal_notifier': Not used on non-Darwin systems
[0.511s] INFO:colcon.colcon_core.plugin_system:Skipping extension 'colcon_notification.desktop_notification.win32': Not used on non-Windows systems
[0.511s] INFO:colcon.colcon_notification.desktop_notification:Sending desktop notification using 'notify2'
[0.517s] DEBUG:colcon.colcon_notification.desktop_notification.notify2:Failed to initialize notify2: org.freedesktop.DBus.Error.Spawn.ExecFailed: /usr/bin/dbus-launch terminated abnormally without any error message
[0.518s] DEBUG:colcon.colcon_core.event_reactor:joined thread
[0.525s] INFO:colcon.colcon_core.plugin_system:Skipping extension 'colcon_core.shell.bat': Not used on non-Windows systems
[0.526s] INFO:colcon.colcon_core.shell:Creating prefix script '/IRS_Labs/install/local_setup.ps1'
[0.528s] INFO:colcon.colcon_core.shell:Creating prefix util module '/IRS_Labs/install/_local_setup_util_ps1.py'
[0.532s] INFO:colcon.colcon_core.shell:Creating prefix chain script '/IRS_Labs/install/setup.ps1'
[0.540s] INFO:colcon.colcon_core.shell:Creating prefix script '/IRS_Labs/install/local_setup.sh'
[0.541s] INFO:colcon.colcon_core.shell:Creating prefix util module '/IRS_Labs/install/_local_setup_util_sh.py'
[0.543s] INFO:colcon.colcon_core.shell:Creating prefix chain script '/IRS_Labs/install/setup.sh'
[0.545s] INFO:colcon.colcon_core.shell:Creating prefix script '/IRS_Labs/install/local_setup.bash'
[0.546s] INFO:colcon.colcon_core.shell:Creating prefix chain script '/IRS_Labs/install/setup.bash'
[0.549s] INFO:colcon.colcon_core.shell:Creating prefix script '/IRS_Labs/install/local_setup.zsh'
[0.550s] INFO:colcon.colcon_core.shell:Creating prefix chain script '/IRS_Labs/install/setup.zsh'
