running egg_info
writing ../build/hand_solo_arm/hand_solo_arm.egg-info/PKG-INFO
writing dependency_links to ../build/hand_solo_arm/hand_solo_arm.egg-info/dependency_links.txt
writing entry points to ../build/hand_solo_arm/hand_solo_arm.egg-info/entry_points.txt
writing requirements to ../build/hand_solo_arm/hand_solo_arm.egg-info/requires.txt
writing top-level names to ../build/hand_solo_arm/hand_solo_arm.egg-info/top_level.txt
reading manifest file '../build/hand_solo_arm/hand_solo_arm.egg-info/SOURCES.txt'
adding license file 'LICENSE'
writing manifest file '../build/hand_solo_arm/hand_solo_arm.egg-info/SOURCES.txt'
running build
running build_py
copying hand_solo_arm/hs_pick_place.py -> /IRS_Labs/build/hand_solo_arm/build/lib/hand_solo_arm
running install
running install_lib
copying /IRS_Labs/build/hand_solo_arm/build/lib/hand_solo_arm/hs_pick_place.py -> /IRS_Labs/install/hand_solo_arm/lib/python3.10/site-packages/hand_solo_arm
byte-compiling /IRS_Labs/install/hand_solo_arm/lib/python3.10/site-packages/hand_solo_arm/hs_pick_place.py to hs_pick_place.cpython-310.pyc
running install_data
running install_egg_info
removing '/IRS_Labs/install/hand_solo_arm/lib/python3.10/site-packages/hand_solo_arm-0.0.0-py3.10.egg-info' (and everything under it)
Copying ../build/hand_solo_arm/hand_solo_arm.egg-info to /IRS_Labs/install/hand_solo_arm/lib/python3.10/site-packages/hand_solo_arm-0.0.0-py3.10.egg-info
running install_scripts
Installing hs_pick_place script to /IRS_Labs/install/hand_solo_arm/lib/hand_solo_arm
writing list of installed files to '/IRS_Labs/build/hand_solo_arm/install.log'
