[8.319s] Invoking command in '/IRS_Labs/hand_solo_arm': PYTHONPATH=/IRS_Labs/build/hand_solo_arm/prefix_override:/usr/lib/python3/dist-packages/colcon_core/task/python/colcon_distutils_commands:/IRS_Labs/install/hand_solo_arm/lib/python3.10/site-packages:${PYTHONPATH} /usr/bin/python3 -W ignore:setup.py install is deprecated -W ignore:easy_install command is deprecated setup.py egg_info --egg-base ../build/hand_solo_arm build --build-base /IRS_Labs/build/hand_solo_arm/build install --record /IRS_Labs/build/hand_solo_arm/install.log --single-version-externally-managed install_data
[9.852s] running egg_info
[9.856s] writing ../build/hand_solo_arm/hand_solo_arm.egg-info/PKG-INFO
[9.857s] writing dependency_links to ../build/hand_solo_arm/hand_solo_arm.egg-info/dependency_links.txt
[9.859s] writing entry points to ../build/hand_solo_arm/hand_solo_arm.egg-info/entry_points.txt
[9.861s] writing requirements to ../build/hand_solo_arm/hand_solo_arm.egg-info/requires.txt
[9.861s] writing top-level names to ../build/hand_solo_arm/hand_solo_arm.egg-info/top_level.txt
[9.869s] reading manifest file '../build/hand_solo_arm/hand_solo_arm.egg-info/SOURCES.txt'
[9.871s] adding license file 'LICENSE'
[9.873s] writing manifest file '../build/hand_solo_arm/hand_solo_arm.egg-info/SOURCES.txt'
[9.875s] running build
[9.876s] running build_py
[9.877s] running install
[9.878s] running install_lib
[9.888s] running install_data
[9.890s] running install_egg_info
[9.907s] removing '/IRS_Labs/install/hand_solo_arm/lib/python3.10/site-packages/hand_solo_arm-0.0.0-py3.10.egg-info' (and everything under it)
[9.911s] Copying ../build/hand_solo_arm/hand_solo_arm.egg-info to /IRS_Labs/install/hand_solo_arm/lib/python3.10/site-packages/hand_solo_arm-0.0.0-py3.10.egg-info
[9.923s] running install_scripts
[10.139s] Installing hs_pick_place script to /IRS_Labs/install/hand_solo_arm/lib/hand_solo_arm
[10.145s] writing list of installed files to '/IRS_Labs/build/hand_solo_arm/install.log'
[10.314s] Invoked command in '/IRS_Labs/hand_solo_arm' returned '0': PYTHONPATH=/IRS_Labs/build/hand_solo_arm/prefix_override:/usr/lib/python3/dist-packages/colcon_core/task/python/colcon_distutils_commands:/IRS_Labs/install/hand_solo_arm/lib/python3.10/site-packages:${PYTHONPATH} /usr/bin/python3 -W ignore:setup.py install is deprecated -W ignore:easy_install command is deprecated setup.py egg_info --egg-base ../build/hand_solo_arm build --build-base /IRS_Labs/build/hand_solo_arm/build install --record /IRS_Labs/build/hand_solo_arm/install.log --single-version-externally-managed install_data
