[0.785s] Invoking command in '/IRS_Labs/pineapple_box_sorter': PYTHONPATH=/IRS_Labs/build/pineapple_box_sorter/prefix_override:/usr/lib/python3/dist-packages/colcon_core/task/python/colcon_distutils_commands:/IRS_Labs/install/pineapple_box_sorter/lib/python3.10/site-packages:${PYTHONPATH} /usr/bin/python3 -W ignore:setup.py install is deprecated -W ignore:easy_install command is deprecated setup.py egg_info --egg-base ../build/pineapple_box_sorter build --build-base /IRS_Labs/build/pineapple_box_sorter/build install --record /IRS_Labs/build/pineapple_box_sorter/install.log --single-version-externally-managed install_data
[1.052s] running egg_info
[1.053s] writing ../build/pineapple_box_sorter/pineapple_box_sorter.egg-info/PKG-INFO
[1.053s] writing dependency_links to ../build/pineapple_box_sorter/pineapple_box_sorter.egg-info/dependency_links.txt
[1.053s] writing entry points to ../build/pineapple_box_sorter/pineapple_box_sorter.egg-info/entry_points.txt
[1.053s] writing requirements to ../build/pineapple_box_sorter/pineapple_box_sorter.egg-info/requires.txt
[1.053s] writing top-level names to ../build/pineapple_box_sorter/pineapple_box_sorter.egg-info/top_level.txt
[1.057s] reading manifest file '../build/pineapple_box_sorter/pineapple_box_sorter.egg-info/SOURCES.txt'
[1.057s] adding license file 'LICENSE'
[1.058s] writing manifest file '../build/pineapple_box_sorter/pineapple_box_sorter.egg-info/SOURCES.txt'
[1.059s] running build
[1.059s] running build_py
[1.060s] running install
[1.060s] running install_lib
[1.062s] running install_data
[1.062s] copying launch/nav_launch.py -> /IRS_Labs/install/pineapple_box_sorter/share/pineapple_box_sorter/launch
[1.062s] copying map/pa_warehouse_map_02.data -> /IRS_Labs/install/pineapple_box_sorter/share/pineapple_box_sorter/map
[1.069s] copying map/pa_warehouse_map_02.posegraph -> /IRS_Labs/install/pineapple_box_sorter/share/pineapple_box_sorter/map
[1.083s] running install_egg_info
[1.085s] removing '/IRS_Labs/install/pineapple_box_sorter/lib/python3.10/site-packages/pineapple_box_sorter-0.0.0-py3.10.egg-info' (and everything under it)
[1.085s] Copying ../build/pineapple_box_sorter/pineapple_box_sorter.egg-info to /IRS_Labs/install/pineapple_box_sorter/lib/python3.10/site-packages/pineapple_box_sorter-0.0.0-py3.10.egg-info
[1.086s] running install_scripts
[1.120s] Installing box_sorter script to /IRS_Labs/install/pineapple_box_sorter/lib/pineapple_box_sorter
[1.120s] Installing global_localizer script to /IRS_Labs/install/pineapple_box_sorter/lib/pineapple_box_sorter
[1.120s] Installing hs_waypoint_follower script to /IRS_Labs/install/pineapple_box_sorter/lib/pineapple_box_sorter
[1.121s] writing list of installed files to '/IRS_Labs/build/pineapple_box_sorter/install.log'
[1.181s] Invoked command in '/IRS_Labs/pineapple_box_sorter' returned '0': PYTHONPATH=/IRS_Labs/build/pineapple_box_sorter/prefix_override:/usr/lib/python3/dist-packages/colcon_core/task/python/colcon_distutils_commands:/IRS_Labs/install/pineapple_box_sorter/lib/python3.10/site-packages:${PYTHONPATH} /usr/bin/python3 -W ignore:setup.py install is deprecated -W ignore:easy_install command is deprecated setup.py egg_info --egg-base ../build/pineapple_box_sorter build --build-base /IRS_Labs/build/pineapple_box_sorter/build install --record /IRS_Labs/build/pineapple_box_sorter/install.log --single-version-externally-managed install_data
