[8.245s] Invoking command in '/IRS_Labs/hand_solo_virtual_nav': PYTHONPATH=/IRS_Labs/build/hand_solo_virtual_nav/prefix_override:/usr/lib/python3/dist-packages/colcon_core/task/python/colcon_distutils_commands:/IRS_Labs/install/hand_solo_virtual_nav/lib/python3.10/site-packages:${PYTHONPATH} /usr/bin/python3 -W ignore:setup.py install is deprecated -W ignore:easy_install command is deprecated setup.py egg_info --egg-base ../build/hand_solo_virtual_nav build --build-base /IRS_Labs/build/hand_solo_virtual_nav/build install --record /IRS_Labs/build/hand_solo_virtual_nav/install.log --single-version-externally-managed install_data
[9.650s] running egg_info
[9.655s] writing ../build/hand_solo_virtual_nav/hand_solo_virtual_nav.egg-info/PKG-INFO
[9.656s] writing dependency_links to ../build/hand_solo_virtual_nav/hand_solo_virtual_nav.egg-info/dependency_links.txt
[9.657s] writing entry points to ../build/hand_solo_virtual_nav/hand_solo_virtual_nav.egg-info/entry_points.txt
[9.657s] writing requirements to ../build/hand_solo_virtual_nav/hand_solo_virtual_nav.egg-info/requires.txt
[9.658s] writing top-level names to ../build/hand_solo_virtual_nav/hand_solo_virtual_nav.egg-info/top_level.txt
[9.666s] reading manifest file '../build/hand_solo_virtual_nav/hand_solo_virtual_nav.egg-info/SOURCES.txt'
[9.667s] adding license file 'LICENSE'
[9.671s] writing manifest file '../build/hand_solo_virtual_nav/hand_solo_virtual_nav.egg-info/SOURCES.txt'
[9.672s] running build
[9.672s] running build_py
[9.674s] running install
[9.676s] running install_lib
[9.682s] running install_data
[9.684s] running install_egg_info
[9.695s] removing '/IRS_Labs/install/hand_solo_virtual_nav/lib/python3.10/site-packages/hand_solo_virtual_nav-0.0.0-py3.10.egg-info' (and everything under it)
[9.696s] Copying ../build/hand_solo_virtual_nav/hand_solo_virtual_nav.egg-info to /IRS_Labs/install/hand_solo_virtual_nav/lib/python3.10/site-packages/hand_solo_virtual_nav-0.0.0-py3.10.egg-info
[9.702s] running install_scripts
[9.829s] Installing hs_waypoint_follower script to /IRS_Labs/install/hand_solo_virtual_nav/lib/hand_solo_virtual_nav
[9.833s] writing list of installed files to '/IRS_Labs/build/hand_solo_virtual_nav/install.log'
[10.080s] Invoked command in '/IRS_Labs/hand_solo_virtual_nav' returned '0': PYTHONPATH=/IRS_Labs/build/hand_solo_virtual_nav/prefix_override:/usr/lib/python3/dist-packages/colcon_core/task/python/colcon_distutils_commands:/IRS_Labs/install/hand_solo_virtual_nav/lib/python3.10/site-packages:${PYTHONPATH} /usr/bin/python3 -W ignore:setup.py install is deprecated -W ignore:easy_install command is deprecated setup.py egg_info --egg-base ../build/hand_solo_virtual_nav build --build-base /IRS_Labs/build/hand_solo_virtual_nav/build install --record /IRS_Labs/build/hand_solo_virtual_nav/install.log --single-version-externally-managed install_data
