[3.328s] Invoking command in '/IRS_Labs/pineapple_box_sorter': PYTHONPATH=/IRS_Labs/build/pineapple_box_sorter/prefix_override:/usr/lib/python3/dist-packages/colcon_core/task/python/colcon_distutils_commands:/IRS_Labs/install/pineapple_box_sorter/lib/python3.10/site-packages:${PYTHONPATH} /usr/bin/python3 -W ignore:setup.py install is deprecated -W ignore:easy_install command is deprecated setup.py egg_info --egg-base ../build/pineapple_box_sorter build --build-base /IRS_Labs/build/pineapple_box_sorter/build install --record /IRS_Labs/build/pineapple_box_sorter/install.log --single-version-externally-managed install_data
[4.033s] running egg_info
[4.036s] writing ../build/pineapple_box_sorter/pineapple_box_sorter.egg-info/PKG-INFO
[4.037s] writing dependency_links to ../build/pineapple_box_sorter/pineapple_box_sorter.egg-info/dependency_links.txt
[4.038s] writing entry points to ../build/pineapple_box_sorter/pineapple_box_sorter.egg-info/entry_points.txt
[4.039s] writing requirements to ../build/pineapple_box_sorter/pineapple_box_sorter.egg-info/requires.txt
[4.039s] writing top-level names to ../build/pineapple_box_sorter/pineapple_box_sorter.egg-info/top_level.txt
[4.046s] reading manifest file '../build/pineapple_box_sorter/pineapple_box_sorter.egg-info/SOURCES.txt'
[4.047s] adding license file 'LICENSE'
[4.049s] writing manifest file '../build/pineapple_box_sorter/pineapple_box_sorter.egg-info/SOURCES.txt'
[4.049s] running build
[4.049s] running build_py
[4.051s] copying pineapple_box_sorter/hs_waypoint_follower.py -> /IRS_Labs/build/pineapple_box_sorter/build/lib/pineapple_box_sorter
[4.052s] running install
[4.053s] running install_lib
[4.055s] copying /IRS_Labs/build/pineapple_box_sorter/build/lib/pineapple_box_sorter/hs_waypoint_follower.py -> /IRS_Labs/install/pineapple_box_sorter/lib/python3.10/site-packages/pineapple_box_sorter
[4.057s] byte-compiling /IRS_Labs/install/pineapple_box_sorter/lib/python3.10/site-packages/pineapple_box_sorter/hs_waypoint_follower.py to hs_waypoint_follower.cpython-310.pyc
[4.059s] running install_data
[4.060s] copying rviz/pa_rviz_nav2.rviz -> /IRS_Labs/install/pineapple_box_sorter/share/pineapple_box_sorter/rviz
[4.060s] copying rviz/pa_rviz_mapping.rviz -> /IRS_Labs/install/pineapple_box_sorter/share/pineapple_box_sorter/rviz
[4.060s] running install_egg_info
[4.067s] removing '/IRS_Labs/install/pineapple_box_sorter/lib/python3.10/site-packages/pineapple_box_sorter-0.0.0-py3.10.egg-info' (and everything under it)
[4.068s] Copying ../build/pineapple_box_sorter/pineapple_box_sorter.egg-info to /IRS_Labs/install/pineapple_box_sorter/lib/python3.10/site-packages/pineapple_box_sorter-0.0.0-py3.10.egg-info
[4.072s] running install_scripts
[4.126s] Installing box_sorter script to /IRS_Labs/install/pineapple_box_sorter/lib/pineapple_box_sorter
[4.126s] Installing global_localizer script to /IRS_Labs/install/pineapple_box_sorter/lib/pineapple_box_sorter
[4.127s] Installing hs_waypoint_follower script to /IRS_Labs/install/pineapple_box_sorter/lib/pineapple_box_sorter
[4.129s] writing list of installed files to '/IRS_Labs/build/pineapple_box_sorter/install.log'
[4.221s] Invoked command in '/IRS_Labs/pineapple_box_sorter' returned '0': PYTHONPATH=/IRS_Labs/build/pineapple_box_sorter/prefix_override:/usr/lib/python3/dist-packages/colcon_core/task/python/colcon_distutils_commands:/IRS_Labs/install/pineapple_box_sorter/lib/python3.10/site-packages:${PYTHONPATH} /usr/bin/python3 -W ignore:setup.py install is deprecated -W ignore:easy_install command is deprecated setup.py egg_info --egg-base ../build/pineapple_box_sorter build --build-base /IRS_Labs/build/pineapple_box_sorter/build install --record /IRS_Labs/build/pineapple_box_sorter/install.log --single-version-externally-managed install_data
