[0.970s] Invoking command in '/root/ros2_src/pa_warehouse_status': PYTHONPATH=/root/ros2_src/build/pa_warehouse_status/prefix_override:/usr/lib/python3/dist-packages/colcon_core/task/python/colcon_distutils_commands:/root/ros2_src/install/pa_warehouse_status/lib/python3.10/site-packages:${PYTHONPATH} /usr/bin/python3 -W ignore:setup.py install is deprecated -W ignore:easy_install command is deprecated setup.py egg_info --egg-base ../build/pa_warehouse_status build --build-base /root/ros2_src/build/pa_warehouse_status/build install --record /root/ros2_src/build/pa_warehouse_status/install.log --single-version-externally-managed install_data
[1.322s] running egg_info
[1.323s] writing ../build/pa_warehouse_status/pa_warehouse_status.egg-info/PKG-INFO
[1.323s] writing dependency_links to ../build/pa_warehouse_status/pa_warehouse_status.egg-info/dependency_links.txt
[1.324s] writing entry points to ../build/pa_warehouse_status/pa_warehouse_status.egg-info/entry_points.txt
[1.324s] writing requirements to ../build/pa_warehouse_status/pa_warehouse_status.egg-info/requires.txt
[1.324s] writing top-level names to ../build/pa_warehouse_status/pa_warehouse_status.egg-info/top_level.txt
[1.327s] reading manifest file '../build/pa_warehouse_status/pa_warehouse_status.egg-info/SOURCES.txt'
[1.327s] adding license file 'LICENSE'
[1.328s] writing manifest file '../build/pa_warehouse_status/pa_warehouse_status.egg-info/SOURCES.txt'
[1.329s] running build
[1.329s] running build_py
[1.329s] copying pa_warehouse_status/pineapple_gossip_bot.py -> /root/ros2_src/build/pa_warehouse_status/build/lib/pa_warehouse_status
[1.330s] running install
[1.330s] running install_lib
[1.331s] copying /root/ros2_src/build/pa_warehouse_status/build/lib/pa_warehouse_status/pineapple_gossip_bot.py -> /root/ros2_src/install/pa_warehouse_status/lib/python3.10/site-packages/pa_warehouse_status
[1.333s] byte-compiling /root/ros2_src/install/pa_warehouse_status/lib/python3.10/site-packages/pa_warehouse_status/pineapple_gossip_bot.py to pineapple_gossip_bot.cpython-310.pyc
[1.334s] running install_data
[1.334s] running install_egg_info
[1.340s] removing '/root/ros2_src/install/pa_warehouse_status/lib/python3.10/site-packages/pa_warehouse_status-0.0.0-py3.10.egg-info' (and everything under it)
[1.340s] Copying ../build/pa_warehouse_status/pa_warehouse_status.egg-info to /root/ros2_src/install/pa_warehouse_status/lib/python3.10/site-packages/pa_warehouse_status-0.0.0-py3.10.egg-info
[1.342s] running install_scripts
[1.381s] Installing pineapple_gossip_bot script to /root/ros2_src/install/pa_warehouse_status/lib/pa_warehouse_status
[1.382s] writing list of installed files to '/root/ros2_src/build/pa_warehouse_status/install.log'
[1.438s] Invoked command in '/root/ros2_src/pa_warehouse_status' returned '0': PYTHONPATH=/root/ros2_src/build/pa_warehouse_status/prefix_override:/usr/lib/python3/dist-packages/colcon_core/task/python/colcon_distutils_commands:/root/ros2_src/install/pa_warehouse_status/lib/python3.10/site-packages:${PYTHONPATH} /usr/bin/python3 -W ignore:setup.py install is deprecated -W ignore:easy_install command is deprecated setup.py egg_info --egg-base ../build/pa_warehouse_status build --build-base /root/ros2_src/build/pa_warehouse_status/build install --record /root/ros2_src/build/pa_warehouse_status/install.log --single-version-externally-managed install_data
