/IRS_Labs/install/pineapple_box_sorter/lib/python3.10/site-packages/pineapple_box_sorter/__init__.py
/IRS_Labs/install/pineapple_box_sorter/lib/python3.10/site-packages/pineapple_box_sorter/global_localizer.py
/IRS_Labs/install/pineapple_box_sorter/lib/python3.10/site-packages/pineapple_box_sorter/box_sorter.py
/IRS_Labs/install/pineapple_box_sorter/lib/python3.10/site-packages/pineapple_box_sorter/hs_waypoint_follower.py
/IRS_Labs/install/pineapple_box_sorter/lib/python3.10/site-packages/pineapple_box_sorter/__pycache__/__init__.cpython-310.pyc
/IRS_Labs/install/pineapple_box_sorter/lib/python3.10/site-packages/pineapple_box_sorter/__pycache__/global_localizer.cpython-310.pyc
/IRS_Labs/install/pineapple_box_sorter/lib/python3.10/site-packages/pineapple_box_sorter/__pycache__/box_sorter.cpython-310.pyc
/IRS_Labs/install/pineapple_box_sorter/lib/python3.10/site-packages/pineapple_box_sorter/__pycache__/hs_waypoint_follower.cpython-310.pyc
/IRS_Labs/install/pineapple_box_sorter/share/ament_index/resource_index/packages/pineapple_box_sorter
/IRS_Labs/install/pineapple_box_sorter/share/pineapple_box_sorter/package.xml
/IRS_Labs/install/pineapple_box_sorter/share/pineapple_box_sorter/launch/nav_launch.py
/IRS_Labs/install/pineapple_box_sorter/share/pineapple_box_sorter/config/pa_nav2_params.yaml
/IRS_Labs/install/pineapple_box_sorter/share/pineapple_box_sorter/rviz/pa_rviz_nav2.rviz
/IRS_Labs/install/pineapple_box_sorter/share/pineapple_box_sorter/rviz/pa_rviz_mapping.rviz
/IRS_Labs/install/pineapple_box_sorter/share/pineapple_box_sorter/map/pa_warehouse_map_01.yaml
/IRS_Labs/install/pineapple_box_sorter/share/pineapple_box_sorter/map/pa_warehouse_map_02.data
/IRS_Labs/install/pineapple_box_sorter/share/pineapple_box_sorter/map/pa_warehouse_map_02.posegraph
/IRS_Labs/install/pineapple_box_sorter/share/pineapple_box_sorter/map/pa_warehouse_map_01.pgm
/IRS_Labs/install/pineapple_box_sorter/lib/python3.10/site-packages/pineapple_box_sorter-0.0.0-py3.10.egg-info/top_level.txt
/IRS_Labs/install/pineapple_box_sorter/lib/python3.10/site-packages/pineapple_box_sorter-0.0.0-py3.10.egg-info/PKG-INFO
/IRS_Labs/install/pineapple_box_sorter/lib/python3.10/site-packages/pineapple_box_sorter-0.0.0-py3.10.egg-info/entry_points.txt
/IRS_Labs/install/pineapple_box_sorter/lib/python3.10/site-packages/pineapple_box_sorter-0.0.0-py3.10.egg-info/requires.txt
/IRS_Labs/install/pineapple_box_sorter/lib/python3.10/site-packages/pineapple_box_sorter-0.0.0-py3.10.egg-info/dependency_links.txt
/IRS_Labs/install/pineapple_box_sorter/lib/python3.10/site-packages/pineapple_box_sorter-0.0.0-py3.10.egg-info/zip-safe
/IRS_Labs/install/pineapple_box_sorter/lib/python3.10/site-packages/pineapple_box_sorter-0.0.0-py3.10.egg-info/SOURCES.txt
/IRS_Labs/install/pineapple_box_sorter/lib/pineapple_box_sorter/box_sorter
/IRS_Labs/install/pineapple_box_sorter/lib/pineapple_box_sorter/global_localizer
/IRS_Labs/install/pineapple_box_sorter/lib/pineapple_box_sorter/hs_waypoint_follower
