/ros_ws/IRS_Labs/install/hand_solo_virtual_nav/lib/python3.10/site-packages/hand_solo_virtual_nav/__init__.py
/ros_ws/IRS_Labs/install/hand_solo_virtual_nav/lib/python3.10/site-packages/hand_solo_virtual_nav/hs_waypoint_follower.py
/ros_ws/IRS_Labs/install/hand_solo_virtual_nav/lib/python3.10/site-packages/hand_solo_virtual_nav/__pycache__/__init__.cpython-310.pyc
/ros_ws/IRS_Labs/install/hand_solo_virtual_nav/lib/python3.10/site-packages/hand_solo_virtual_nav/__pycache__/hs_waypoint_follower.cpython-310.pyc
/ros_ws/IRS_Labs/install/hand_solo_virtual_nav/share/ament_index/resource_index/packages/hand_solo_virtual_nav
/ros_ws/IRS_Labs/install/hand_solo_virtual_nav/share/hand_solo_virtual_nav/package.xml
/ros_ws/IRS_Labs/install/hand_solo_virtual_nav/share/hand_solo_virtual_nav/launch/nav_launch.py
/ros_ws/IRS_Labs/install/hand_solo_virtual_nav/share/hand_solo_virtual_nav/launch/mapping_launch.py
/ros_ws/IRS_Labs/install/hand_solo_virtual_nav/share/hand_solo_virtual_nav/config/pa_nav2_params.yaml
/ros_ws/IRS_Labs/install/hand_solo_virtual_nav/share/hand_solo_virtual_nav/config/pa_slam_params.yaml
/ros_ws/IRS_Labs/install/hand_solo_virtual_nav/share/hand_solo_virtual_nav/rviz/pa_rviz_nav2.rviz
/ros_ws/IRS_Labs/install/hand_solo_virtual_nav/share/hand_solo_virtual_nav/rviz/pa_rviz_mapping.rviz
/ros_ws/IRS_Labs/install/hand_solo_virtual_nav/share/hand_solo_virtual_nav/map/pa_warehouse_map_01.yaml
/ros_ws/IRS_Labs/install/hand_solo_virtual_nav/share/hand_solo_virtual_nav/map/pa_warehouse_map_01.pgm
/ros_ws/IRS_Labs/install/hand_solo_virtual_nav/lib/python3.10/site-packages/hand_solo_virtual_nav-0.0.0-py3.10.egg-info/top_level.txt
/ros_ws/IRS_Labs/install/hand_solo_virtual_nav/lib/python3.10/site-packages/hand_solo_virtual_nav-0.0.0-py3.10.egg-info/PKG-INFO
/ros_ws/IRS_Labs/install/hand_solo_virtual_nav/lib/python3.10/site-packages/hand_solo_virtual_nav-0.0.0-py3.10.egg-info/entry_points.txt
/ros_ws/IRS_Labs/install/hand_solo_virtual_nav/lib/python3.10/site-packages/hand_solo_virtual_nav-0.0.0-py3.10.egg-info/requires.txt
/ros_ws/IRS_Labs/install/hand_solo_virtual_nav/lib/python3.10/site-packages/hand_solo_virtual_nav-0.0.0-py3.10.egg-info/dependency_links.txt
/ros_ws/IRS_Labs/install/hand_solo_virtual_nav/lib/python3.10/site-packages/hand_solo_virtual_nav-0.0.0-py3.10.egg-info/zip-safe
/ros_ws/IRS_Labs/install/hand_solo_virtual_nav/lib/python3.10/site-packages/hand_solo_virtual_nav-0.0.0-py3.10.egg-info/SOURCES.txt
/ros_ws/IRS_Labs/install/hand_solo_virtual_nav/lib/hand_solo_virtual_nav/hs_waypoint_follower
