running egg_info
writing ../build/hand_solo_virtual_nav/hand_solo_virtual_nav.egg-info/PKG-INFO
writing dependency_links to ../build/hand_solo_virtual_nav/hand_solo_virtual_nav.egg-info/dependency_links.txt
writing entry points to ../build/hand_solo_virtual_nav/hand_solo_virtual_nav.egg-info/entry_points.txt
writing requirements to ../build/hand_solo_virtual_nav/hand_solo_virtual_nav.egg-info/requires.txt
writing top-level names to ../build/hand_solo_virtual_nav/hand_solo_virtual_nav.egg-info/top_level.txt
reading manifest file '../build/hand_solo_virtual_nav/hand_solo_virtual_nav.egg-info/SOURCES.txt'
adding license file 'LICENSE'
writing manifest file '../build/hand_solo_virtual_nav/hand_solo_virtual_nav.egg-info/SOURCES.txt'
running build
running build_py
running install
running install_lib
running install_data
copying launch/nav_launch.py -> /root/ros2_src/install/hand_solo_virtual_nav/share/hand_solo_virtual_nav/launch
copying config/pa_nav2_params.yaml -> /root/ros2_src/install/hand_solo_virtual_nav/share/hand_solo_virtual_nav/config
copying map/pa_warehouse_map_01.yaml -> /root/ros2_src/install/hand_solo_virtual_nav/share/hand_solo_virtual_nav/map
copying map/pa_warehouse_map_01.pgm -> /root/ros2_src/install/hand_solo_virtual_nav/share/hand_solo_virtual_nav/map
running install_egg_info
removing '/root/ros2_src/install/hand_solo_virtual_nav/lib/python3.10/site-packages/hand_solo_virtual_nav-0.0.0-py3.10.egg-info' (and everything under it)
Copying ../build/hand_solo_virtual_nav/hand_solo_virtual_nav.egg-info to /root/ros2_src/install/hand_solo_virtual_nav/lib/python3.10/site-packages/hand_solo_virtual_nav-0.0.0-py3.10.egg-info
running install_scripts
Installing hs_waypoint_follower script to /root/ros2_src/install/hand_solo_virtual_nav/lib/hand_solo_virtual_nav
writing list of installed files to '/root/ros2_src/build/hand_solo_virtual_nav/install.log'
