[0.857s] Invoking command in '/root/ros2_src/hand_solo_virtual_nav': PYTHONPATH=/root/ros2_src/build/hand_solo_virtual_nav/prefix_override:/usr/lib/python3/dist-packages/colcon_core/task/python/colcon_distutils_commands:/root/ros2_src/install/hand_solo_virtual_nav/lib/python3.10/site-packages:${PYTHONPATH} /usr/bin/python3 -W ignore:setup.py install is deprecated -W ignore:easy_install command is deprecated setup.py egg_info --egg-base ../build/hand_solo_virtual_nav build --build-base /root/ros2_src/build/hand_solo_virtual_nav/build install --record /root/ros2_src/build/hand_solo_virtual_nav/install.log --single-version-externally-managed install_data
[1.125s] running egg_info
[1.126s] writing ../build/hand_solo_virtual_nav/hand_solo_virtual_nav.egg-info/PKG-INFO
[1.126s] writing dependency_links to ../build/hand_solo_virtual_nav/hand_solo_virtual_nav.egg-info/dependency_links.txt
[1.126s] writing entry points to ../build/hand_solo_virtual_nav/hand_solo_virtual_nav.egg-info/entry_points.txt
[1.127s] writing requirements to ../build/hand_solo_virtual_nav/hand_solo_virtual_nav.egg-info/requires.txt
[1.127s] writing top-level names to ../build/hand_solo_virtual_nav/hand_solo_virtual_nav.egg-info/top_level.txt
[1.130s] reading manifest file '../build/hand_solo_virtual_nav/hand_solo_virtual_nav.egg-info/SOURCES.txt'
[1.130s] adding license file 'LICENSE'
[1.131s] writing manifest file '../build/hand_solo_virtual_nav/hand_solo_virtual_nav.egg-info/SOURCES.txt'
[1.131s] running build
[1.131s] running build_py
[1.132s] running install
[1.133s] running install_lib
[1.134s] running install_data
[1.135s] copying launch/nav_launch.py -> /root/ros2_src/install/hand_solo_virtual_nav/share/hand_solo_virtual_nav/launch
[1.135s] copying config/pa_nav2_params.yaml -> /root/ros2_src/install/hand_solo_virtual_nav/share/hand_solo_virtual_nav/config
[1.135s] copying map/pa_warehouse_map_01.yaml -> /root/ros2_src/install/hand_solo_virtual_nav/share/hand_solo_virtual_nav/map
[1.135s] copying map/pa_warehouse_map_01.pgm -> /root/ros2_src/install/hand_solo_virtual_nav/share/hand_solo_virtual_nav/map
[1.136s] running install_egg_info
[1.140s] removing '/root/ros2_src/install/hand_solo_virtual_nav/lib/python3.10/site-packages/hand_solo_virtual_nav-0.0.0-py3.10.egg-info' (and everything under it)
[1.140s] Copying ../build/hand_solo_virtual_nav/hand_solo_virtual_nav.egg-info to /root/ros2_src/install/hand_solo_virtual_nav/lib/python3.10/site-packages/hand_solo_virtual_nav-0.0.0-py3.10.egg-info
[1.142s] running install_scripts
[1.178s] Installing hs_waypoint_follower script to /root/ros2_src/install/hand_solo_virtual_nav/lib/hand_solo_virtual_nav
[1.179s] writing list of installed files to '/root/ros2_src/build/hand_solo_virtual_nav/install.log'
[1.240s] Invoked command in '/root/ros2_src/hand_solo_virtual_nav' returned '0': PYTHONPATH=/root/ros2_src/build/hand_solo_virtual_nav/prefix_override:/usr/lib/python3/dist-packages/colcon_core/task/python/colcon_distutils_commands:/root/ros2_src/install/hand_solo_virtual_nav/lib/python3.10/site-packages:${PYTHONPATH} /usr/bin/python3 -W ignore:setup.py install is deprecated -W ignore:easy_install command is deprecated setup.py egg_info --egg-base ../build/hand_solo_virtual_nav build --build-base /root/ros2_src/build/hand_solo_virtual_nav/build install --record /root/ros2_src/build/hand_solo_virtual_nav/install.log --single-version-externally-managed install_data
