[0.817s] Invoking command in '/root/ros2_src/hand_solo_virtual_nav': PYTHONPATH=/root/ros2_src/build/hand_solo_virtual_nav/prefix_override:/usr/lib/python3/dist-packages/colcon_core/task/python/colcon_distutils_commands:/root/ros2_src/install/hand_solo_virtual_nav/lib/python3.10/site-packages:${PYTHONPATH} /usr/bin/python3 -W ignore:setup.py install is deprecated -W ignore:easy_install command is deprecated setup.py egg_info --egg-base ../build/hand_solo_virtual_nav build --build-base /root/ros2_src/build/hand_solo_virtual_nav/build install --record /root/ros2_src/build/hand_solo_virtual_nav/install.log --single-version-externally-managed install_data
[1.063s] running egg_info
[1.065s] writing ../build/hand_solo_virtual_nav/hand_solo_virtual_nav.egg-info/PKG-INFO
[1.066s] writing dependency_links to ../build/hand_solo_virtual_nav/hand_solo_virtual_nav.egg-info/dependency_links.txt
[1.066s] writing entry points to ../build/hand_solo_virtual_nav/hand_solo_virtual_nav.egg-info/entry_points.txt
[1.066s] writing requirements to ../build/hand_solo_virtual_nav/hand_solo_virtual_nav.egg-info/requires.txt
[1.066s] writing top-level names to ../build/hand_solo_virtual_nav/hand_solo_virtual_nav.egg-info/top_level.txt
[1.069s] reading manifest file '../build/hand_solo_virtual_nav/hand_solo_virtual_nav.egg-info/SOURCES.txt'
[1.069s] adding license file 'LICENSE'
[1.070s] writing manifest file '../build/hand_solo_virtual_nav/hand_solo_virtual_nav.egg-info/SOURCES.txt'
[1.070s] running build
[1.070s] running build_py
[1.070s] copying hand_solo_virtual_nav/hs_waypoint_follower.py -> /root/ros2_src/build/hand_solo_virtual_nav/build/lib/hand_solo_virtual_nav
[1.071s] running install
[1.071s] running install_lib
[1.072s] copying /root/ros2_src/build/hand_solo_virtual_nav/build/lib/hand_solo_virtual_nav/hs_waypoint_follower.py -> /root/ros2_src/install/hand_solo_virtual_nav/lib/python3.10/site-packages/hand_solo_virtual_nav
[1.073s] byte-compiling /root/ros2_src/install/hand_solo_virtual_nav/lib/python3.10/site-packages/hand_solo_virtual_nav/hs_waypoint_follower.py to hs_waypoint_follower.cpython-310.pyc
[1.074s] running install_data
[1.074s] running install_egg_info
[1.078s] removing '/root/ros2_src/install/hand_solo_virtual_nav/lib/python3.10/site-packages/hand_solo_virtual_nav-0.0.0-py3.10.egg-info' (and everything under it)
[1.078s] Copying ../build/hand_solo_virtual_nav/hand_solo_virtual_nav.egg-info to /root/ros2_src/install/hand_solo_virtual_nav/lib/python3.10/site-packages/hand_solo_virtual_nav-0.0.0-py3.10.egg-info
[1.080s] running install_scripts
[1.107s] Installing hs_waypoint_follower script to /root/ros2_src/install/hand_solo_virtual_nav/lib/hand_solo_virtual_nav
[1.107s] writing list of installed files to '/root/ros2_src/build/hand_solo_virtual_nav/install.log'
[1.174s] Invoked command in '/root/ros2_src/hand_solo_virtual_nav' returned '0': PYTHONPATH=/root/ros2_src/build/hand_solo_virtual_nav/prefix_override:/usr/lib/python3/dist-packages/colcon_core/task/python/colcon_distutils_commands:/root/ros2_src/install/hand_solo_virtual_nav/lib/python3.10/site-packages:${PYTHONPATH} /usr/bin/python3 -W ignore:setup.py install is deprecated -W ignore:easy_install command is deprecated setup.py egg_info --egg-base ../build/hand_solo_virtual_nav build --build-base /root/ros2_src/build/hand_solo_virtual_nav/build install --record /root/ros2_src/build/hand_solo_virtual_nav/install.log --single-version-externally-managed install_data
