[2.117s] Invoking command in '/IRS_Labs/hand_solo_virtual_nav': PYTHONPATH=/IRS_Labs/build/hand_solo_virtual_nav/prefix_override:/usr/lib/python3/dist-packages/colcon_core/task/python/colcon_distutils_commands:/IRS_Labs/install/hand_solo_virtual_nav/lib/python3.10/site-packages:${PYTHONPATH} /usr/bin/python3 -W ignore:setup.py install is deprecated -W ignore:easy_install command is deprecated setup.py egg_info --egg-base ../build/hand_solo_virtual_nav build --build-base /IRS_Labs/build/hand_solo_virtual_nav/build install --record /IRS_Labs/build/hand_solo_virtual_nav/install.log --single-version-externally-managed install_data
[2.402s] running egg_info
[2.403s] writing ../build/hand_solo_virtual_nav/hand_solo_virtual_nav.egg-info/PKG-INFO
[2.411s] writing dependency_links to ../build/hand_solo_virtual_nav/hand_solo_virtual_nav.egg-info/dependency_links.txt
[2.411s] writing entry points to ../build/hand_solo_virtual_nav/hand_solo_virtual_nav.egg-info/entry_points.txt
[2.411s] writing requirements to ../build/hand_solo_virtual_nav/hand_solo_virtual_nav.egg-info/requires.txt
[2.411s] writing top-level names to ../build/hand_solo_virtual_nav/hand_solo_virtual_nav.egg-info/top_level.txt
[2.415s] reading manifest file '../build/hand_solo_virtual_nav/hand_solo_virtual_nav.egg-info/SOURCES.txt'
[2.415s] adding license file 'LICENSE'
[2.417s] writing manifest file '../build/hand_solo_virtual_nav/hand_solo_virtual_nav.egg-info/SOURCES.txt'
[2.418s] running build
[2.418s] running build_py
[2.419s] running install
[2.420s] running install_lib
[2.424s] running install_data
[2.424s] running install_egg_info
[2.428s] removing '/IRS_Labs/install/hand_solo_virtual_nav/lib/python3.10/site-packages/hand_solo_virtual_nav-0.0.0-py3.10.egg-info' (and everything under it)
[2.429s] Copying ../build/hand_solo_virtual_nav/hand_solo_virtual_nav.egg-info to /IRS_Labs/install/hand_solo_virtual_nav/lib/python3.10/site-packages/hand_solo_virtual_nav-0.0.0-py3.10.egg-info
[2.431s] running install_scripts
[2.483s] Installing hs_waypoint_follower script to /IRS_Labs/install/hand_solo_virtual_nav/lib/hand_solo_virtual_nav
[2.483s] writing list of installed files to '/IRS_Labs/build/hand_solo_virtual_nav/install.log'
[2.608s] Invoked command in '/IRS_Labs/hand_solo_virtual_nav' returned '0': PYTHONPATH=/IRS_Labs/build/hand_solo_virtual_nav/prefix_override:/usr/lib/python3/dist-packages/colcon_core/task/python/colcon_distutils_commands:/IRS_Labs/install/hand_solo_virtual_nav/lib/python3.10/site-packages:${PYTHONPATH} /usr/bin/python3 -W ignore:setup.py install is deprecated -W ignore:easy_install command is deprecated setup.py egg_info --egg-base ../build/hand_solo_virtual_nav build --build-base /IRS_Labs/build/hand_solo_virtual_nav/build install --record /IRS_Labs/build/hand_solo_virtual_nav/install.log --single-version-externally-managed install_data
