running egg_info
writing ../build/pineapple_box_sorter/pineapple_box_sorter.egg-info/PKG-INFO
writing dependency_links to ../build/pineapple_box_sorter/pineapple_box_sorter.egg-info/dependency_links.txt
writing entry points to ../build/pineapple_box_sorter/pineapple_box_sorter.egg-info/entry_points.txt
writing requirements to ../build/pineapple_box_sorter/pineapple_box_sorter.egg-info/requires.txt
writing top-level names to ../build/pineapple_box_sorter/pineapple_box_sorter.egg-info/top_level.txt
reading manifest file '../build/pineapple_box_sorter/pineapple_box_sorter.egg-info/SOURCES.txt'
adding license file 'LICENSE'
writing manifest file '../build/pineapple_box_sorter/pineapple_box_sorter.egg-info/SOURCES.txt'
running build
running build_py
running install
running install_lib
running install_data
running install_egg_info
removing '/ros_ws/IRS_Labs/install/pineapple_box_sorter/lib/python3.10/site-packages/pineapple_box_sorter-0.0.0-py3.10.egg-info' (and everything under it)
Copying ../build/pineapple_box_sorter/pineapple_box_sorter.egg-info to /ros_ws/IRS_Labs/install/pineapple_box_sorter/lib/python3.10/site-packages/pineapple_box_sorter-0.0.0-py3.10.egg-info
running install_scripts
Installing box_sorter script to /ros_ws/IRS_Labs/install/pineapple_box_sorter/lib/pineapple_box_sorter
Installing hs_waypoint_follower script to /ros_ws/IRS_Labs/install/pineapple_box_sorter/lib/pineapple_box_sorter
writing list of installed files to '/ros_ws/IRS_Labs/build/pineapple_box_sorter/install.log'
