[0.828s] Invoking command in '/ros_ws/IRS_Labs/hand_solo_virtual_nav': PYTHONPATH=/ros_ws/IRS_Labs/build/hand_solo_virtual_nav/prefix_override:/usr/lib/python3/dist-packages/colcon_core/task/python/colcon_distutils_commands:/ros_ws/IRS_Labs/install/hand_solo_virtual_nav/lib/python3.10/site-packages:${PYTHONPATH} /usr/bin/python3 -W ignore:setup.py install is deprecated -W ignore:easy_install command is deprecated setup.py egg_info --egg-base ../build/hand_solo_virtual_nav build --build-base /ros_ws/IRS_Labs/build/hand_solo_virtual_nav/build install --record /ros_ws/IRS_Labs/build/hand_solo_virtual_nav/install.log --single-version-externally-managed install_data
[1.073s] running egg_info
[1.073s] writing ../build/hand_solo_virtual_nav/hand_solo_virtual_nav.egg-info/PKG-INFO
[1.073s] writing dependency_links to ../build/hand_solo_virtual_nav/hand_solo_virtual_nav.egg-info/dependency_links.txt
[1.074s] writing entry points to ../build/hand_solo_virtual_nav/hand_solo_virtual_nav.egg-info/entry_points.txt
[1.074s] writing requirements to ../build/hand_solo_virtual_nav/hand_solo_virtual_nav.egg-info/requires.txt
[1.074s] writing top-level names to ../build/hand_solo_virtual_nav/hand_solo_virtual_nav.egg-info/top_level.txt
[1.077s] reading manifest file '../build/hand_solo_virtual_nav/hand_solo_virtual_nav.egg-info/SOURCES.txt'
[1.077s] adding license file 'LICENSE'
[1.078s] writing manifest file '../build/hand_solo_virtual_nav/hand_solo_virtual_nav.egg-info/SOURCES.txt'
[1.078s] running build
[1.078s] running build_py
[1.079s] running install
[1.080s] running install_lib
[1.083s] running install_data
[1.083s] copying launch/nav_launch.py -> /ros_ws/IRS_Labs/install/hand_solo_virtual_nav/share/hand_solo_virtual_nav/launch
[1.083s] running install_egg_info
[1.086s] removing '/ros_ws/IRS_Labs/install/hand_solo_virtual_nav/lib/python3.10/site-packages/hand_solo_virtual_nav-0.0.0-py3.10.egg-info' (and everything under it)
[1.087s] Copying ../build/hand_solo_virtual_nav/hand_solo_virtual_nav.egg-info to /ros_ws/IRS_Labs/install/hand_solo_virtual_nav/lib/python3.10/site-packages/hand_solo_virtual_nav-0.0.0-py3.10.egg-info
[1.088s] running install_scripts
[1.116s] Installing hs_waypoint_follower script to /ros_ws/IRS_Labs/install/hand_solo_virtual_nav/lib/hand_solo_virtual_nav
[1.117s] writing list of installed files to '/ros_ws/IRS_Labs/build/hand_solo_virtual_nav/install.log'
[1.188s] Invoked command in '/ros_ws/IRS_Labs/hand_solo_virtual_nav' returned '0': PYTHONPATH=/ros_ws/IRS_Labs/build/hand_solo_virtual_nav/prefix_override:/usr/lib/python3/dist-packages/colcon_core/task/python/colcon_distutils_commands:/ros_ws/IRS_Labs/install/hand_solo_virtual_nav/lib/python3.10/site-packages:${PYTHONPATH} /usr/bin/python3 -W ignore:setup.py install is deprecated -W ignore:easy_install command is deprecated setup.py egg_info --egg-base ../build/hand_solo_virtual_nav build --build-base /ros_ws/IRS_Labs/build/hand_solo_virtual_nav/build install --record /ros_ws/IRS_Labs/build/hand_solo_virtual_nav/install.log --single-version-externally-managed install_data
