[0.173s] DEBUG:colcon:Command line arguments: ['/usr/bin/colcon', 'build']
[0.173s] DEBUG:colcon:Parsed command line arguments: Namespace(log_base=None, log_level=None, verb_name='build', build_base='build', install_base='install', merge_install=False, symlink_install=False, test_result_base=None, continue_on_error=False, executor='parallel', parallel_workers=16, event_handlers=None, ignore_user_meta=False, metas=['./colcon.meta'], base_paths=['.'], packages_ignore=None, packages_ignore_regex=None, paths=None, packages_up_to=None, packages_up_to_regex=None, packages_above=None, packages_above_and_dependencies=None, packages_above_depth=None, packages_select_by_dep=None, packages_skip_by_dep=None, packages_skip_up_to=None, packages_select_build_failed=False, packages_skip_build_finished=False, packages_select_test_failures=False, packages_skip_test_passed=False, packages_select=None, packages_skip=None, packages_select_regex=None, packages_skip_regex=None, packages_start=None, packages_end=None, cmake_args=None, cmake_target=None, cmake_target_skip_unavailable=False, cmake_clean_cache=False, cmake_clean_first=False, cmake_force_configure=False, ament_cmake_args=None, catkin_cmake_args=None, catkin_skip_building_tests=False, mixin_files=None, mixin=None, verb_parser=<colcon_mixin.mixin.mixin_argument.MixinArgumentDecorator object at 0x7bbba23eb370>, verb_extension=<colcon_core.verb.build.BuildVerb object at 0x7bbba23ea5c0>, main=<bound method BuildVerb.main of <colcon_core.verb.build.BuildVerb object at 0x7bbba23ea5c0>>, mixin_verb=('build',))
[0.350s] Level 1:colcon.colcon_core.package_discovery:discover_packages(colcon_meta) check parameters
[0.351s] INFO:colcon.colcon_metadata.package_discovery.colcon_meta:Using configuration from '/root/.colcon/metadata/default/Gazebo.meta'
[0.352s] INFO:colcon.colcon_metadata.package_discovery.colcon_meta:Using configuration from '/root/.colcon/metadata/default/fastdds.meta'
[0.353s] INFO:colcon.colcon_metadata.package_discovery.colcon_meta:Using configuration from '/root/.colcon/metadata/default/fastrtps.meta'
[0.353s] Level 1:colcon.colcon_core.package_discovery:discover_packages(recursive) check parameters
[0.353s] Level 1:colcon.colcon_core.package_discovery:discover_packages(ignore) check parameters
[0.353s] Level 1:colcon.colcon_core.package_discovery:discover_packages(path) check parameters
[0.353s] Level 1:colcon.colcon_core.package_discovery:discover_packages(colcon_meta) discover
[0.353s] Level 1:colcon.colcon_core.package_discovery:discover_packages(recursive) discover
[0.353s] INFO:colcon.colcon_core.package_discovery:Crawling recursively for packages in '/IRS_Labs'
[0.353s] Level 1:colcon.colcon_core.package_identification:_identify(.) by extensions ['ignore', 'ignore_ament_install']
[0.353s] Level 1:colcon.colcon_core.package_identification:_identify(.) by extension 'ignore'
[0.353s] Level 1:colcon.colcon_core.package_identification:_identify(.) by extension 'ignore_ament_install'
[0.353s] Level 1:colcon.colcon_core.package_identification:_identify(.) by extensions ['colcon_pkg']
[0.353s] Level 1:colcon.colcon_core.package_identification:_identify(.) by extension 'colcon_pkg'
[0.353s] Level 1:colcon.colcon_core.package_identification:_identify(.) by extensions ['colcon_meta']
[0.353s] Level 1:colcon.colcon_core.package_identification:_identify(.) by extension 'colcon_meta'
[0.353s] Level 1:colcon.colcon_core.package_identification:_identify(.) by extensions ['ros']
[0.353s] Level 1:colcon.colcon_core.package_identification:_identify(.) by extension 'ros'
[0.371s] Level 1:colcon.colcon_core.package_identification:_identify(.) by extensions ['cmake', 'python']
[0.371s] Level 1:colcon.colcon_core.package_identification:_identify(.) by extension 'cmake'
[0.371s] Level 1:colcon.colcon_core.package_identification:_identify(.) by extension 'python'
[0.371s] Level 1:colcon.colcon_core.package_identification:_identify(.) by extensions ['python_setup_py']
[0.371s] Level 1:colcon.colcon_core.package_identification:_identify(.) by extension 'python_setup_py'
[0.371s] Level 1:colcon.colcon_core.package_identification:_identify(build) by extensions ['ignore', 'ignore_ament_install']
[0.371s] Level 1:colcon.colcon_core.package_identification:_identify(build) by extension 'ignore'
[0.371s] Level 1:colcon.colcon_core.package_identification:_identify(build) ignored
[0.371s] Level 1:colcon.colcon_core.package_identification:_identify(hand_solo_arm) by extensions ['ignore', 'ignore_ament_install']
[0.372s] Level 1:colcon.colcon_core.package_identification:_identify(hand_solo_arm) by extension 'ignore'
[0.372s] Level 1:colcon.colcon_core.package_identification:_identify(hand_solo_arm) by extension 'ignore_ament_install'
[0.372s] Level 1:colcon.colcon_core.package_identification:_identify(hand_solo_arm) by extensions ['colcon_pkg']
[0.372s] Level 1:colcon.colcon_core.package_identification:_identify(hand_solo_arm) by extension 'colcon_pkg'
[0.372s] Level 1:colcon.colcon_core.package_identification:_identify(hand_solo_arm) by extensions ['colcon_meta']
[0.372s] Level 1:colcon.colcon_core.package_identification:_identify(hand_solo_arm) by extension 'colcon_meta'
[0.372s] Level 1:colcon.colcon_core.package_identification:_identify(hand_solo_arm) by extensions ['ros']
[0.372s] Level 1:colcon.colcon_core.package_identification:_identify(hand_solo_arm) by extension 'ros'
[0.376s] DEBUG:colcon.colcon_core.package_identification:Package 'hand_solo_arm' with type 'ros.ament_python' and name 'hand_solo_arm'
[0.376s] Level 1:colcon.colcon_core.package_identification:_identify(hand_solo_virtual_nav) by extensions ['ignore', 'ignore_ament_install']
[0.376s] Level 1:colcon.colcon_core.package_identification:_identify(hand_solo_virtual_nav) by extension 'ignore'
[0.377s] Level 1:colcon.colcon_core.package_identification:_identify(hand_solo_virtual_nav) by extension 'ignore_ament_install'
[0.377s] Level 1:colcon.colcon_core.package_identification:_identify(hand_solo_virtual_nav) by extensions ['colcon_pkg']
[0.377s] Level 1:colcon.colcon_core.package_identification:_identify(hand_solo_virtual_nav) by extension 'colcon_pkg'
[0.377s] Level 1:colcon.colcon_core.package_identification:_identify(hand_solo_virtual_nav) by extensions ['colcon_meta']
[0.377s] Level 1:colcon.colcon_core.package_identification:_identify(hand_solo_virtual_nav) by extension 'colcon_meta'
[0.377s] Level 1:colcon.colcon_core.package_identification:_identify(hand_solo_virtual_nav) by extensions ['ros']
[0.377s] Level 1:colcon.colcon_core.package_identification:_identify(hand_solo_virtual_nav) by extension 'ros'
[0.378s] DEBUG:colcon.colcon_core.package_identification:Package 'hand_solo_virtual_nav' with type 'ros.ament_python' and name 'hand_solo_virtual_nav'
[0.378s] Level 1:colcon.colcon_core.package_identification:_identify(install) by extensions ['ignore', 'ignore_ament_install']
[0.378s] Level 1:colcon.colcon_core.package_identification:_identify(install) by extension 'ignore'
[0.378s] Level 1:colcon.colcon_core.package_identification:_identify(install) ignored
[0.378s] Level 1:colcon.colcon_core.package_identification:_identify(log) by extensions ['ignore', 'ignore_ament_install']
[0.378s] Level 1:colcon.colcon_core.package_identification:_identify(log) by extension 'ignore'
[0.378s] Level 1:colcon.colcon_core.package_identification:_identify(log) ignored
[0.378s] Level 1:colcon.colcon_core.package_identification:_identify(maps) by extensions ['ignore', 'ignore_ament_install']
[0.378s] Level 1:colcon.colcon_core.package_identification:_identify(maps) by extension 'ignore'
[0.378s] Level 1:colcon.colcon_core.package_identification:_identify(maps) by extension 'ignore_ament_install'
[0.378s] Level 1:colcon.colcon_core.package_identification:_identify(maps) by extensions ['colcon_pkg']
[0.378s] Level 1:colcon.colcon_core.package_identification:_identify(maps) by extension 'colcon_pkg'
[0.378s] Level 1:colcon.colcon_core.package_identification:_identify(maps) by extensions ['colcon_meta']
[0.378s] Level 1:colcon.colcon_core.package_identification:_identify(maps) by extension 'colcon_meta'
[0.378s] Level 1:colcon.colcon_core.package_identification:_identify(maps) by extensions ['ros']
[0.378s] Level 1:colcon.colcon_core.package_identification:_identify(maps) by extension 'ros'
[0.379s] Level 1:colcon.colcon_core.package_identification:_identify(maps) by extensions ['cmake', 'python']
[0.379s] Level 1:colcon.colcon_core.package_identification:_identify(maps) by extension 'cmake'
[0.379s] Level 1:colcon.colcon_core.package_identification:_identify(maps) by extension 'python'
[0.379s] Level 1:colcon.colcon_core.package_identification:_identify(maps) by extensions ['python_setup_py']
[0.379s] Level 1:colcon.colcon_core.package_identification:_identify(maps) by extension 'python_setup_py'
[0.379s] Level 1:colcon.colcon_core.package_identification:_identify(maps/pa_warehouse_map_01) by extensions ['ignore', 'ignore_ament_install']
[0.379s] Level 1:colcon.colcon_core.package_identification:_identify(maps/pa_warehouse_map_01) by extension 'ignore'
[0.379s] Level 1:colcon.colcon_core.package_identification:_identify(maps/pa_warehouse_map_01) by extension 'ignore_ament_install'
[0.379s] Level 1:colcon.colcon_core.package_identification:_identify(maps/pa_warehouse_map_01) by extensions ['colcon_pkg']
[0.379s] Level 1:colcon.colcon_core.package_identification:_identify(maps/pa_warehouse_map_01) by extension 'colcon_pkg'
[0.379s] Level 1:colcon.colcon_core.package_identification:_identify(maps/pa_warehouse_map_01) by extensions ['colcon_meta']
[0.379s] Level 1:colcon.colcon_core.package_identification:_identify(maps/pa_warehouse_map_01) by extension 'colcon_meta'
[0.379s] Level 1:colcon.colcon_core.package_identification:_identify(maps/pa_warehouse_map_01) by extensions ['ros']
[0.379s] Level 1:colcon.colcon_core.package_identification:_identify(maps/pa_warehouse_map_01) by extension 'ros'
[0.379s] Level 1:colcon.colcon_core.package_identification:_identify(maps/pa_warehouse_map_01) by extensions ['cmake', 'python']
[0.379s] Level 1:colcon.colcon_core.package_identification:_identify(maps/pa_warehouse_map_01) by extension 'cmake'
[0.379s] Level 1:colcon.colcon_core.package_identification:_identify(maps/pa_warehouse_map_01) by extension 'python'
[0.379s] Level 1:colcon.colcon_core.package_identification:_identify(maps/pa_warehouse_map_01) by extensions ['python_setup_py']
[0.379s] Level 1:colcon.colcon_core.package_identification:_identify(maps/pa_warehouse_map_01) by extension 'python_setup_py'
[0.379s] Level 1:colcon.colcon_core.package_identification:_identify(pa_warehouse_status) by extensions ['ignore', 'ignore_ament_install']
[0.379s] Level 1:colcon.colcon_core.package_identification:_identify(pa_warehouse_status) by extension 'ignore'
[0.379s] Level 1:colcon.colcon_core.package_identification:_identify(pa_warehouse_status) by extension 'ignore_ament_install'
[0.379s] Level 1:colcon.colcon_core.package_identification:_identify(pa_warehouse_status) by extensions ['colcon_pkg']
[0.379s] Level 1:colcon.colcon_core.package_identification:_identify(pa_warehouse_status) by extension 'colcon_pkg'
[0.379s] Level 1:colcon.colcon_core.package_identification:_identify(pa_warehouse_status) by extensions ['colcon_meta']
[0.379s] Level 1:colcon.colcon_core.package_identification:_identify(pa_warehouse_status) by extension 'colcon_meta'
[0.379s] Level 1:colcon.colcon_core.package_identification:_identify(pa_warehouse_status) by extensions ['ros']
[0.379s] Level 1:colcon.colcon_core.package_identification:_identify(pa_warehouse_status) by extension 'ros'
[0.380s] DEBUG:colcon.colcon_core.package_identification:Package 'pa_warehouse_status' with type 'ros.ament_python' and name 'pa_warehouse_status'
[0.380s] Level 1:colcon.colcon_core.package_identification:_identify(pineapple_box_sorter) by extensions ['ignore', 'ignore_ament_install']
[0.380s] Level 1:colcon.colcon_core.package_identification:_identify(pineapple_box_sorter) by extension 'ignore'
[0.380s] Level 1:colcon.colcon_core.package_identification:_identify(pineapple_box_sorter) by extension 'ignore_ament_install'
[0.380s] Level 1:colcon.colcon_core.package_identification:_identify(pineapple_box_sorter) by extensions ['colcon_pkg']
[0.380s] Level 1:colcon.colcon_core.package_identification:_identify(pineapple_box_sorter) by extension 'colcon_pkg'
[0.380s] Level 1:colcon.colcon_core.package_identification:_identify(pineapple_box_sorter) by extensions ['colcon_meta']
[0.380s] Level 1:colcon.colcon_core.package_identification:_identify(pineapple_box_sorter) by extension 'colcon_meta'
[0.380s] Level 1:colcon.colcon_core.package_identification:_identify(pineapple_box_sorter) by extensions ['ros']
[0.380s] Level 1:colcon.colcon_core.package_identification:_identify(pineapple_box_sorter) by extension 'ros'
[0.383s] DEBUG:colcon.colcon_core.package_identification:Package 'pineapple_box_sorter' with type 'ros.ament_python' and name 'pineapple_box_sorter'
[0.383s] Level 1:colcon.colcon_core.package_discovery:discover_packages(recursive) using defaults
[0.383s] Level 1:colcon.colcon_core.package_discovery:discover_packages(ignore) discover
[0.383s] Level 1:colcon.colcon_core.package_discovery:discover_packages(ignore) using defaults
[0.383s] Level 1:colcon.colcon_core.package_discovery:discover_packages(path) discover
[0.383s] Level 1:colcon.colcon_core.package_discovery:discover_packages(path) using defaults
[0.414s] Level 5:colcon.colcon_core.verb:set package 'hand_solo_arm' build argument 'cmake_args' from command line to 'None'
[0.415s] Level 5:colcon.colcon_core.verb:set package 'hand_solo_arm' build argument 'cmake_target' from command line to 'None'
[0.415s] Level 5:colcon.colcon_core.verb:set package 'hand_solo_arm' build argument 'cmake_target_skip_unavailable' from command line to 'False'
[0.415s] Level 5:colcon.colcon_core.verb:set package 'hand_solo_arm' build argument 'cmake_clean_cache' from command line to 'False'
[0.415s] Level 5:colcon.colcon_core.verb:set package 'hand_solo_arm' build argument 'cmake_clean_first' from command line to 'False'
[0.415s] Level 5:colcon.colcon_core.verb:set package 'hand_solo_arm' build argument 'cmake_force_configure' from command line to 'False'
[0.415s] Level 5:colcon.colcon_core.verb:set package 'hand_solo_arm' build argument 'ament_cmake_args' from command line to 'None'
[0.415s] Level 5:colcon.colcon_core.verb:set package 'hand_solo_arm' build argument 'catkin_cmake_args' from command line to 'None'
[0.415s] Level 5:colcon.colcon_core.verb:set package 'hand_solo_arm' build argument 'catkin_skip_building_tests' from command line to 'False'
[0.415s] DEBUG:colcon.colcon_core.verb:Building package 'hand_solo_arm' with the following arguments: {'ament_cmake_args': None, 'build_base': '/IRS_Labs/build/hand_solo_arm', 'catkin_cmake_args': None, 'catkin_skip_building_tests': False, 'cmake_args': None, 'cmake_clean_cache': False, 'cmake_clean_first': False, 'cmake_force_configure': False, 'cmake_target': None, 'cmake_target_skip_unavailable': False, 'install_base': '/IRS_Labs/install/hand_solo_arm', 'merge_install': False, 'path': '/IRS_Labs/hand_solo_arm', 'symlink_install': False, 'test_result_base': None}
[0.415s] Level 5:colcon.colcon_core.verb:set package 'hand_solo_virtual_nav' build argument 'cmake_args' from command line to 'None'
[0.415s] Level 5:colcon.colcon_core.verb:set package 'hand_solo_virtual_nav' build argument 'cmake_target' from command line to 'None'
[0.415s] Level 5:colcon.colcon_core.verb:set package 'hand_solo_virtual_nav' build argument 'cmake_target_skip_unavailable' from command line to 'False'
[0.415s] Level 5:colcon.colcon_core.verb:set package 'hand_solo_virtual_nav' build argument 'cmake_clean_cache' from command line to 'False'
[0.415s] Level 5:colcon.colcon_core.verb:set package 'hand_solo_virtual_nav' build argument 'cmake_clean_first' from command line to 'False'
[0.415s] Level 5:colcon.colcon_core.verb:set package 'hand_solo_virtual_nav' build argument 'cmake_force_configure' from command line to 'False'
[0.416s] Level 5:colcon.colcon_core.verb:set package 'hand_solo_virtual_nav' build argument 'ament_cmake_args' from command line to 'None'
[0.416s] Level 5:colcon.colcon_core.verb:set package 'hand_solo_virtual_nav' build argument 'catkin_cmake_args' from command line to 'None'
[0.416s] Level 5:colcon.colcon_core.verb:set package 'hand_solo_virtual_nav' build argument 'catkin_skip_building_tests' from command line to 'False'
[0.416s] DEBUG:colcon.colcon_core.verb:Building package 'hand_solo_virtual_nav' with the following arguments: {'ament_cmake_args': None, 'build_base': '/IRS_Labs/build/hand_solo_virtual_nav', 'catkin_cmake_args': None, 'catkin_skip_building_tests': False, 'cmake_args': None, 'cmake_clean_cache': False, 'cmake_clean_first': False, 'cmake_force_configure': False, 'cmake_target': None, 'cmake_target_skip_unavailable': False, 'install_base': '/IRS_Labs/install/hand_solo_virtual_nav', 'merge_install': False, 'path': '/IRS_Labs/hand_solo_virtual_nav', 'symlink_install': False, 'test_result_base': None}
[0.416s] Level 5:colcon.colcon_core.verb:set package 'pa_warehouse_status' build argument 'cmake_args' from command line to 'None'
[0.416s] Level 5:colcon.colcon_core.verb:set package 'pa_warehouse_status' build argument 'cmake_target' from command line to 'None'
[0.416s] Level 5:colcon.colcon_core.verb:set package 'pa_warehouse_status' build argument 'cmake_target_skip_unavailable' from command line to 'False'
[0.416s] Level 5:colcon.colcon_core.verb:set package 'pa_warehouse_status' build argument 'cmake_clean_cache' from command line to 'False'
[0.416s] Level 5:colcon.colcon_core.verb:set package 'pa_warehouse_status' build argument 'cmake_clean_first' from command line to 'False'
[0.416s] Level 5:colcon.colcon_core.verb:set package 'pa_warehouse_status' build argument 'cmake_force_configure' from command line to 'False'
[0.416s] Level 5:colcon.colcon_core.verb:set package 'pa_warehouse_status' build argument 'ament_cmake_args' from command line to 'None'
[0.416s] Level 5:colcon.colcon_core.verb:set package 'pa_warehouse_status' build argument 'catkin_cmake_args' from command line to 'None'
[0.416s] Level 5:colcon.colcon_core.verb:set package 'pa_warehouse_status' build argument 'catkin_skip_building_tests' from command line to 'False'
[0.416s] DEBUG:colcon.colcon_core.verb:Building package 'pa_warehouse_status' with the following arguments: {'ament_cmake_args': None, 'build_base': '/IRS_Labs/build/pa_warehouse_status', 'catkin_cmake_args': None, 'catkin_skip_building_tests': False, 'cmake_args': None, 'cmake_clean_cache': False, 'cmake_clean_first': False, 'cmake_force_configure': False, 'cmake_target': None, 'cmake_target_skip_unavailable': False, 'install_base': '/IRS_Labs/install/pa_warehouse_status', 'merge_install': False, 'path': '/IRS_Labs/pa_warehouse_status', 'symlink_install': False, 'test_result_base': None}
[0.417s] Level 5:colcon.colcon_core.verb:set package 'pineapple_box_sorter' build argument 'cmake_args' from command line to 'None'
[0.417s] Level 5:colcon.colcon_core.verb:set package 'pineapple_box_sorter' build argument 'cmake_target' from command line to 'None'
[0.417s] Level 5:colcon.colcon_core.verb:set package 'pineapple_box_sorter' build argument 'cmake_target_skip_unavailable' from command line to 'False'
[0.417s] Level 5:colcon.colcon_core.verb:set package 'pineapple_box_sorter' build argument 'cmake_clean_cache' from command line to 'False'
[0.417s] Level 5:colcon.colcon_core.verb:set package 'pineapple_box_sorter' build argument 'cmake_clean_first' from command line to 'False'
[0.417s] Level 5:colcon.colcon_core.verb:set package 'pineapple_box_sorter' build argument 'cmake_force_configure' from command line to 'False'
[0.417s] Level 5:colcon.colcon_core.verb:set package 'pineapple_box_sorter' build argument 'ament_cmake_args' from command line to 'None'
[0.417s] Level 5:colcon.colcon_core.verb:set package 'pineapple_box_sorter' build argument 'catkin_cmake_args' from command line to 'None'
[0.417s] Level 5:colcon.colcon_core.verb:set package 'pineapple_box_sorter' build argument 'catkin_skip_building_tests' from command line to 'False'
[0.417s] DEBUG:colcon.colcon_core.verb:Building package 'pineapple_box_sorter' with the following arguments: {'ament_cmake_args': None, 'build_base': '/IRS_Labs/build/pineapple_box_sorter', 'catkin_cmake_args': None, 'catkin_skip_building_tests': False, 'cmake_args': None, 'cmake_clean_cache': False, 'cmake_clean_first': False, 'cmake_force_configure': False, 'cmake_target': None, 'cmake_target_skip_unavailable': False, 'install_base': '/IRS_Labs/install/pineapple_box_sorter', 'merge_install': False, 'path': '/IRS_Labs/pineapple_box_sorter', 'symlink_install': False, 'test_result_base': None}
[0.417s] INFO:colcon.colcon_core.executor:Executing jobs using 'parallel' executor
[0.419s] DEBUG:colcon.colcon_parallel_executor.executor.parallel:run_until_complete
[0.420s] INFO:colcon.colcon_ros.task.ament_python.build:Building ROS package in '/IRS_Labs/hand_solo_arm' with build type 'ament_python'
[0.421s] Level 1:colcon.colcon_core.shell:create_environment_hook('hand_solo_arm', 'ament_prefix_path')
[0.424s] INFO:colcon.colcon_core.plugin_system:Skipping extension 'colcon_core.shell.bat': Not used on non-Windows systems
[0.424s] INFO:colcon.colcon_core.shell:Creating environment hook '/IRS_Labs/install/hand_solo_arm/share/hand_solo_arm/hook/ament_prefix_path.ps1'
[0.425s] INFO:colcon.colcon_core.shell:Creating environment descriptor '/IRS_Labs/install/hand_solo_arm/share/hand_solo_arm/hook/ament_prefix_path.dsv'
[0.426s] INFO:colcon.colcon_core.shell:Creating environment hook '/IRS_Labs/install/hand_solo_arm/share/hand_solo_arm/hook/ament_prefix_path.sh'
[0.427s] INFO:colcon.colcon_core.shell:Skip shell extension 'powershell' for command environment: Not usable outside of PowerShell
[0.427s] DEBUG:colcon.colcon_core.shell:Skip shell extension 'dsv' for command environment
[0.434s] INFO:colcon.colcon_ros.task.ament_python.build:Building ROS package in '/IRS_Labs/hand_solo_virtual_nav' with build type 'ament_python'
[0.435s] Level 1:colcon.colcon_core.shell:create_environment_hook('hand_solo_virtual_nav', 'ament_prefix_path')
[0.436s] INFO:colcon.colcon_core.shell:Creating environment hook '/IRS_Labs/install/hand_solo_virtual_nav/share/hand_solo_virtual_nav/hook/ament_prefix_path.ps1'
[0.438s] INFO:colcon.colcon_core.shell:Creating environment descriptor '/IRS_Labs/install/hand_solo_virtual_nav/share/hand_solo_virtual_nav/hook/ament_prefix_path.dsv'
[0.440s] INFO:colcon.colcon_core.shell:Creating environment hook '/IRS_Labs/install/hand_solo_virtual_nav/share/hand_solo_virtual_nav/hook/ament_prefix_path.sh'
[0.441s] INFO:colcon.colcon_core.shell:Skip shell extension 'powershell' for command environment: Not usable outside of PowerShell
[0.442s] DEBUG:colcon.colcon_core.shell:Skip shell extension 'dsv' for command environment
[0.448s] INFO:colcon.colcon_ros.task.ament_python.build:Building ROS package in '/IRS_Labs/pa_warehouse_status' with build type 'ament_python'
[0.448s] Level 1:colcon.colcon_core.shell:create_environment_hook('pa_warehouse_status', 'ament_prefix_path')
[0.449s] INFO:colcon.colcon_core.shell:Creating environment hook '/IRS_Labs/install/pa_warehouse_status/share/pa_warehouse_status/hook/ament_prefix_path.ps1'
[0.452s] INFO:colcon.colcon_core.shell:Creating environment descriptor '/IRS_Labs/install/pa_warehouse_status/share/pa_warehouse_status/hook/ament_prefix_path.dsv'
[0.454s] INFO:colcon.colcon_core.shell:Creating environment hook '/IRS_Labs/install/pa_warehouse_status/share/pa_warehouse_status/hook/ament_prefix_path.sh'
[0.456s] INFO:colcon.colcon_core.shell:Skip shell extension 'powershell' for command environment: Not usable outside of PowerShell
[0.457s] DEBUG:colcon.colcon_core.shell:Skip shell extension 'dsv' for command environment
[0.462s] INFO:colcon.colcon_ros.task.ament_python.build:Building ROS package in '/IRS_Labs/pineapple_box_sorter' with build type 'ament_python'
[0.462s] Level 1:colcon.colcon_core.shell:create_environment_hook('pineapple_box_sorter', 'ament_prefix_path')
[0.464s] INFO:colcon.colcon_core.shell:Creating environment hook '/IRS_Labs/install/pineapple_box_sorter/share/pineapple_box_sorter/hook/ament_prefix_path.ps1'
[0.467s] INFO:colcon.colcon_core.shell:Creating environment descriptor '/IRS_Labs/install/pineapple_box_sorter/share/pineapple_box_sorter/hook/ament_prefix_path.dsv'
[0.468s] INFO:colcon.colcon_core.shell:Creating environment hook '/IRS_Labs/install/pineapple_box_sorter/share/pineapple_box_sorter/hook/ament_prefix_path.sh'
[0.471s] INFO:colcon.colcon_core.shell:Skip shell extension 'powershell' for command environment: Not usable outside of PowerShell
[0.471s] DEBUG:colcon.colcon_core.shell:Skip shell extension 'dsv' for command environment
[0.843s] INFO:colcon.colcon_core.task.python.build:Building Python package in '/IRS_Labs/hand_solo_arm'
[0.844s] INFO:colcon.colcon_core.shell:Skip shell extension 'powershell' for command environment: Not usable outside of PowerShell
[0.844s] DEBUG:colcon.colcon_core.shell:Skip shell extension 'dsv' for command environment
[1.199s] INFO:colcon.colcon_core.task.python.build:Building Python package in '/IRS_Labs/hand_solo_virtual_nav'
[1.200s] INFO:colcon.colcon_core.shell:Skip shell extension 'powershell' for command environment: Not usable outside of PowerShell
[1.200s] DEBUG:colcon.colcon_core.shell:Skip shell extension 'dsv' for command environment
[1.533s] INFO:colcon.colcon_core.task.python.build:Building Python package in '/IRS_Labs/pa_warehouse_status'
[1.535s] INFO:colcon.colcon_core.shell:Skip shell extension 'powershell' for command environment: Not usable outside of PowerShell
[1.535s] DEBUG:colcon.colcon_core.shell:Skip shell extension 'dsv' for command environment
[1.857s] INFO:colcon.colcon_core.task.python.build:Building Python package in '/IRS_Labs/pineapple_box_sorter'
[1.858s] INFO:colcon.colcon_core.shell:Skip shell extension 'powershell' for command environment: Not usable outside of PowerShell
[1.858s] DEBUG:colcon.colcon_core.shell:Skip shell extension 'dsv' for command environment
[2.539s] DEBUG:colcon.colcon_core.event_handler.log_command:Invoking command in '/IRS_Labs/hand_solo_arm': PYTHONPATH=/IRS_Labs/build/hand_solo_arm/prefix_override:/usr/lib/python3/dist-packages/colcon_core/task/python/colcon_distutils_commands:/IRS_Labs/install/hand_solo_arm/lib/python3.10/site-packages:${PYTHONPATH} /usr/bin/python3 -W ignore:setup.py install is deprecated -W ignore:easy_install command is deprecated setup.py egg_info --egg-base ../build/hand_solo_arm build --build-base /IRS_Labs/build/hand_solo_arm/build install --record /IRS_Labs/build/hand_solo_arm/install.log --single-version-externally-managed install_data
[2.553s] DEBUG:colcon.colcon_core.event_handler.log_command:Invoking command in '/IRS_Labs/hand_solo_virtual_nav': PYTHONPATH=/IRS_Labs/build/hand_solo_virtual_nav/prefix_override:/usr/lib/python3/dist-packages/colcon_core/task/python/colcon_distutils_commands:/IRS_Labs/install/hand_solo_virtual_nav/lib/python3.10/site-packages:${PYTHONPATH} /usr/bin/python3 -W ignore:setup.py install is deprecated -W ignore:easy_install command is deprecated setup.py egg_info --egg-base ../build/hand_solo_virtual_nav build --build-base /IRS_Labs/build/hand_solo_virtual_nav/build install --record /IRS_Labs/build/hand_solo_virtual_nav/install.log --single-version-externally-managed install_data
[2.559s] DEBUG:colcon.colcon_core.event_handler.log_command:Invoking command in '/IRS_Labs/pa_warehouse_status': PYTHONPATH=/IRS_Labs/build/pa_warehouse_status/prefix_override:/usr/lib/python3/dist-packages/colcon_core/task/python/colcon_distutils_commands:/IRS_Labs/install/pa_warehouse_status/lib/python3.10/site-packages:${PYTHONPATH} /usr/bin/python3 -W ignore:setup.py install is deprecated -W ignore:easy_install command is deprecated setup.py egg_info --egg-base ../build/pa_warehouse_status build --build-base /IRS_Labs/build/pa_warehouse_status/build install --record /IRS_Labs/build/pa_warehouse_status/install.log --single-version-externally-managed install_data
[2.564s] DEBUG:colcon.colcon_core.event_handler.log_command:Invoking command in '/IRS_Labs/pineapple_box_sorter': PYTHONPATH=/IRS_Labs/build/pineapple_box_sorter/prefix_override:/usr/lib/python3/dist-packages/colcon_core/task/python/colcon_distutils_commands:/IRS_Labs/install/pineapple_box_sorter/lib/python3.10/site-packages:${PYTHONPATH} /usr/bin/python3 -W ignore:setup.py install is deprecated -W ignore:easy_install command is deprecated setup.py egg_info --egg-base ../build/pineapple_box_sorter build --build-base /IRS_Labs/build/pineapple_box_sorter/build install --record /IRS_Labs/build/pineapple_box_sorter/install.log --single-version-externally-managed install_data
[3.016s] DEBUG:colcon.colcon_core.event_handler.log_command:Invoked command in '/IRS_Labs/pa_warehouse_status' returned '0': PYTHONPATH=/IRS_Labs/build/pa_warehouse_status/prefix_override:/usr/lib/python3/dist-packages/colcon_core/task/python/colcon_distutils_commands:/IRS_Labs/install/pa_warehouse_status/lib/python3.10/site-packages:${PYTHONPATH} /usr/bin/python3 -W ignore:setup.py install is deprecated -W ignore:easy_install command is deprecated setup.py egg_info --egg-base ../build/pa_warehouse_status build --build-base /IRS_Labs/build/pa_warehouse_status/build install --record /IRS_Labs/build/pa_warehouse_status/install.log --single-version-externally-managed install_data
[3.022s] Level 1:colcon.colcon_core.environment:checking '/IRS_Labs/install/pa_warehouse_status' for CMake module files
[3.023s] Level 1:colcon.colcon_core.environment:checking '/IRS_Labs/install/pa_warehouse_status' for CMake config files
[3.025s] Level 1:colcon.colcon_core.environment:checking '/IRS_Labs/install/pa_warehouse_status/lib'
[3.025s] Level 1:colcon.colcon_core.environment:checking '/IRS_Labs/install/pa_warehouse_status/bin'
[3.025s] Level 1:colcon.colcon_core.environment:checking '/IRS_Labs/install/pa_warehouse_status/lib/pkgconfig/pa_warehouse_status.pc'
[3.026s] Level 1:colcon.colcon_core.environment:checking '/IRS_Labs/install/pa_warehouse_status/lib/python3.10/site-packages'
[3.026s] Level 1:colcon.colcon_core.shell:create_environment_hook('pa_warehouse_status', 'pythonpath')
[3.026s] INFO:colcon.colcon_core.shell:Creating environment hook '/IRS_Labs/install/pa_warehouse_status/share/pa_warehouse_status/hook/pythonpath.ps1'
[3.027s] INFO:colcon.colcon_core.shell:Creating environment descriptor '/IRS_Labs/install/pa_warehouse_status/share/pa_warehouse_status/hook/pythonpath.dsv'
[3.028s] INFO:colcon.colcon_core.shell:Creating environment hook '/IRS_Labs/install/pa_warehouse_status/share/pa_warehouse_status/hook/pythonpath.sh'
[3.029s] Level 1:colcon.colcon_core.environment:checking '/IRS_Labs/install/pa_warehouse_status/bin'
[3.029s] Level 1:colcon.colcon_core.environment:create_environment_scripts_only(pa_warehouse_status)
[3.030s] INFO:colcon.colcon_core.shell:Creating package script '/IRS_Labs/install/pa_warehouse_status/share/pa_warehouse_status/package.ps1'
[3.032s] INFO:colcon.colcon_core.shell:Creating package descriptor '/IRS_Labs/install/pa_warehouse_status/share/pa_warehouse_status/package.dsv'
[3.033s] INFO:colcon.colcon_core.shell:Creating package script '/IRS_Labs/install/pa_warehouse_status/share/pa_warehouse_status/package.sh'
[3.036s] INFO:colcon.colcon_core.shell:Creating package script '/IRS_Labs/install/pa_warehouse_status/share/pa_warehouse_status/package.bash'
[3.037s] INFO:colcon.colcon_core.shell:Creating package script '/IRS_Labs/install/pa_warehouse_status/share/pa_warehouse_status/package.zsh'
[3.039s] Level 1:colcon.colcon_core.environment:create_file_with_runtime_dependencies(/IRS_Labs/install/pa_warehouse_status/share/colcon-core/packages/pa_warehouse_status)
[3.041s] Level 1:colcon.colcon_core.environment:checking '/IRS_Labs/install/hand_solo_virtual_nav' for CMake module files
[3.043s] DEBUG:colcon.colcon_core.event_handler.log_command:Invoked command in '/IRS_Labs/hand_solo_virtual_nav' returned '0': PYTHONPATH=/IRS_Labs/build/hand_solo_virtual_nav/prefix_override:/usr/lib/python3/dist-packages/colcon_core/task/python/colcon_distutils_commands:/IRS_Labs/install/hand_solo_virtual_nav/lib/python3.10/site-packages:${PYTHONPATH} /usr/bin/python3 -W ignore:setup.py install is deprecated -W ignore:easy_install command is deprecated setup.py egg_info --egg-base ../build/hand_solo_virtual_nav build --build-base /IRS_Labs/build/hand_solo_virtual_nav/build install --record /IRS_Labs/build/hand_solo_virtual_nav/install.log --single-version-externally-managed install_data
[3.043s] Level 1:colcon.colcon_core.environment:checking '/IRS_Labs/install/hand_solo_virtual_nav' for CMake config files
[3.045s] Level 1:colcon.colcon_core.environment:checking '/IRS_Labs/install/hand_solo_virtual_nav/lib'
[3.045s] Level 1:colcon.colcon_core.environment:checking '/IRS_Labs/install/hand_solo_virtual_nav/bin'
[3.045s] Level 1:colcon.colcon_core.environment:checking '/IRS_Labs/install/hand_solo_virtual_nav/lib/pkgconfig/hand_solo_virtual_nav.pc'
[3.046s] Level 1:colcon.colcon_core.environment:checking '/IRS_Labs/install/hand_solo_virtual_nav/lib/python3.10/site-packages'
[3.046s] Level 1:colcon.colcon_core.shell:create_environment_hook('hand_solo_virtual_nav', 'pythonpath')
[3.047s] INFO:colcon.colcon_core.shell:Creating environment hook '/IRS_Labs/install/hand_solo_virtual_nav/share/hand_solo_virtual_nav/hook/pythonpath.ps1'
[3.048s] INFO:colcon.colcon_core.shell:Creating environment descriptor '/IRS_Labs/install/hand_solo_virtual_nav/share/hand_solo_virtual_nav/hook/pythonpath.dsv'
[3.050s] INFO:colcon.colcon_core.shell:Creating environment hook '/IRS_Labs/install/hand_solo_virtual_nav/share/hand_solo_virtual_nav/hook/pythonpath.sh'
[3.052s] Level 1:colcon.colcon_core.environment:checking '/IRS_Labs/install/hand_solo_virtual_nav/bin'
[3.053s] Level 1:colcon.colcon_core.environment:create_environment_scripts_only(hand_solo_virtual_nav)
[3.054s] INFO:colcon.colcon_core.shell:Creating package script '/IRS_Labs/install/hand_solo_virtual_nav/share/hand_solo_virtual_nav/package.ps1'
[3.056s] INFO:colcon.colcon_core.shell:Creating package descriptor '/IRS_Labs/install/hand_solo_virtual_nav/share/hand_solo_virtual_nav/package.dsv'
[3.058s] INFO:colcon.colcon_core.shell:Creating package script '/IRS_Labs/install/hand_solo_virtual_nav/share/hand_solo_virtual_nav/package.sh'
[3.059s] INFO:colcon.colcon_core.shell:Creating package script '/IRS_Labs/install/hand_solo_virtual_nav/share/hand_solo_virtual_nav/package.bash'
[3.060s] INFO:colcon.colcon_core.shell:Creating package script '/IRS_Labs/install/hand_solo_virtual_nav/share/hand_solo_virtual_nav/package.zsh'
[3.061s] Level 1:colcon.colcon_core.environment:create_file_with_runtime_dependencies(/IRS_Labs/install/hand_solo_virtual_nav/share/colcon-core/packages/hand_solo_virtual_nav)
[3.062s] Level 1:colcon.colcon_core.environment:checking '/IRS_Labs/install/pineapple_box_sorter' for CMake module files
[3.064s] Level 1:colcon.colcon_core.environment:checking '/IRS_Labs/install/pineapple_box_sorter' for CMake config files
[3.065s] DEBUG:colcon.colcon_core.event_handler.log_command:Invoked command in '/IRS_Labs/pineapple_box_sorter' returned '0': PYTHONPATH=/IRS_Labs/build/pineapple_box_sorter/prefix_override:/usr/lib/python3/dist-packages/colcon_core/task/python/colcon_distutils_commands:/IRS_Labs/install/pineapple_box_sorter/lib/python3.10/site-packages:${PYTHONPATH} /usr/bin/python3 -W ignore:setup.py install is deprecated -W ignore:easy_install command is deprecated setup.py egg_info --egg-base ../build/pineapple_box_sorter build --build-base /IRS_Labs/build/pineapple_box_sorter/build install --record /IRS_Labs/build/pineapple_box_sorter/install.log --single-version-externally-managed install_data
[3.067s] Level 1:colcon.colcon_core.environment:checking '/IRS_Labs/install/pineapple_box_sorter/lib'
[3.067s] Level 1:colcon.colcon_core.environment:checking '/IRS_Labs/install/pineapple_box_sorter/bin'
[3.068s] Level 1:colcon.colcon_core.environment:checking '/IRS_Labs/install/pineapple_box_sorter/lib/pkgconfig/pineapple_box_sorter.pc'
[3.068s] Level 1:colcon.colcon_core.environment:checking '/IRS_Labs/install/pineapple_box_sorter/lib/python3.10/site-packages'
[3.068s] Level 1:colcon.colcon_core.shell:create_environment_hook('pineapple_box_sorter', 'pythonpath')
[3.069s] INFO:colcon.colcon_core.shell:Creating environment hook '/IRS_Labs/install/pineapple_box_sorter/share/pineapple_box_sorter/hook/pythonpath.ps1'
[3.070s] INFO:colcon.colcon_core.shell:Creating environment descriptor '/IRS_Labs/install/pineapple_box_sorter/share/pineapple_box_sorter/hook/pythonpath.dsv'
[3.072s] INFO:colcon.colcon_core.shell:Creating environment hook '/IRS_Labs/install/pineapple_box_sorter/share/pineapple_box_sorter/hook/pythonpath.sh'
[3.073s] Level 1:colcon.colcon_core.environment:checking '/IRS_Labs/install/pineapple_box_sorter/bin'
[3.074s] Level 1:colcon.colcon_core.environment:create_environment_scripts_only(pineapple_box_sorter)
[3.074s] INFO:colcon.colcon_core.shell:Creating package script '/IRS_Labs/install/pineapple_box_sorter/share/pineapple_box_sorter/package.ps1'
[3.075s] INFO:colcon.colcon_core.shell:Creating package descriptor '/IRS_Labs/install/pineapple_box_sorter/share/pineapple_box_sorter/package.dsv'
[3.076s] INFO:colcon.colcon_core.shell:Creating package script '/IRS_Labs/install/pineapple_box_sorter/share/pineapple_box_sorter/package.sh'
[3.077s] INFO:colcon.colcon_core.shell:Creating package script '/IRS_Labs/install/pineapple_box_sorter/share/pineapple_box_sorter/package.bash'
[3.078s] INFO:colcon.colcon_core.shell:Creating package script '/IRS_Labs/install/pineapple_box_sorter/share/pineapple_box_sorter/package.zsh'
[3.079s] Level 1:colcon.colcon_core.environment:create_file_with_runtime_dependencies(/IRS_Labs/install/pineapple_box_sorter/share/colcon-core/packages/pineapple_box_sorter)
[3.088s] Level 1:colcon.colcon_core.environment:checking '/IRS_Labs/install/hand_solo_arm' for CMake module files
[3.089s] DEBUG:colcon.colcon_core.event_handler.log_command:Invoked command in '/IRS_Labs/hand_solo_arm' returned '0': PYTHONPATH=/IRS_Labs/build/hand_solo_arm/prefix_override:/usr/lib/python3/dist-packages/colcon_core/task/python/colcon_distutils_commands:/IRS_Labs/install/hand_solo_arm/lib/python3.10/site-packages:${PYTHONPATH} /usr/bin/python3 -W ignore:setup.py install is deprecated -W ignore:easy_install command is deprecated setup.py egg_info --egg-base ../build/hand_solo_arm build --build-base /IRS_Labs/build/hand_solo_arm/build install --record /IRS_Labs/build/hand_solo_arm/install.log --single-version-externally-managed install_data
[3.090s] Level 1:colcon.colcon_core.environment:checking '/IRS_Labs/install/hand_solo_arm' for CMake config files
[3.091s] Level 1:colcon.colcon_core.environment:checking '/IRS_Labs/install/hand_solo_arm/lib'
[3.091s] Level 1:colcon.colcon_core.environment:checking '/IRS_Labs/install/hand_solo_arm/bin'
[3.091s] Level 1:colcon.colcon_core.environment:checking '/IRS_Labs/install/hand_solo_arm/lib/pkgconfig/hand_solo_arm.pc'
[3.092s] Level 1:colcon.colcon_core.environment:checking '/IRS_Labs/install/hand_solo_arm/lib/python3.10/site-packages'
[3.092s] Level 1:colcon.colcon_core.shell:create_environment_hook('hand_solo_arm', 'pythonpath')
[3.093s] INFO:colcon.colcon_core.shell:Creating environment hook '/IRS_Labs/install/hand_solo_arm/share/hand_solo_arm/hook/pythonpath.ps1'
[3.094s] INFO:colcon.colcon_core.shell:Creating environment descriptor '/IRS_Labs/install/hand_solo_arm/share/hand_solo_arm/hook/pythonpath.dsv'
[3.095s] INFO:colcon.colcon_core.shell:Creating environment hook '/IRS_Labs/install/hand_solo_arm/share/hand_solo_arm/hook/pythonpath.sh'
[3.095s] Level 1:colcon.colcon_core.environment:checking '/IRS_Labs/install/hand_solo_arm/bin'
[3.095s] Level 1:colcon.colcon_core.environment:create_environment_scripts_only(hand_solo_arm)
[3.096s] INFO:colcon.colcon_core.shell:Creating package script '/IRS_Labs/install/hand_solo_arm/share/hand_solo_arm/package.ps1'
[3.096s] INFO:colcon.colcon_core.shell:Creating package descriptor '/IRS_Labs/install/hand_solo_arm/share/hand_solo_arm/package.dsv'
[3.097s] INFO:colcon.colcon_core.shell:Creating package script '/IRS_Labs/install/hand_solo_arm/share/hand_solo_arm/package.sh'
[3.097s] INFO:colcon.colcon_core.shell:Creating package script '/IRS_Labs/install/hand_solo_arm/share/hand_solo_arm/package.bash'
[3.098s] INFO:colcon.colcon_core.shell:Creating package script '/IRS_Labs/install/hand_solo_arm/share/hand_solo_arm/package.zsh'
[3.098s] Level 1:colcon.colcon_core.environment:create_file_with_runtime_dependencies(/IRS_Labs/install/hand_solo_arm/share/colcon-core/packages/hand_solo_arm)
[3.099s] DEBUG:colcon.colcon_parallel_executor.executor.parallel:closing loop
[3.099s] DEBUG:colcon.colcon_parallel_executor.executor.parallel:loop closed
[3.099s] DEBUG:colcon.colcon_parallel_executor.executor.parallel:run_until_complete finished with '0'
[3.099s] DEBUG:colcon.colcon_core.event_reactor:joining thread
[3.167s] INFO:colcon.colcon_core.plugin_system:Skipping extension 'colcon_notification.desktop_notification.notify_send': Could not find 'notify-send'
[3.168s] INFO:colcon.colcon_core.plugin_system:Skipping extension 'colcon_notification.desktop_notification.terminal_notifier': Not used on non-Darwin systems
[3.168s] INFO:colcon.colcon_core.plugin_system:Skipping extension 'colcon_notification.desktop_notification.win32': Not used on non-Windows systems
[3.168s] INFO:colcon.colcon_notification.desktop_notification:Sending desktop notification using 'notify2'
[3.173s] DEBUG:colcon.colcon_notification.desktop_notification.notify2:Failed to initialize notify2: org.freedesktop.DBus.Error.Spawn.ExecFailed: /usr/bin/dbus-launch terminated abnormally without any error message
[3.174s] DEBUG:colcon.colcon_core.event_reactor:joined thread
[3.175s] INFO:colcon.colcon_core.shell:Creating prefix script '/IRS_Labs/install/local_setup.ps1'
[3.179s] INFO:colcon.colcon_core.shell:Creating prefix util module '/IRS_Labs/install/_local_setup_util_ps1.py'
[3.181s] INFO:colcon.colcon_core.shell:Creating prefix chain script '/IRS_Labs/install/setup.ps1'
[3.184s] INFO:colcon.colcon_core.shell:Creating prefix script '/IRS_Labs/install/local_setup.sh'
[3.186s] INFO:colcon.colcon_core.shell:Creating prefix util module '/IRS_Labs/install/_local_setup_util_sh.py'
[3.187s] INFO:colcon.colcon_core.shell:Creating prefix chain script '/IRS_Labs/install/setup.sh'
[3.189s] INFO:colcon.colcon_core.shell:Creating prefix script '/IRS_Labs/install/local_setup.bash'
[3.191s] INFO:colcon.colcon_core.shell:Creating prefix chain script '/IRS_Labs/install/setup.bash'
[3.192s] INFO:colcon.colcon_core.shell:Creating prefix script '/IRS_Labs/install/local_setup.zsh'
[3.193s] INFO:colcon.colcon_core.shell:Creating prefix chain script '/IRS_Labs/install/setup.zsh'
