[0.236s] DEBUG:colcon:Command line arguments: ['/usr/bin/colcon', 'build']
[0.236s] DEBUG:colcon:Parsed command line arguments: Namespace(log_base=None, log_level=None, verb_name='build', build_base='build', install_base='install', merge_install=False, symlink_install=False, test_result_base=None, continue_on_error=False, executor='parallel', parallel_workers=16, event_handlers=None, ignore_user_meta=False, metas=['./colcon.meta'], base_paths=['.'], packages_ignore=None, packages_ignore_regex=None, paths=None, packages_up_to=None, packages_up_to_regex=None, packages_above=None, packages_above_and_dependencies=None, packages_above_depth=None, packages_select_by_dep=None, packages_skip_by_dep=None, packages_skip_up_to=None, packages_select_build_failed=False, packages_skip_build_finished=False, packages_select_test_failures=False, packages_skip_test_passed=False, packages_select=None, packages_skip=None, packages_select_regex=None, packages_skip_regex=None, packages_start=None, packages_end=None, cmake_args=None, cmake_target=None, cmake_target_skip_unavailable=False, cmake_clean_cache=False, cmake_clean_first=False, cmake_force_configure=False, ament_cmake_args=None, catkin_cmake_args=None, catkin_skip_building_tests=False, mixin_files=None, mixin=None, verb_parser=<colcon_mixin.mixin.mixin_argument.MixinArgumentDecorator object at 0x74f8ab707370>, verb_extension=<colcon_core.verb.build.BuildVerb object at 0x74f8ab7065c0>, main=<bound method BuildVerb.main of <colcon_core.verb.build.BuildVerb object at 0x74f8ab7065c0>>, mixin_verb=('build',))
[0.499s] Level 1:colcon.colcon_core.package_discovery:discover_packages(colcon_meta) check parameters
[0.501s] INFO:colcon.colcon_metadata.package_discovery.colcon_meta:Using configuration from '/root/.colcon/metadata/default/Gazebo.meta'
[0.502s] INFO:colcon.colcon_metadata.package_discovery.colcon_meta:Using configuration from '/root/.colcon/metadata/default/fastdds.meta'
[0.503s] INFO:colcon.colcon_metadata.package_discovery.colcon_meta:Using configuration from '/root/.colcon/metadata/default/fastrtps.meta'
[0.503s] Level 1:colcon.colcon_core.package_discovery:discover_packages(recursive) check parameters
[0.503s] Level 1:colcon.colcon_core.package_discovery:discover_packages(ignore) check parameters
[0.503s] Level 1:colcon.colcon_core.package_discovery:discover_packages(path) check parameters
[0.503s] Level 1:colcon.colcon_core.package_discovery:discover_packages(colcon_meta) discover
[0.504s] Level 1:colcon.colcon_core.package_discovery:discover_packages(recursive) discover
[0.504s] INFO:colcon.colcon_core.package_discovery:Crawling recursively for packages in '/IRS_Labs'
[0.504s] Level 1:colcon.colcon_core.package_identification:_identify(.) by extensions ['ignore', 'ignore_ament_install']
[0.504s] Level 1:colcon.colcon_core.package_identification:_identify(.) by extension 'ignore'
[0.504s] Level 1:colcon.colcon_core.package_identification:_identify(.) by extension 'ignore_ament_install'
[0.505s] Level 1:colcon.colcon_core.package_identification:_identify(.) by extensions ['colcon_pkg']
[0.505s] Level 1:colcon.colcon_core.package_identification:_identify(.) by extension 'colcon_pkg'
[0.505s] Level 1:colcon.colcon_core.package_identification:_identify(.) by extensions ['colcon_meta']
[0.505s] Level 1:colcon.colcon_core.package_identification:_identify(.) by extension 'colcon_meta'
[0.505s] Level 1:colcon.colcon_core.package_identification:_identify(.) by extensions ['ros']
[0.505s] Level 1:colcon.colcon_core.package_identification:_identify(.) by extension 'ros'
[0.524s] Level 1:colcon.colcon_core.package_identification:_identify(.) by extensions ['cmake', 'python']
[0.524s] Level 1:colcon.colcon_core.package_identification:_identify(.) by extension 'cmake'
[0.525s] Level 1:colcon.colcon_core.package_identification:_identify(.) by extension 'python'
[0.525s] Level 1:colcon.colcon_core.package_identification:_identify(.) by extensions ['python_setup_py']
[0.525s] Level 1:colcon.colcon_core.package_identification:_identify(.) by extension 'python_setup_py'
[0.525s] Level 1:colcon.colcon_core.package_identification:_identify(build) by extensions ['ignore', 'ignore_ament_install']
[0.525s] Level 1:colcon.colcon_core.package_identification:_identify(build) by extension 'ignore'
[0.525s] Level 1:colcon.colcon_core.package_identification:_identify(build) ignored
[0.526s] Level 1:colcon.colcon_core.package_identification:_identify(hand_solo_arm) by extensions ['ignore', 'ignore_ament_install']
[0.526s] Level 1:colcon.colcon_core.package_identification:_identify(hand_solo_arm) by extension 'ignore'
[0.526s] Level 1:colcon.colcon_core.package_identification:_identify(hand_solo_arm) by extension 'ignore_ament_install'
[0.526s] Level 1:colcon.colcon_core.package_identification:_identify(hand_solo_arm) by extensions ['colcon_pkg']
[0.526s] Level 1:colcon.colcon_core.package_identification:_identify(hand_solo_arm) by extension 'colcon_pkg'
[0.526s] Level 1:colcon.colcon_core.package_identification:_identify(hand_solo_arm) by extensions ['colcon_meta']
[0.526s] Level 1:colcon.colcon_core.package_identification:_identify(hand_solo_arm) by extension 'colcon_meta'
[0.526s] Level 1:colcon.colcon_core.package_identification:_identify(hand_solo_arm) by extensions ['ros']
[0.526s] Level 1:colcon.colcon_core.package_identification:_identify(hand_solo_arm) by extension 'ros'
[0.533s] DEBUG:colcon.colcon_core.package_identification:Package 'hand_solo_arm' with type 'ros.ament_python' and name 'hand_solo_arm'
[0.534s] Level 1:colcon.colcon_core.package_identification:_identify(hand_solo_virtual_nav) by extensions ['ignore', 'ignore_ament_install']
[0.534s] Level 1:colcon.colcon_core.package_identification:_identify(hand_solo_virtual_nav) by extension 'ignore'
[0.535s] Level 1:colcon.colcon_core.package_identification:_identify(hand_solo_virtual_nav) by extension 'ignore_ament_install'
[0.535s] Level 1:colcon.colcon_core.package_identification:_identify(hand_solo_virtual_nav) by extensions ['colcon_pkg']
[0.535s] Level 1:colcon.colcon_core.package_identification:_identify(hand_solo_virtual_nav) by extension 'colcon_pkg'
[0.535s] Level 1:colcon.colcon_core.package_identification:_identify(hand_solo_virtual_nav) by extensions ['colcon_meta']
[0.535s] Level 1:colcon.colcon_core.package_identification:_identify(hand_solo_virtual_nav) by extension 'colcon_meta'
[0.535s] Level 1:colcon.colcon_core.package_identification:_identify(hand_solo_virtual_nav) by extensions ['ros']
[0.535s] Level 1:colcon.colcon_core.package_identification:_identify(hand_solo_virtual_nav) by extension 'ros'
[0.536s] DEBUG:colcon.colcon_core.package_identification:Package 'hand_solo_virtual_nav' with type 'ros.ament_python' and name 'hand_solo_virtual_nav'
[0.537s] Level 1:colcon.colcon_core.package_identification:_identify(install) by extensions ['ignore', 'ignore_ament_install']
[0.537s] Level 1:colcon.colcon_core.package_identification:_identify(install) by extension 'ignore'
[0.537s] Level 1:colcon.colcon_core.package_identification:_identify(install) ignored
[0.537s] Level 1:colcon.colcon_core.package_identification:_identify(log) by extensions ['ignore', 'ignore_ament_install']
[0.538s] Level 1:colcon.colcon_core.package_identification:_identify(log) by extension 'ignore'
[0.538s] Level 1:colcon.colcon_core.package_identification:_identify(log) ignored
[0.538s] Level 1:colcon.colcon_core.package_identification:_identify(maps) by extensions ['ignore', 'ignore_ament_install']
[0.538s] Level 1:colcon.colcon_core.package_identification:_identify(maps) by extension 'ignore'
[0.538s] Level 1:colcon.colcon_core.package_identification:_identify(maps) by extension 'ignore_ament_install'
[0.538s] Level 1:colcon.colcon_core.package_identification:_identify(maps) by extensions ['colcon_pkg']
[0.538s] Level 1:colcon.colcon_core.package_identification:_identify(maps) by extension 'colcon_pkg'
[0.538s] Level 1:colcon.colcon_core.package_identification:_identify(maps) by extensions ['colcon_meta']
[0.538s] Level 1:colcon.colcon_core.package_identification:_identify(maps) by extension 'colcon_meta'
[0.538s] Level 1:colcon.colcon_core.package_identification:_identify(maps) by extensions ['ros']
[0.538s] Level 1:colcon.colcon_core.package_identification:_identify(maps) by extension 'ros'
[0.538s] Level 1:colcon.colcon_core.package_identification:_identify(maps) by extensions ['cmake', 'python']
[0.538s] Level 1:colcon.colcon_core.package_identification:_identify(maps) by extension 'cmake'
[0.538s] Level 1:colcon.colcon_core.package_identification:_identify(maps) by extension 'python'
[0.538s] Level 1:colcon.colcon_core.package_identification:_identify(maps) by extensions ['python_setup_py']
[0.539s] Level 1:colcon.colcon_core.package_identification:_identify(maps) by extension 'python_setup_py'
[0.539s] Level 1:colcon.colcon_core.package_identification:_identify(maps/pa_warehouse_map_01) by extensions ['ignore', 'ignore_ament_install']
[0.539s] Level 1:colcon.colcon_core.package_identification:_identify(maps/pa_warehouse_map_01) by extension 'ignore'
[0.539s] Level 1:colcon.colcon_core.package_identification:_identify(maps/pa_warehouse_map_01) by extension 'ignore_ament_install'
[0.539s] Level 1:colcon.colcon_core.package_identification:_identify(maps/pa_warehouse_map_01) by extensions ['colcon_pkg']
[0.539s] Level 1:colcon.colcon_core.package_identification:_identify(maps/pa_warehouse_map_01) by extension 'colcon_pkg'
[0.539s] Level 1:colcon.colcon_core.package_identification:_identify(maps/pa_warehouse_map_01) by extensions ['colcon_meta']
[0.539s] Level 1:colcon.colcon_core.package_identification:_identify(maps/pa_warehouse_map_01) by extension 'colcon_meta'
[0.539s] Level 1:colcon.colcon_core.package_identification:_identify(maps/pa_warehouse_map_01) by extensions ['ros']
[0.539s] Level 1:colcon.colcon_core.package_identification:_identify(maps/pa_warehouse_map_01) by extension 'ros'
[0.539s] Level 1:colcon.colcon_core.package_identification:_identify(maps/pa_warehouse_map_01) by extensions ['cmake', 'python']
[0.539s] Level 1:colcon.colcon_core.package_identification:_identify(maps/pa_warehouse_map_01) by extension 'cmake'
[0.539s] Level 1:colcon.colcon_core.package_identification:_identify(maps/pa_warehouse_map_01) by extension 'python'
[0.539s] Level 1:colcon.colcon_core.package_identification:_identify(maps/pa_warehouse_map_01) by extensions ['python_setup_py']
[0.539s] Level 1:colcon.colcon_core.package_identification:_identify(maps/pa_warehouse_map_01) by extension 'python_setup_py'
[0.540s] Level 1:colcon.colcon_core.package_identification:_identify(pa_warehouse_status) by extensions ['ignore', 'ignore_ament_install']
[0.540s] Level 1:colcon.colcon_core.package_identification:_identify(pa_warehouse_status) by extension 'ignore'
[0.540s] Level 1:colcon.colcon_core.package_identification:_identify(pa_warehouse_status) by extension 'ignore_ament_install'
[0.540s] Level 1:colcon.colcon_core.package_identification:_identify(pa_warehouse_status) by extensions ['colcon_pkg']
[0.540s] Level 1:colcon.colcon_core.package_identification:_identify(pa_warehouse_status) by extension 'colcon_pkg'
[0.540s] Level 1:colcon.colcon_core.package_identification:_identify(pa_warehouse_status) by extensions ['colcon_meta']
[0.540s] Level 1:colcon.colcon_core.package_identification:_identify(pa_warehouse_status) by extension 'colcon_meta'
[0.540s] Level 1:colcon.colcon_core.package_identification:_identify(pa_warehouse_status) by extensions ['ros']
[0.540s] Level 1:colcon.colcon_core.package_identification:_identify(pa_warehouse_status) by extension 'ros'
[0.541s] DEBUG:colcon.colcon_core.package_identification:Package 'pa_warehouse_status' with type 'ros.ament_python' and name 'pa_warehouse_status'
[0.541s] Level 1:colcon.colcon_core.package_identification:_identify(pineapple_box_sorter) by extensions ['ignore', 'ignore_ament_install']
[0.541s] Level 1:colcon.colcon_core.package_identification:_identify(pineapple_box_sorter) by extension 'ignore'
[0.541s] Level 1:colcon.colcon_core.package_identification:_identify(pineapple_box_sorter) by extension 'ignore_ament_install'
[0.542s] Level 1:colcon.colcon_core.package_identification:_identify(pineapple_box_sorter) by extensions ['colcon_pkg']
[0.542s] Level 1:colcon.colcon_core.package_identification:_identify(pineapple_box_sorter) by extension 'colcon_pkg'
[0.542s] Level 1:colcon.colcon_core.package_identification:_identify(pineapple_box_sorter) by extensions ['colcon_meta']
[0.542s] Level 1:colcon.colcon_core.package_identification:_identify(pineapple_box_sorter) by extension 'colcon_meta'
[0.542s] Level 1:colcon.colcon_core.package_identification:_identify(pineapple_box_sorter) by extensions ['ros']
[0.542s] Level 1:colcon.colcon_core.package_identification:_identify(pineapple_box_sorter) by extension 'ros'
[0.545s] DEBUG:colcon.colcon_core.package_identification:Package 'pineapple_box_sorter' with type 'ros.ament_python' and name 'pineapple_box_sorter'
[0.545s] Level 1:colcon.colcon_core.package_discovery:discover_packages(recursive) using defaults
[0.545s] Level 1:colcon.colcon_core.package_discovery:discover_packages(ignore) discover
[0.545s] Level 1:colcon.colcon_core.package_discovery:discover_packages(ignore) using defaults
[0.546s] Level 1:colcon.colcon_core.package_discovery:discover_packages(path) discover
[0.546s] Level 1:colcon.colcon_core.package_discovery:discover_packages(path) using defaults
[0.588s] Level 5:colcon.colcon_core.verb:set package 'hand_solo_arm' build argument 'cmake_args' from command line to 'None'
[0.588s] Level 5:colcon.colcon_core.verb:set package 'hand_solo_arm' build argument 'cmake_target' from command line to 'None'
[0.588s] Level 5:colcon.colcon_core.verb:set package 'hand_solo_arm' build argument 'cmake_target_skip_unavailable' from command line to 'False'
[0.588s] Level 5:colcon.colcon_core.verb:set package 'hand_solo_arm' build argument 'cmake_clean_cache' from command line to 'False'
[0.588s] Level 5:colcon.colcon_core.verb:set package 'hand_solo_arm' build argument 'cmake_clean_first' from command line to 'False'
[0.588s] Level 5:colcon.colcon_core.verb:set package 'hand_solo_arm' build argument 'cmake_force_configure' from command line to 'False'
[0.588s] Level 5:colcon.colcon_core.verb:set package 'hand_solo_arm' build argument 'ament_cmake_args' from command line to 'None'
[0.588s] Level 5:colcon.colcon_core.verb:set package 'hand_solo_arm' build argument 'catkin_cmake_args' from command line to 'None'
[0.588s] Level 5:colcon.colcon_core.verb:set package 'hand_solo_arm' build argument 'catkin_skip_building_tests' from command line to 'False'
[0.588s] DEBUG:colcon.colcon_core.verb:Building package 'hand_solo_arm' with the following arguments: {'ament_cmake_args': None, 'build_base': '/IRS_Labs/build/hand_solo_arm', 'catkin_cmake_args': None, 'catkin_skip_building_tests': False, 'cmake_args': None, 'cmake_clean_cache': False, 'cmake_clean_first': False, 'cmake_force_configure': False, 'cmake_target': None, 'cmake_target_skip_unavailable': False, 'install_base': '/IRS_Labs/install/hand_solo_arm', 'merge_install': False, 'path': '/IRS_Labs/hand_solo_arm', 'symlink_install': False, 'test_result_base': None}
[0.589s] Level 5:colcon.colcon_core.verb:set package 'hand_solo_virtual_nav' build argument 'cmake_args' from command line to 'None'
[0.589s] Level 5:colcon.colcon_core.verb:set package 'hand_solo_virtual_nav' build argument 'cmake_target' from command line to 'None'
[0.589s] Level 5:colcon.colcon_core.verb:set package 'hand_solo_virtual_nav' build argument 'cmake_target_skip_unavailable' from command line to 'False'
[0.589s] Level 5:colcon.colcon_core.verb:set package 'hand_solo_virtual_nav' build argument 'cmake_clean_cache' from command line to 'False'
[0.589s] Level 5:colcon.colcon_core.verb:set package 'hand_solo_virtual_nav' build argument 'cmake_clean_first' from command line to 'False'
[0.589s] Level 5:colcon.colcon_core.verb:set package 'hand_solo_virtual_nav' build argument 'cmake_force_configure' from command line to 'False'
[0.589s] Level 5:colcon.colcon_core.verb:set package 'hand_solo_virtual_nav' build argument 'ament_cmake_args' from command line to 'None'
[0.589s] Level 5:colcon.colcon_core.verb:set package 'hand_solo_virtual_nav' build argument 'catkin_cmake_args' from command line to 'None'
[0.589s] Level 5:colcon.colcon_core.verb:set package 'hand_solo_virtual_nav' build argument 'catkin_skip_building_tests' from command line to 'False'
[0.589s] DEBUG:colcon.colcon_core.verb:Building package 'hand_solo_virtual_nav' with the following arguments: {'ament_cmake_args': None, 'build_base': '/IRS_Labs/build/hand_solo_virtual_nav', 'catkin_cmake_args': None, 'catkin_skip_building_tests': False, 'cmake_args': None, 'cmake_clean_cache': False, 'cmake_clean_first': False, 'cmake_force_configure': False, 'cmake_target': None, 'cmake_target_skip_unavailable': False, 'install_base': '/IRS_Labs/install/hand_solo_virtual_nav', 'merge_install': False, 'path': '/IRS_Labs/hand_solo_virtual_nav', 'symlink_install': False, 'test_result_base': None}
[0.589s] Level 5:colcon.colcon_core.verb:set package 'pa_warehouse_status' build argument 'cmake_args' from command line to 'None'
[0.589s] Level 5:colcon.colcon_core.verb:set package 'pa_warehouse_status' build argument 'cmake_target' from command line to 'None'
[0.589s] Level 5:colcon.colcon_core.verb:set package 'pa_warehouse_status' build argument 'cmake_target_skip_unavailable' from command line to 'False'
[0.589s] Level 5:colcon.colcon_core.verb:set package 'pa_warehouse_status' build argument 'cmake_clean_cache' from command line to 'False'
[0.590s] Level 5:colcon.colcon_core.verb:set package 'pa_warehouse_status' build argument 'cmake_clean_first' from command line to 'False'
[0.590s] Level 5:colcon.colcon_core.verb:set package 'pa_warehouse_status' build argument 'cmake_force_configure' from command line to 'False'
[0.590s] Level 5:colcon.colcon_core.verb:set package 'pa_warehouse_status' build argument 'ament_cmake_args' from command line to 'None'
[0.590s] Level 5:colcon.colcon_core.verb:set package 'pa_warehouse_status' build argument 'catkin_cmake_args' from command line to 'None'
[0.590s] Level 5:colcon.colcon_core.verb:set package 'pa_warehouse_status' build argument 'catkin_skip_building_tests' from command line to 'False'
[0.590s] DEBUG:colcon.colcon_core.verb:Building package 'pa_warehouse_status' with the following arguments: {'ament_cmake_args': None, 'build_base': '/IRS_Labs/build/pa_warehouse_status', 'catkin_cmake_args': None, 'catkin_skip_building_tests': False, 'cmake_args': None, 'cmake_clean_cache': False, 'cmake_clean_first': False, 'cmake_force_configure': False, 'cmake_target': None, 'cmake_target_skip_unavailable': False, 'install_base': '/IRS_Labs/install/pa_warehouse_status', 'merge_install': False, 'path': '/IRS_Labs/pa_warehouse_status', 'symlink_install': False, 'test_result_base': None}
[0.590s] Level 5:colcon.colcon_core.verb:set package 'pineapple_box_sorter' build argument 'cmake_args' from command line to 'None'
[0.590s] Level 5:colcon.colcon_core.verb:set package 'pineapple_box_sorter' build argument 'cmake_target' from command line to 'None'
[0.590s] Level 5:colcon.colcon_core.verb:set package 'pineapple_box_sorter' build argument 'cmake_target_skip_unavailable' from command line to 'False'
[0.590s] Level 5:colcon.colcon_core.verb:set package 'pineapple_box_sorter' build argument 'cmake_clean_cache' from command line to 'False'
[0.590s] Level 5:colcon.colcon_core.verb:set package 'pineapple_box_sorter' build argument 'cmake_clean_first' from command line to 'False'
[0.590s] Level 5:colcon.colcon_core.verb:set package 'pineapple_box_sorter' build argument 'cmake_force_configure' from command line to 'False'
[0.590s] Level 5:colcon.colcon_core.verb:set package 'pineapple_box_sorter' build argument 'ament_cmake_args' from command line to 'None'
[0.590s] Level 5:colcon.colcon_core.verb:set package 'pineapple_box_sorter' build argument 'catkin_cmake_args' from command line to 'None'
[0.590s] Level 5:colcon.colcon_core.verb:set package 'pineapple_box_sorter' build argument 'catkin_skip_building_tests' from command line to 'False'
[0.590s] DEBUG:colcon.colcon_core.verb:Building package 'pineapple_box_sorter' with the following arguments: {'ament_cmake_args': None, 'build_base': '/IRS_Labs/build/pineapple_box_sorter', 'catkin_cmake_args': None, 'catkin_skip_building_tests': False, 'cmake_args': None, 'cmake_clean_cache': False, 'cmake_clean_first': False, 'cmake_force_configure': False, 'cmake_target': None, 'cmake_target_skip_unavailable': False, 'install_base': '/IRS_Labs/install/pineapple_box_sorter', 'merge_install': False, 'path': '/IRS_Labs/pineapple_box_sorter', 'symlink_install': False, 'test_result_base': None}
[0.591s] INFO:colcon.colcon_core.executor:Executing jobs using 'parallel' executor
[0.593s] DEBUG:colcon.colcon_parallel_executor.executor.parallel:run_until_complete
[0.594s] INFO:colcon.colcon_ros.task.ament_python.build:Building ROS package in '/IRS_Labs/hand_solo_arm' with build type 'ament_python'
[0.595s] Level 1:colcon.colcon_core.shell:create_environment_hook('hand_solo_arm', 'ament_prefix_path')
[0.601s] INFO:colcon.colcon_core.plugin_system:Skipping extension 'colcon_core.shell.bat': Not used on non-Windows systems
[0.602s] INFO:colcon.colcon_core.shell:Creating environment hook '/IRS_Labs/install/hand_solo_arm/share/hand_solo_arm/hook/ament_prefix_path.ps1'
[0.605s] INFO:colcon.colcon_core.shell:Creating environment descriptor '/IRS_Labs/install/hand_solo_arm/share/hand_solo_arm/hook/ament_prefix_path.dsv'
[0.607s] INFO:colcon.colcon_core.shell:Creating environment hook '/IRS_Labs/install/hand_solo_arm/share/hand_solo_arm/hook/ament_prefix_path.sh'
[0.610s] INFO:colcon.colcon_core.shell:Skip shell extension 'powershell' for command environment: Not usable outside of PowerShell
[0.611s] DEBUG:colcon.colcon_core.shell:Skip shell extension 'dsv' for command environment
[0.624s] INFO:colcon.colcon_ros.task.ament_python.build:Building ROS package in '/IRS_Labs/hand_solo_virtual_nav' with build type 'ament_python'
[0.624s] Level 1:colcon.colcon_core.shell:create_environment_hook('hand_solo_virtual_nav', 'ament_prefix_path')
[0.625s] INFO:colcon.colcon_core.shell:Creating environment hook '/IRS_Labs/install/hand_solo_virtual_nav/share/hand_solo_virtual_nav/hook/ament_prefix_path.ps1'
[0.627s] INFO:colcon.colcon_core.shell:Creating environment descriptor '/IRS_Labs/install/hand_solo_virtual_nav/share/hand_solo_virtual_nav/hook/ament_prefix_path.dsv'
[0.629s] INFO:colcon.colcon_core.shell:Creating environment hook '/IRS_Labs/install/hand_solo_virtual_nav/share/hand_solo_virtual_nav/hook/ament_prefix_path.sh'
[0.631s] INFO:colcon.colcon_core.shell:Skip shell extension 'powershell' for command environment: Not usable outside of PowerShell
[0.631s] DEBUG:colcon.colcon_core.shell:Skip shell extension 'dsv' for command environment
[0.641s] INFO:colcon.colcon_ros.task.ament_python.build:Building ROS package in '/IRS_Labs/pa_warehouse_status' with build type 'ament_python'
[0.642s] Level 1:colcon.colcon_core.shell:create_environment_hook('pa_warehouse_status', 'ament_prefix_path')
[0.642s] INFO:colcon.colcon_core.shell:Creating environment hook '/IRS_Labs/install/pa_warehouse_status/share/pa_warehouse_status/hook/ament_prefix_path.ps1'
[0.644s] INFO:colcon.colcon_core.shell:Creating environment descriptor '/IRS_Labs/install/pa_warehouse_status/share/pa_warehouse_status/hook/ament_prefix_path.dsv'
[0.644s] INFO:colcon.colcon_core.shell:Creating environment hook '/IRS_Labs/install/pa_warehouse_status/share/pa_warehouse_status/hook/ament_prefix_path.sh'
[0.646s] INFO:colcon.colcon_core.shell:Skip shell extension 'powershell' for command environment: Not usable outside of PowerShell
[0.646s] DEBUG:colcon.colcon_core.shell:Skip shell extension 'dsv' for command environment
[0.653s] INFO:colcon.colcon_ros.task.ament_python.build:Building ROS package in '/IRS_Labs/pineapple_box_sorter' with build type 'ament_python'
[0.653s] Level 1:colcon.colcon_core.shell:create_environment_hook('pineapple_box_sorter', 'ament_prefix_path')
[0.654s] INFO:colcon.colcon_core.shell:Creating environment hook '/IRS_Labs/install/pineapple_box_sorter/share/pineapple_box_sorter/hook/ament_prefix_path.ps1'
[0.655s] INFO:colcon.colcon_core.shell:Creating environment descriptor '/IRS_Labs/install/pineapple_box_sorter/share/pineapple_box_sorter/hook/ament_prefix_path.dsv'
[0.655s] INFO:colcon.colcon_core.shell:Creating environment hook '/IRS_Labs/install/pineapple_box_sorter/share/pineapple_box_sorter/hook/ament_prefix_path.sh'
[0.657s] INFO:colcon.colcon_core.shell:Skip shell extension 'powershell' for command environment: Not usable outside of PowerShell
[0.657s] DEBUG:colcon.colcon_core.shell:Skip shell extension 'dsv' for command environment
[1.208s] INFO:colcon.colcon_core.task.python.build:Building Python package in '/IRS_Labs/hand_solo_arm'
[1.209s] INFO:colcon.colcon_core.shell:Skip shell extension 'powershell' for command environment: Not usable outside of PowerShell
[1.209s] DEBUG:colcon.colcon_core.shell:Skip shell extension 'dsv' for command environment
[1.664s] INFO:colcon.colcon_core.task.python.build:Building Python package in '/IRS_Labs/hand_solo_virtual_nav'
[1.665s] INFO:colcon.colcon_core.shell:Skip shell extension 'powershell' for command environment: Not usable outside of PowerShell
[1.665s] DEBUG:colcon.colcon_core.shell:Skip shell extension 'dsv' for command environment
[2.157s] INFO:colcon.colcon_core.task.python.build:Building Python package in '/IRS_Labs/pa_warehouse_status'
[2.158s] INFO:colcon.colcon_core.shell:Skip shell extension 'powershell' for command environment: Not usable outside of PowerShell
[2.158s] DEBUG:colcon.colcon_core.shell:Skip shell extension 'dsv' for command environment
[2.677s] INFO:colcon.colcon_core.task.python.build:Building Python package in '/IRS_Labs/pineapple_box_sorter'
[2.679s] INFO:colcon.colcon_core.shell:Skip shell extension 'powershell' for command environment: Not usable outside of PowerShell
[2.679s] DEBUG:colcon.colcon_core.shell:Skip shell extension 'dsv' for command environment
[3.512s] DEBUG:colcon.colcon_core.event_handler.log_command:Invoking command in '/IRS_Labs/pa_warehouse_status': PYTHONPATH=/IRS_Labs/build/pa_warehouse_status/prefix_override:/usr/lib/python3/dist-packages/colcon_core/task/python/colcon_distutils_commands:/IRS_Labs/install/pa_warehouse_status/lib/python3.10/site-packages:${PYTHONPATH} /usr/bin/python3 -W ignore:setup.py install is deprecated -W ignore:easy_install command is deprecated setup.py egg_info --egg-base ../build/pa_warehouse_status build --build-base /IRS_Labs/build/pa_warehouse_status/build install --record /IRS_Labs/build/pa_warehouse_status/install.log --single-version-externally-managed install_data
[3.575s] DEBUG:colcon.colcon_core.event_handler.log_command:Invoking command in '/IRS_Labs/hand_solo_arm': PYTHONPATH=/IRS_Labs/build/hand_solo_arm/prefix_override:/usr/lib/python3/dist-packages/colcon_core/task/python/colcon_distutils_commands:/IRS_Labs/install/hand_solo_arm/lib/python3.10/site-packages:${PYTHONPATH} /usr/bin/python3 -W ignore:setup.py install is deprecated -W ignore:easy_install command is deprecated setup.py egg_info --egg-base ../build/hand_solo_arm build --build-base /IRS_Labs/build/hand_solo_arm/build install --record /IRS_Labs/build/hand_solo_arm/install.log --single-version-externally-managed install_data
[3.860s] DEBUG:colcon.colcon_core.event_handler.log_command:Invoking command in '/IRS_Labs/hand_solo_virtual_nav': PYTHONPATH=/IRS_Labs/build/hand_solo_virtual_nav/prefix_override:/usr/lib/python3/dist-packages/colcon_core/task/python/colcon_distutils_commands:/IRS_Labs/install/hand_solo_virtual_nav/lib/python3.10/site-packages:${PYTHONPATH} /usr/bin/python3 -W ignore:setup.py install is deprecated -W ignore:easy_install command is deprecated setup.py egg_info --egg-base ../build/hand_solo_virtual_nav build --build-base /IRS_Labs/build/hand_solo_virtual_nav/build install --record /IRS_Labs/build/hand_solo_virtual_nav/install.log --single-version-externally-managed install_data
[3.982s] DEBUG:colcon.colcon_core.event_handler.log_command:Invoking command in '/IRS_Labs/pineapple_box_sorter': PYTHONPATH=/IRS_Labs/build/pineapple_box_sorter/prefix_override:/usr/lib/python3/dist-packages/colcon_core/task/python/colcon_distutils_commands:/IRS_Labs/install/pineapple_box_sorter/lib/python3.10/site-packages:${PYTHONPATH} /usr/bin/python3 -W ignore:setup.py install is deprecated -W ignore:easy_install command is deprecated setup.py egg_info --egg-base ../build/pineapple_box_sorter build --build-base /IRS_Labs/build/pineapple_box_sorter/build install --record /IRS_Labs/build/pineapple_box_sorter/install.log --single-version-externally-managed install_data
[4.140s] DEBUG:colcon.colcon_core.event_handler.log_command:Invoked command in '/IRS_Labs/pa_warehouse_status' returned '0': PYTHONPATH=/IRS_Labs/build/pa_warehouse_status/prefix_override:/usr/lib/python3/dist-packages/colcon_core/task/python/colcon_distutils_commands:/IRS_Labs/install/pa_warehouse_status/lib/python3.10/site-packages:${PYTHONPATH} /usr/bin/python3 -W ignore:setup.py install is deprecated -W ignore:easy_install command is deprecated setup.py egg_info --egg-base ../build/pa_warehouse_status build --build-base /IRS_Labs/build/pa_warehouse_status/build install --record /IRS_Labs/build/pa_warehouse_status/install.log --single-version-externally-managed install_data
[4.148s] Level 1:colcon.colcon_core.environment:checking '/IRS_Labs/install/pa_warehouse_status' for CMake module files
[4.150s] Level 1:colcon.colcon_core.environment:checking '/IRS_Labs/install/pa_warehouse_status' for CMake config files
[4.152s] Level 1:colcon.colcon_core.environment:checking '/IRS_Labs/install/pa_warehouse_status/lib'
[4.153s] Level 1:colcon.colcon_core.environment:checking '/IRS_Labs/install/pa_warehouse_status/bin'
[4.153s] Level 1:colcon.colcon_core.environment:checking '/IRS_Labs/install/pa_warehouse_status/lib/pkgconfig/pa_warehouse_status.pc'
[4.154s] Level 1:colcon.colcon_core.environment:checking '/IRS_Labs/install/pa_warehouse_status/lib/python3.10/site-packages'
[4.155s] Level 1:colcon.colcon_core.shell:create_environment_hook('pa_warehouse_status', 'pythonpath')
[4.155s] INFO:colcon.colcon_core.shell:Creating environment hook '/IRS_Labs/install/pa_warehouse_status/share/pa_warehouse_status/hook/pythonpath.ps1'
[4.157s] INFO:colcon.colcon_core.shell:Creating environment descriptor '/IRS_Labs/install/pa_warehouse_status/share/pa_warehouse_status/hook/pythonpath.dsv'
[4.157s] INFO:colcon.colcon_core.shell:Creating environment hook '/IRS_Labs/install/pa_warehouse_status/share/pa_warehouse_status/hook/pythonpath.sh'
[4.158s] Level 1:colcon.colcon_core.environment:checking '/IRS_Labs/install/pa_warehouse_status/bin'
[4.159s] Level 1:colcon.colcon_core.environment:create_environment_scripts_only(pa_warehouse_status)
[4.159s] INFO:colcon.colcon_core.shell:Creating package script '/IRS_Labs/install/pa_warehouse_status/share/pa_warehouse_status/package.ps1'
[4.161s] INFO:colcon.colcon_core.shell:Creating package descriptor '/IRS_Labs/install/pa_warehouse_status/share/pa_warehouse_status/package.dsv'
[4.162s] INFO:colcon.colcon_core.shell:Creating package script '/IRS_Labs/install/pa_warehouse_status/share/pa_warehouse_status/package.sh'
[4.164s] INFO:colcon.colcon_core.shell:Creating package script '/IRS_Labs/install/pa_warehouse_status/share/pa_warehouse_status/package.bash'
[4.169s] INFO:colcon.colcon_core.shell:Creating package script '/IRS_Labs/install/pa_warehouse_status/share/pa_warehouse_status/package.zsh'
[4.171s] Level 1:colcon.colcon_core.environment:create_file_with_runtime_dependencies(/IRS_Labs/install/pa_warehouse_status/share/colcon-core/packages/pa_warehouse_status)
[4.175s] Level 1:colcon.colcon_core.environment:checking '/IRS_Labs/install/hand_solo_arm' for CMake module files
[4.176s] DEBUG:colcon.colcon_core.event_handler.log_command:Invoked command in '/IRS_Labs/hand_solo_arm' returned '0': PYTHONPATH=/IRS_Labs/build/hand_solo_arm/prefix_override:/usr/lib/python3/dist-packages/colcon_core/task/python/colcon_distutils_commands:/IRS_Labs/install/hand_solo_arm/lib/python3.10/site-packages:${PYTHONPATH} /usr/bin/python3 -W ignore:setup.py install is deprecated -W ignore:easy_install command is deprecated setup.py egg_info --egg-base ../build/hand_solo_arm build --build-base /IRS_Labs/build/hand_solo_arm/build install --record /IRS_Labs/build/hand_solo_arm/install.log --single-version-externally-managed install_data
[4.177s] Level 1:colcon.colcon_core.environment:checking '/IRS_Labs/install/hand_solo_arm' for CMake config files
[4.180s] Level 1:colcon.colcon_core.environment:checking '/IRS_Labs/install/hand_solo_arm/lib'
[4.180s] Level 1:colcon.colcon_core.environment:checking '/IRS_Labs/install/hand_solo_arm/bin'
[4.181s] Level 1:colcon.colcon_core.environment:checking '/IRS_Labs/install/hand_solo_arm/lib/pkgconfig/hand_solo_arm.pc'
[4.182s] Level 1:colcon.colcon_core.environment:checking '/IRS_Labs/install/hand_solo_arm/lib/python3.10/site-packages'
[4.182s] Level 1:colcon.colcon_core.shell:create_environment_hook('hand_solo_arm', 'pythonpath')
[4.184s] INFO:colcon.colcon_core.shell:Creating environment hook '/IRS_Labs/install/hand_solo_arm/share/hand_solo_arm/hook/pythonpath.ps1'
[4.186s] INFO:colcon.colcon_core.shell:Creating environment descriptor '/IRS_Labs/install/hand_solo_arm/share/hand_solo_arm/hook/pythonpath.dsv'
[4.188s] INFO:colcon.colcon_core.shell:Creating environment hook '/IRS_Labs/install/hand_solo_arm/share/hand_solo_arm/hook/pythonpath.sh'
[4.192s] Level 1:colcon.colcon_core.environment:checking '/IRS_Labs/install/hand_solo_arm/bin'
[4.192s] Level 1:colcon.colcon_core.environment:create_environment_scripts_only(hand_solo_arm)
[4.194s] INFO:colcon.colcon_core.shell:Creating package script '/IRS_Labs/install/hand_solo_arm/share/hand_solo_arm/package.ps1'
[4.197s] INFO:colcon.colcon_core.shell:Creating package descriptor '/IRS_Labs/install/hand_solo_arm/share/hand_solo_arm/package.dsv'
[4.200s] INFO:colcon.colcon_core.shell:Creating package script '/IRS_Labs/install/hand_solo_arm/share/hand_solo_arm/package.sh'
[4.202s] INFO:colcon.colcon_core.shell:Creating package script '/IRS_Labs/install/hand_solo_arm/share/hand_solo_arm/package.bash'
[4.204s] INFO:colcon.colcon_core.shell:Creating package script '/IRS_Labs/install/hand_solo_arm/share/hand_solo_arm/package.zsh'
[4.205s] Level 1:colcon.colcon_core.environment:create_file_with_runtime_dependencies(/IRS_Labs/install/hand_solo_arm/share/colcon-core/packages/hand_solo_arm)
[4.488s] Level 1:colcon.colcon_core.environment:checking '/IRS_Labs/install/hand_solo_virtual_nav' for CMake module files
[4.490s] DEBUG:colcon.colcon_core.event_handler.log_command:Invoked command in '/IRS_Labs/hand_solo_virtual_nav' returned '0': PYTHONPATH=/IRS_Labs/build/hand_solo_virtual_nav/prefix_override:/usr/lib/python3/dist-packages/colcon_core/task/python/colcon_distutils_commands:/IRS_Labs/install/hand_solo_virtual_nav/lib/python3.10/site-packages:${PYTHONPATH} /usr/bin/python3 -W ignore:setup.py install is deprecated -W ignore:easy_install command is deprecated setup.py egg_info --egg-base ../build/hand_solo_virtual_nav build --build-base /IRS_Labs/build/hand_solo_virtual_nav/build install --record /IRS_Labs/build/hand_solo_virtual_nav/install.log --single-version-externally-managed install_data
[4.490s] Level 1:colcon.colcon_core.environment:checking '/IRS_Labs/install/hand_solo_virtual_nav' for CMake config files
[4.492s] Level 1:colcon.colcon_core.environment:checking '/IRS_Labs/install/hand_solo_virtual_nav/lib'
[4.492s] Level 1:colcon.colcon_core.environment:checking '/IRS_Labs/install/hand_solo_virtual_nav/bin'
[4.493s] Level 1:colcon.colcon_core.environment:checking '/IRS_Labs/install/hand_solo_virtual_nav/lib/pkgconfig/hand_solo_virtual_nav.pc'
[4.494s] Level 1:colcon.colcon_core.environment:checking '/IRS_Labs/install/hand_solo_virtual_nav/lib/python3.10/site-packages'
[4.494s] Level 1:colcon.colcon_core.shell:create_environment_hook('hand_solo_virtual_nav', 'pythonpath')
[4.495s] INFO:colcon.colcon_core.shell:Creating environment hook '/IRS_Labs/install/hand_solo_virtual_nav/share/hand_solo_virtual_nav/hook/pythonpath.ps1'
[4.495s] INFO:colcon.colcon_core.shell:Creating environment descriptor '/IRS_Labs/install/hand_solo_virtual_nav/share/hand_solo_virtual_nav/hook/pythonpath.dsv'
[4.496s] INFO:colcon.colcon_core.shell:Creating environment hook '/IRS_Labs/install/hand_solo_virtual_nav/share/hand_solo_virtual_nav/hook/pythonpath.sh'
[4.498s] Level 1:colcon.colcon_core.environment:checking '/IRS_Labs/install/hand_solo_virtual_nav/bin'
[4.499s] Level 1:colcon.colcon_core.environment:create_environment_scripts_only(hand_solo_virtual_nav)
[4.500s] INFO:colcon.colcon_core.shell:Creating package script '/IRS_Labs/install/hand_solo_virtual_nav/share/hand_solo_virtual_nav/package.ps1'
[4.502s] INFO:colcon.colcon_core.shell:Creating package descriptor '/IRS_Labs/install/hand_solo_virtual_nav/share/hand_solo_virtual_nav/package.dsv'
[4.504s] INFO:colcon.colcon_core.shell:Creating package script '/IRS_Labs/install/hand_solo_virtual_nav/share/hand_solo_virtual_nav/package.sh'
[4.506s] INFO:colcon.colcon_core.shell:Creating package script '/IRS_Labs/install/hand_solo_virtual_nav/share/hand_solo_virtual_nav/package.bash'
[4.507s] INFO:colcon.colcon_core.shell:Creating package script '/IRS_Labs/install/hand_solo_virtual_nav/share/hand_solo_virtual_nav/package.zsh'
[4.509s] Level 1:colcon.colcon_core.environment:create_file_with_runtime_dependencies(/IRS_Labs/install/hand_solo_virtual_nav/share/colcon-core/packages/hand_solo_virtual_nav)
[4.873s] Level 1:colcon.colcon_core.environment:checking '/IRS_Labs/install/pineapple_box_sorter' for CMake module files
[4.875s] DEBUG:colcon.colcon_core.event_handler.log_command:Invoked command in '/IRS_Labs/pineapple_box_sorter' returned '0': PYTHONPATH=/IRS_Labs/build/pineapple_box_sorter/prefix_override:/usr/lib/python3/dist-packages/colcon_core/task/python/colcon_distutils_commands:/IRS_Labs/install/pineapple_box_sorter/lib/python3.10/site-packages:${PYTHONPATH} /usr/bin/python3 -W ignore:setup.py install is deprecated -W ignore:easy_install command is deprecated setup.py egg_info --egg-base ../build/pineapple_box_sorter build --build-base /IRS_Labs/build/pineapple_box_sorter/build install --record /IRS_Labs/build/pineapple_box_sorter/install.log --single-version-externally-managed install_data
[4.876s] Level 1:colcon.colcon_core.environment:checking '/IRS_Labs/install/pineapple_box_sorter' for CMake config files
[4.877s] Level 1:colcon.colcon_core.environment:checking '/IRS_Labs/install/pineapple_box_sorter/lib'
[4.878s] Level 1:colcon.colcon_core.environment:checking '/IRS_Labs/install/pineapple_box_sorter/bin'
[4.878s] Level 1:colcon.colcon_core.environment:checking '/IRS_Labs/install/pineapple_box_sorter/lib/pkgconfig/pineapple_box_sorter.pc'
[4.878s] Level 1:colcon.colcon_core.environment:checking '/IRS_Labs/install/pineapple_box_sorter/lib/python3.10/site-packages'
[4.879s] Level 1:colcon.colcon_core.shell:create_environment_hook('pineapple_box_sorter', 'pythonpath')
[4.879s] INFO:colcon.colcon_core.shell:Creating environment hook '/IRS_Labs/install/pineapple_box_sorter/share/pineapple_box_sorter/hook/pythonpath.ps1'
[4.881s] INFO:colcon.colcon_core.shell:Creating environment descriptor '/IRS_Labs/install/pineapple_box_sorter/share/pineapple_box_sorter/hook/pythonpath.dsv'
[4.883s] INFO:colcon.colcon_core.shell:Creating environment hook '/IRS_Labs/install/pineapple_box_sorter/share/pineapple_box_sorter/hook/pythonpath.sh'
[4.884s] Level 1:colcon.colcon_core.environment:checking '/IRS_Labs/install/pineapple_box_sorter/bin'
[4.885s] Level 1:colcon.colcon_core.environment:create_environment_scripts_only(pineapple_box_sorter)
[4.887s] INFO:colcon.colcon_core.shell:Creating package script '/IRS_Labs/install/pineapple_box_sorter/share/pineapple_box_sorter/package.ps1'
[4.889s] INFO:colcon.colcon_core.shell:Creating package descriptor '/IRS_Labs/install/pineapple_box_sorter/share/pineapple_box_sorter/package.dsv'
[4.891s] INFO:colcon.colcon_core.shell:Creating package script '/IRS_Labs/install/pineapple_box_sorter/share/pineapple_box_sorter/package.sh'
[4.892s] INFO:colcon.colcon_core.shell:Creating package script '/IRS_Labs/install/pineapple_box_sorter/share/pineapple_box_sorter/package.bash'
[4.894s] INFO:colcon.colcon_core.shell:Creating package script '/IRS_Labs/install/pineapple_box_sorter/share/pineapple_box_sorter/package.zsh'
[4.895s] Level 1:colcon.colcon_core.environment:create_file_with_runtime_dependencies(/IRS_Labs/install/pineapple_box_sorter/share/colcon-core/packages/pineapple_box_sorter)
[4.896s] DEBUG:colcon.colcon_parallel_executor.executor.parallel:closing loop
[4.896s] DEBUG:colcon.colcon_parallel_executor.executor.parallel:loop closed
[4.896s] DEBUG:colcon.colcon_parallel_executor.executor.parallel:run_until_complete finished with '0'
[4.896s] DEBUG:colcon.colcon_core.event_reactor:joining thread
[4.952s] INFO:colcon.colcon_core.plugin_system:Skipping extension 'colcon_notification.desktop_notification.notify_send': Could not find 'notify-send'
[4.953s] INFO:colcon.colcon_core.plugin_system:Skipping extension 'colcon_notification.desktop_notification.terminal_notifier': Not used on non-Darwin systems
[4.953s] INFO:colcon.colcon_core.plugin_system:Skipping extension 'colcon_notification.desktop_notification.win32': Not used on non-Windows systems
[4.953s] INFO:colcon.colcon_notification.desktop_notification:Sending desktop notification using 'notify2'
[4.960s] DEBUG:colcon.colcon_notification.desktop_notification.notify2:Failed to initialize notify2: org.freedesktop.DBus.Error.Spawn.ExecFailed: /usr/bin/dbus-launch terminated abnormally without any error message
[4.961s] DEBUG:colcon.colcon_core.event_reactor:joined thread
[4.963s] INFO:colcon.colcon_core.shell:Creating prefix script '/IRS_Labs/install/local_setup.ps1'
[4.967s] INFO:colcon.colcon_core.shell:Creating prefix util module '/IRS_Labs/install/_local_setup_util_ps1.py'
[4.972s] INFO:colcon.colcon_core.shell:Creating prefix chain script '/IRS_Labs/install/setup.ps1'
[4.976s] INFO:colcon.colcon_core.shell:Creating prefix script '/IRS_Labs/install/local_setup.sh'
[4.979s] INFO:colcon.colcon_core.shell:Creating prefix util module '/IRS_Labs/install/_local_setup_util_sh.py'
[4.983s] INFO:colcon.colcon_core.shell:Creating prefix chain script '/IRS_Labs/install/setup.sh'
[4.988s] INFO:colcon.colcon_core.shell:Creating prefix script '/IRS_Labs/install/local_setup.bash'
[4.991s] INFO:colcon.colcon_core.shell:Creating prefix chain script '/IRS_Labs/install/setup.bash'
[4.994s] INFO:colcon.colcon_core.shell:Creating prefix script '/IRS_Labs/install/local_setup.zsh'
[4.996s] INFO:colcon.colcon_core.shell:Creating prefix chain script '/IRS_Labs/install/setup.zsh'
