[3.235s] Invoking command in '/IRS_Labs/hand_solo_virtual_nav': PYTHONPATH=/IRS_Labs/build/hand_solo_virtual_nav/prefix_override:/usr/lib/python3/dist-packages/colcon_core/task/python/colcon_distutils_commands:/IRS_Labs/install/hand_solo_virtual_nav/lib/python3.10/site-packages:${PYTHONPATH} /usr/bin/python3 -W ignore:setup.py install is deprecated -W ignore:easy_install command is deprecated setup.py egg_info --egg-base ../build/hand_solo_virtual_nav build --build-base /IRS_Labs/build/hand_solo_virtual_nav/build install --record /IRS_Labs/build/hand_solo_virtual_nav/install.log --single-version-externally-managed install_data
[3.673s] running egg_info
[3.676s] writing ../build/hand_solo_virtual_nav/hand_solo_virtual_nav.egg-info/PKG-INFO
[3.677s] writing dependency_links to ../build/hand_solo_virtual_nav/hand_solo_virtual_nav.egg-info/dependency_links.txt
[3.678s] writing entry points to ../build/hand_solo_virtual_nav/hand_solo_virtual_nav.egg-info/entry_points.txt
[3.679s] writing requirements to ../build/hand_solo_virtual_nav/hand_solo_virtual_nav.egg-info/requires.txt
[3.679s] writing top-level names to ../build/hand_solo_virtual_nav/hand_solo_virtual_nav.egg-info/top_level.txt
[3.690s] reading manifest file '../build/hand_solo_virtual_nav/hand_solo_virtual_nav.egg-info/SOURCES.txt'
[3.691s] adding license file 'LICENSE'
[3.693s] writing manifest file '../build/hand_solo_virtual_nav/hand_solo_virtual_nav.egg-info/SOURCES.txt'
[3.694s] running build
[3.695s] running build_py
[3.695s] running install
[3.696s] running install_lib
[3.700s] running install_data
[3.700s] running install_egg_info
[3.705s] removing '/IRS_Labs/install/hand_solo_virtual_nav/lib/python3.10/site-packages/hand_solo_virtual_nav-0.0.0-py3.10.egg-info' (and everything under it)
[3.705s] Copying ../build/hand_solo_virtual_nav/hand_solo_virtual_nav.egg-info to /IRS_Labs/install/hand_solo_virtual_nav/lib/python3.10/site-packages/hand_solo_virtual_nav-0.0.0-py3.10.egg-info
[3.707s] running install_scripts
[3.787s] Installing hs_waypoint_follower script to /IRS_Labs/install/hand_solo_virtual_nav/lib/hand_solo_virtual_nav
[3.788s] writing list of installed files to '/IRS_Labs/build/hand_solo_virtual_nav/install.log'
[3.864s] Invoked command in '/IRS_Labs/hand_solo_virtual_nav' returned '0': PYTHONPATH=/IRS_Labs/build/hand_solo_virtual_nav/prefix_override:/usr/lib/python3/dist-packages/colcon_core/task/python/colcon_distutils_commands:/IRS_Labs/install/hand_solo_virtual_nav/lib/python3.10/site-packages:${PYTHONPATH} /usr/bin/python3 -W ignore:setup.py install is deprecated -W ignore:easy_install command is deprecated setup.py egg_info --egg-base ../build/hand_solo_virtual_nav build --build-base /IRS_Labs/build/hand_solo_virtual_nav/build install --record /IRS_Labs/build/hand_solo_virtual_nav/install.log --single-version-externally-managed install_data
