[0.226s] DEBUG:colcon:Command line arguments: ['/usr/bin/colcon', 'build', '--packages-select', 'pineapple_box_sorter']
[0.227s] DEBUG:colcon:Parsed command line arguments: Namespace(log_base=None, log_level=None, verb_name='build', build_base='build', install_base='install', merge_install=False, symlink_install=False, test_result_base=None, continue_on_error=False, executor='parallel', parallel_workers=16, event_handlers=None, ignore_user_meta=False, metas=['./colcon.meta'], base_paths=['.'], packages_ignore=None, packages_ignore_regex=None, paths=None, packages_up_to=None, packages_up_to_regex=None, packages_above=None, packages_above_and_dependencies=None, packages_above_depth=None, packages_select_by_dep=None, packages_skip_by_dep=None, packages_skip_up_to=None, packages_select_build_failed=False, packages_skip_build_finished=False, packages_select_test_failures=False, packages_skip_test_passed=False, packages_select=['pineapple_box_sorter'], packages_skip=None, packages_select_regex=None, packages_skip_regex=None, packages_start=None, packages_end=None, cmake_args=None, cmake_target=None, cmake_target_skip_unavailable=False, cmake_clean_cache=False, cmake_clean_first=False, cmake_force_configure=False, ament_cmake_args=None, catkin_cmake_args=None, catkin_skip_building_tests=False, mixin_files=None, mixin=None, verb_parser=<colcon_mixin.mixin.mixin_argument.MixinArgumentDecorator object at 0x71212b65f1f0>, verb_extension=<colcon_core.verb.build.BuildVerb object at 0x71212b65e440>, main=<bound method BuildVerb.main of <colcon_core.verb.build.BuildVerb object at 0x71212b65e440>>, mixin_verb=('build',))
[0.415s] Level 1:colcon.colcon_core.package_discovery:discover_packages(colcon_meta) check parameters
[0.416s] INFO:colcon.colcon_metadata.package_discovery.colcon_meta:Using configuration from '/root/.colcon/metadata/default/Gazebo.meta'
[0.417s] INFO:colcon.colcon_metadata.package_discovery.colcon_meta:Using configuration from '/root/.colcon/metadata/default/fastdds.meta'
[0.418s] INFO:colcon.colcon_metadata.package_discovery.colcon_meta:Using configuration from '/root/.colcon/metadata/default/fastrtps.meta'
[0.418s] Level 1:colcon.colcon_core.package_discovery:discover_packages(recursive) check parameters
[0.418s] Level 1:colcon.colcon_core.package_discovery:discover_packages(ignore) check parameters
[0.418s] Level 1:colcon.colcon_core.package_discovery:discover_packages(path) check parameters
[0.418s] Level 1:colcon.colcon_core.package_discovery:discover_packages(colcon_meta) discover
[0.418s] Level 1:colcon.colcon_core.package_discovery:discover_packages(recursive) discover
[0.418s] INFO:colcon.colcon_core.package_discovery:Crawling recursively for packages in '/ros_ws/IRS_Labs'
[0.418s] Level 1:colcon.colcon_core.package_identification:_identify(.) by extensions ['ignore', 'ignore_ament_install']
[0.418s] Level 1:colcon.colcon_core.package_identification:_identify(.) by extension 'ignore'
[0.418s] Level 1:colcon.colcon_core.package_identification:_identify(.) by extension 'ignore_ament_install'
[0.418s] Level 1:colcon.colcon_core.package_identification:_identify(.) by extensions ['colcon_pkg']
[0.418s] Level 1:colcon.colcon_core.package_identification:_identify(.) by extension 'colcon_pkg'
[0.418s] Level 1:colcon.colcon_core.package_identification:_identify(.) by extensions ['colcon_meta']
[0.419s] Level 1:colcon.colcon_core.package_identification:_identify(.) by extension 'colcon_meta'
[0.419s] Level 1:colcon.colcon_core.package_identification:_identify(.) by extensions ['ros']
[0.419s] Level 1:colcon.colcon_core.package_identification:_identify(.) by extension 'ros'
[0.439s] Level 1:colcon.colcon_core.package_identification:_identify(.) by extensions ['cmake', 'python']
[0.439s] Level 1:colcon.colcon_core.package_identification:_identify(.) by extension 'cmake'
[0.439s] Level 1:colcon.colcon_core.package_identification:_identify(.) by extension 'python'
[0.440s] Level 1:colcon.colcon_core.package_identification:_identify(.) by extensions ['python_setup_py']
[0.440s] Level 1:colcon.colcon_core.package_identification:_identify(.) by extension 'python_setup_py'
[0.440s] Level 1:colcon.colcon_core.package_identification:_identify(build) by extensions ['ignore', 'ignore_ament_install']
[0.441s] Level 1:colcon.colcon_core.package_identification:_identify(build) by extension 'ignore'
[0.441s] Level 1:colcon.colcon_core.package_identification:_identify(build) ignored
[0.441s] Level 1:colcon.colcon_core.package_identification:_identify(hand_solo_virtual_nav) by extensions ['ignore', 'ignore_ament_install']
[0.441s] Level 1:colcon.colcon_core.package_identification:_identify(hand_solo_virtual_nav) by extension 'ignore'
[0.441s] Level 1:colcon.colcon_core.package_identification:_identify(hand_solo_virtual_nav) by extension 'ignore_ament_install'
[0.442s] Level 1:colcon.colcon_core.package_identification:_identify(hand_solo_virtual_nav) by extensions ['colcon_pkg']
[0.442s] Level 1:colcon.colcon_core.package_identification:_identify(hand_solo_virtual_nav) by extension 'colcon_pkg'
[0.442s] Level 1:colcon.colcon_core.package_identification:_identify(hand_solo_virtual_nav) by extensions ['colcon_meta']
[0.442s] Level 1:colcon.colcon_core.package_identification:_identify(hand_solo_virtual_nav) by extension 'colcon_meta'
[0.442s] Level 1:colcon.colcon_core.package_identification:_identify(hand_solo_virtual_nav) by extensions ['ros']
[0.442s] Level 1:colcon.colcon_core.package_identification:_identify(hand_solo_virtual_nav) by extension 'ros'
[0.447s] DEBUG:colcon.colcon_core.package_identification:Package 'hand_solo_virtual_nav' with type 'ros.ament_python' and name 'hand_solo_virtual_nav'
[0.447s] Level 1:colcon.colcon_core.package_identification:_identify(install) by extensions ['ignore', 'ignore_ament_install']
[0.447s] Level 1:colcon.colcon_core.package_identification:_identify(install) by extension 'ignore'
[0.447s] Level 1:colcon.colcon_core.package_identification:_identify(install) ignored
[0.448s] Level 1:colcon.colcon_core.package_identification:_identify(log) by extensions ['ignore', 'ignore_ament_install']
[0.448s] Level 1:colcon.colcon_core.package_identification:_identify(log) by extension 'ignore'
[0.448s] Level 1:colcon.colcon_core.package_identification:_identify(log) ignored
[0.448s] Level 1:colcon.colcon_core.package_identification:_identify(maps) by extensions ['ignore', 'ignore_ament_install']
[0.448s] Level 1:colcon.colcon_core.package_identification:_identify(maps) by extension 'ignore'
[0.448s] Level 1:colcon.colcon_core.package_identification:_identify(maps) by extension 'ignore_ament_install'
[0.448s] Level 1:colcon.colcon_core.package_identification:_identify(maps) by extensions ['colcon_pkg']
[0.448s] Level 1:colcon.colcon_core.package_identification:_identify(maps) by extension 'colcon_pkg'
[0.448s] Level 1:colcon.colcon_core.package_identification:_identify(maps) by extensions ['colcon_meta']
[0.448s] Level 1:colcon.colcon_core.package_identification:_identify(maps) by extension 'colcon_meta'
[0.448s] Level 1:colcon.colcon_core.package_identification:_identify(maps) by extensions ['ros']
[0.448s] Level 1:colcon.colcon_core.package_identification:_identify(maps) by extension 'ros'
[0.448s] Level 1:colcon.colcon_core.package_identification:_identify(maps) by extensions ['cmake', 'python']
[0.448s] Level 1:colcon.colcon_core.package_identification:_identify(maps) by extension 'cmake'
[0.449s] Level 1:colcon.colcon_core.package_identification:_identify(maps) by extension 'python'
[0.449s] Level 1:colcon.colcon_core.package_identification:_identify(maps) by extensions ['python_setup_py']
[0.449s] Level 1:colcon.colcon_core.package_identification:_identify(maps) by extension 'python_setup_py'
[0.449s] Level 1:colcon.colcon_core.package_identification:_identify(maps/pa_warehouse_map_01) by extensions ['ignore', 'ignore_ament_install']
[0.449s] Level 1:colcon.colcon_core.package_identification:_identify(maps/pa_warehouse_map_01) by extension 'ignore'
[0.449s] Level 1:colcon.colcon_core.package_identification:_identify(maps/pa_warehouse_map_01) by extension 'ignore_ament_install'
[0.449s] Level 1:colcon.colcon_core.package_identification:_identify(maps/pa_warehouse_map_01) by extensions ['colcon_pkg']
[0.449s] Level 1:colcon.colcon_core.package_identification:_identify(maps/pa_warehouse_map_01) by extension 'colcon_pkg'
[0.449s] Level 1:colcon.colcon_core.package_identification:_identify(maps/pa_warehouse_map_01) by extensions ['colcon_meta']
[0.449s] Level 1:colcon.colcon_core.package_identification:_identify(maps/pa_warehouse_map_01) by extension 'colcon_meta'
[0.449s] Level 1:colcon.colcon_core.package_identification:_identify(maps/pa_warehouse_map_01) by extensions ['ros']
[0.449s] Level 1:colcon.colcon_core.package_identification:_identify(maps/pa_warehouse_map_01) by extension 'ros'
[0.449s] Level 1:colcon.colcon_core.package_identification:_identify(maps/pa_warehouse_map_01) by extensions ['cmake', 'python']
[0.449s] Level 1:colcon.colcon_core.package_identification:_identify(maps/pa_warehouse_map_01) by extension 'cmake'
[0.449s] Level 1:colcon.colcon_core.package_identification:_identify(maps/pa_warehouse_map_01) by extension 'python'
[0.449s] Level 1:colcon.colcon_core.package_identification:_identify(maps/pa_warehouse_map_01) by extensions ['python_setup_py']
[0.449s] Level 1:colcon.colcon_core.package_identification:_identify(maps/pa_warehouse_map_01) by extension 'python_setup_py'
[0.450s] Level 1:colcon.colcon_core.package_identification:_identify(pa_warehouse_status) by extensions ['ignore', 'ignore_ament_install']
[0.450s] Level 1:colcon.colcon_core.package_identification:_identify(pa_warehouse_status) by extension 'ignore'
[0.450s] Level 1:colcon.colcon_core.package_identification:_identify(pa_warehouse_status) by extension 'ignore_ament_install'
[0.450s] Level 1:colcon.colcon_core.package_identification:_identify(pa_warehouse_status) by extensions ['colcon_pkg']
[0.450s] Level 1:colcon.colcon_core.package_identification:_identify(pa_warehouse_status) by extension 'colcon_pkg'
[0.450s] Level 1:colcon.colcon_core.package_identification:_identify(pa_warehouse_status) by extensions ['colcon_meta']
[0.450s] Level 1:colcon.colcon_core.package_identification:_identify(pa_warehouse_status) by extension 'colcon_meta'
[0.450s] Level 1:colcon.colcon_core.package_identification:_identify(pa_warehouse_status) by extensions ['ros']
[0.450s] Level 1:colcon.colcon_core.package_identification:_identify(pa_warehouse_status) by extension 'ros'
[0.451s] DEBUG:colcon.colcon_core.package_identification:Package 'pa_warehouse_status' with type 'ros.ament_python' and name 'pa_warehouse_status'
[0.451s] Level 1:colcon.colcon_core.package_identification:_identify(pineapple_box_sorter) by extensions ['ignore', 'ignore_ament_install']
[0.451s] Level 1:colcon.colcon_core.package_identification:_identify(pineapple_box_sorter) by extension 'ignore'
[0.451s] Level 1:colcon.colcon_core.package_identification:_identify(pineapple_box_sorter) by extension 'ignore_ament_install'
[0.451s] Level 1:colcon.colcon_core.package_identification:_identify(pineapple_box_sorter) by extensions ['colcon_pkg']
[0.451s] Level 1:colcon.colcon_core.package_identification:_identify(pineapple_box_sorter) by extension 'colcon_pkg'
[0.451s] Level 1:colcon.colcon_core.package_identification:_identify(pineapple_box_sorter) by extensions ['colcon_meta']
[0.451s] Level 1:colcon.colcon_core.package_identification:_identify(pineapple_box_sorter) by extension 'colcon_meta'
[0.451s] Level 1:colcon.colcon_core.package_identification:_identify(pineapple_box_sorter) by extensions ['ros']
[0.451s] Level 1:colcon.colcon_core.package_identification:_identify(pineapple_box_sorter) by extension 'ros'
[0.452s] DEBUG:colcon.colcon_core.package_identification:Package 'pineapple_box_sorter' with type 'ros.ament_python' and name 'pineapple_box_sorter'
[0.452s] Level 1:colcon.colcon_core.package_discovery:discover_packages(recursive) using defaults
[0.452s] Level 1:colcon.colcon_core.package_discovery:discover_packages(ignore) discover
[0.452s] Level 1:colcon.colcon_core.package_discovery:discover_packages(ignore) using defaults
[0.452s] Level 1:colcon.colcon_core.package_discovery:discover_packages(path) discover
[0.453s] Level 1:colcon.colcon_core.package_discovery:discover_packages(path) using defaults
[0.497s] INFO:colcon.colcon_core.package_selection:Skipping not selected package 'hand_solo_virtual_nav' in 'hand_solo_virtual_nav'
[0.497s] INFO:colcon.colcon_core.package_selection:Skipping not selected package 'pa_warehouse_status' in 'pa_warehouse_status'
[0.498s] Level 5:colcon.colcon_core.verb:set package 'pineapple_box_sorter' build argument 'cmake_args' from command line to 'None'
[0.498s] Level 5:colcon.colcon_core.verb:set package 'pineapple_box_sorter' build argument 'cmake_target' from command line to 'None'
[0.498s] Level 5:colcon.colcon_core.verb:set package 'pineapple_box_sorter' build argument 'cmake_target_skip_unavailable' from command line to 'False'
[0.498s] Level 5:colcon.colcon_core.verb:set package 'pineapple_box_sorter' build argument 'cmake_clean_cache' from command line to 'False'
[0.498s] Level 5:colcon.colcon_core.verb:set package 'pineapple_box_sorter' build argument 'cmake_clean_first' from command line to 'False'
[0.498s] Level 5:colcon.colcon_core.verb:set package 'pineapple_box_sorter' build argument 'cmake_force_configure' from command line to 'False'
[0.498s] Level 5:colcon.colcon_core.verb:set package 'pineapple_box_sorter' build argument 'ament_cmake_args' from command line to 'None'
[0.498s] Level 5:colcon.colcon_core.verb:set package 'pineapple_box_sorter' build argument 'catkin_cmake_args' from command line to 'None'
[0.498s] Level 5:colcon.colcon_core.verb:set package 'pineapple_box_sorter' build argument 'catkin_skip_building_tests' from command line to 'False'
[0.498s] DEBUG:colcon.colcon_core.verb:Building package 'pineapple_box_sorter' with the following arguments: {'ament_cmake_args': None, 'build_base': '/ros_ws/IRS_Labs/build/pineapple_box_sorter', 'catkin_cmake_args': None, 'catkin_skip_building_tests': False, 'cmake_args': None, 'cmake_clean_cache': False, 'cmake_clean_first': False, 'cmake_force_configure': False, 'cmake_target': None, 'cmake_target_skip_unavailable': False, 'install_base': '/ros_ws/IRS_Labs/install/pineapple_box_sorter', 'merge_install': False, 'path': '/ros_ws/IRS_Labs/pineapple_box_sorter', 'symlink_install': False, 'test_result_base': None}
[0.499s] INFO:colcon.colcon_core.executor:Executing jobs using 'parallel' executor
[0.500s] DEBUG:colcon.colcon_parallel_executor.executor.parallel:run_until_complete
[0.501s] INFO:colcon.colcon_ros.task.ament_python.build:Building ROS package in '/ros_ws/IRS_Labs/pineapple_box_sorter' with build type 'ament_python'
[0.501s] Level 1:colcon.colcon_core.shell:create_environment_hook('pineapple_box_sorter', 'ament_prefix_path')
[0.505s] INFO:colcon.colcon_core.plugin_system:Skipping extension 'colcon_core.shell.bat': Not used on non-Windows systems
[0.505s] INFO:colcon.colcon_core.shell:Creating environment hook '/ros_ws/IRS_Labs/install/pineapple_box_sorter/share/pineapple_box_sorter/hook/ament_prefix_path.ps1'
[0.506s] INFO:colcon.colcon_core.shell:Creating environment descriptor '/ros_ws/IRS_Labs/install/pineapple_box_sorter/share/pineapple_box_sorter/hook/ament_prefix_path.dsv'
[0.507s] INFO:colcon.colcon_core.shell:Creating environment hook '/ros_ws/IRS_Labs/install/pineapple_box_sorter/share/pineapple_box_sorter/hook/ament_prefix_path.sh'
[0.509s] INFO:colcon.colcon_core.shell:Skip shell extension 'powershell' for command environment: Not usable outside of PowerShell
[0.509s] DEBUG:colcon.colcon_core.shell:Skip shell extension 'dsv' for command environment
[0.962s] INFO:colcon.colcon_core.task.python.build:Building Python package in '/ros_ws/IRS_Labs/pineapple_box_sorter'
[0.963s] INFO:colcon.colcon_core.shell:Skip shell extension 'powershell' for command environment: Not usable outside of PowerShell
[0.963s] DEBUG:colcon.colcon_core.shell:Skip shell extension 'dsv' for command environment
[1.639s] DEBUG:colcon.colcon_core.event_handler.log_command:Invoking command in '/ros_ws/IRS_Labs/pineapple_box_sorter': PYTHONPATH=/ros_ws/IRS_Labs/build/pineapple_box_sorter/prefix_override:/usr/lib/python3/dist-packages/colcon_core/task/python/colcon_distutils_commands:/ros_ws/IRS_Labs/install/pineapple_box_sorter/lib/python3.10/site-packages:${PYTHONPATH} /usr/bin/python3 -W ignore:setup.py install is deprecated -W ignore:easy_install command is deprecated setup.py egg_info --egg-base ../build/pineapple_box_sorter build --build-base /ros_ws/IRS_Labs/build/pineapple_box_sorter/build install --record /ros_ws/IRS_Labs/build/pineapple_box_sorter/install.log --single-version-externally-managed install_data
[2.113s] DEBUG:colcon.colcon_core.event_handler.log_command:Invoked command in '/ros_ws/IRS_Labs/pineapple_box_sorter' returned '0': PYTHONPATH=/ros_ws/IRS_Labs/build/pineapple_box_sorter/prefix_override:/usr/lib/python3/dist-packages/colcon_core/task/python/colcon_distutils_commands:/ros_ws/IRS_Labs/install/pineapple_box_sorter/lib/python3.10/site-packages:${PYTHONPATH} /usr/bin/python3 -W ignore:setup.py install is deprecated -W ignore:easy_install command is deprecated setup.py egg_info --egg-base ../build/pineapple_box_sorter build --build-base /ros_ws/IRS_Labs/build/pineapple_box_sorter/build install --record /ros_ws/IRS_Labs/build/pineapple_box_sorter/install.log --single-version-externally-managed install_data
[2.118s] Level 1:colcon.colcon_core.environment:checking '/ros_ws/IRS_Labs/install/pineapple_box_sorter' for CMake module files
[2.118s] Level 1:colcon.colcon_core.environment:checking '/ros_ws/IRS_Labs/install/pineapple_box_sorter' for CMake config files
[2.120s] Level 1:colcon.colcon_core.environment:checking '/ros_ws/IRS_Labs/install/pineapple_box_sorter/lib'
[2.120s] Level 1:colcon.colcon_core.environment:checking '/ros_ws/IRS_Labs/install/pineapple_box_sorter/bin'
[2.120s] Level 1:colcon.colcon_core.environment:checking '/ros_ws/IRS_Labs/install/pineapple_box_sorter/lib/pkgconfig/pineapple_box_sorter.pc'
[2.121s] Level 1:colcon.colcon_core.environment:checking '/ros_ws/IRS_Labs/install/pineapple_box_sorter/lib/python3.10/site-packages'
[2.121s] Level 1:colcon.colcon_core.shell:create_environment_hook('pineapple_box_sorter', 'pythonpath')
[2.121s] INFO:colcon.colcon_core.shell:Creating environment hook '/ros_ws/IRS_Labs/install/pineapple_box_sorter/share/pineapple_box_sorter/hook/pythonpath.ps1'
[2.122s] INFO:colcon.colcon_core.shell:Creating environment descriptor '/ros_ws/IRS_Labs/install/pineapple_box_sorter/share/pineapple_box_sorter/hook/pythonpath.dsv'
[2.123s] INFO:colcon.colcon_core.shell:Creating environment hook '/ros_ws/IRS_Labs/install/pineapple_box_sorter/share/pineapple_box_sorter/hook/pythonpath.sh'
[2.124s] Level 1:colcon.colcon_core.environment:checking '/ros_ws/IRS_Labs/install/pineapple_box_sorter/bin'
[2.124s] Level 1:colcon.colcon_core.environment:create_environment_scripts_only(pineapple_box_sorter)
[2.125s] INFO:colcon.colcon_core.shell:Creating package script '/ros_ws/IRS_Labs/install/pineapple_box_sorter/share/pineapple_box_sorter/package.ps1'
[2.127s] INFO:colcon.colcon_core.shell:Creating package descriptor '/ros_ws/IRS_Labs/install/pineapple_box_sorter/share/pineapple_box_sorter/package.dsv'
[2.128s] INFO:colcon.colcon_core.shell:Creating package script '/ros_ws/IRS_Labs/install/pineapple_box_sorter/share/pineapple_box_sorter/package.sh'
[2.129s] INFO:colcon.colcon_core.shell:Creating package script '/ros_ws/IRS_Labs/install/pineapple_box_sorter/share/pineapple_box_sorter/package.bash'
[2.131s] INFO:colcon.colcon_core.shell:Creating package script '/ros_ws/IRS_Labs/install/pineapple_box_sorter/share/pineapple_box_sorter/package.zsh'
[2.133s] Level 1:colcon.colcon_core.environment:create_file_with_runtime_dependencies(/ros_ws/IRS_Labs/install/pineapple_box_sorter/share/colcon-core/packages/pineapple_box_sorter)
[2.134s] DEBUG:colcon.colcon_parallel_executor.executor.parallel:closing loop
[2.135s] DEBUG:colcon.colcon_parallel_executor.executor.parallel:loop closed
[2.135s] DEBUG:colcon.colcon_parallel_executor.executor.parallel:run_until_complete finished with '0'
[2.135s] DEBUG:colcon.colcon_core.event_reactor:joining thread
[2.147s] INFO:colcon.colcon_core.plugin_system:Skipping extension 'colcon_notification.desktop_notification.notify_send': Could not find 'notify-send'
[2.147s] INFO:colcon.colcon_core.plugin_system:Skipping extension 'colcon_notification.desktop_notification.terminal_notifier': Not used on non-Darwin systems
[2.147s] INFO:colcon.colcon_core.plugin_system:Skipping extension 'colcon_notification.desktop_notification.win32': Not used on non-Windows systems
[2.147s] INFO:colcon.colcon_notification.desktop_notification:Sending desktop notification using 'notify2'
[2.151s] DEBUG:colcon.colcon_notification.desktop_notification.notify2:Failed to initialize notify2: org.freedesktop.DBus.Error.Spawn.ExecFailed: /usr/bin/dbus-launch terminated abnormally without any error message
[2.151s] DEBUG:colcon.colcon_core.event_reactor:joined thread
[2.153s] INFO:colcon.colcon_core.shell:Creating prefix script '/ros_ws/IRS_Labs/install/local_setup.ps1'
[2.158s] INFO:colcon.colcon_core.shell:Creating prefix util module '/ros_ws/IRS_Labs/install/_local_setup_util_ps1.py'
[2.162s] INFO:colcon.colcon_core.shell:Creating prefix chain script '/ros_ws/IRS_Labs/install/setup.ps1'
[2.164s] INFO:colcon.colcon_core.shell:Creating prefix script '/ros_ws/IRS_Labs/install/local_setup.sh'
[2.165s] INFO:colcon.colcon_core.shell:Creating prefix util module '/ros_ws/IRS_Labs/install/_local_setup_util_sh.py'
[2.166s] INFO:colcon.colcon_core.shell:Creating prefix chain script '/ros_ws/IRS_Labs/install/setup.sh'
[2.168s] INFO:colcon.colcon_core.shell:Creating prefix script '/ros_ws/IRS_Labs/install/local_setup.bash'
[2.169s] INFO:colcon.colcon_core.shell:Creating prefix chain script '/ros_ws/IRS_Labs/install/setup.bash'
[2.171s] INFO:colcon.colcon_core.shell:Creating prefix script '/ros_ws/IRS_Labs/install/local_setup.zsh'
[2.172s] INFO:colcon.colcon_core.shell:Creating prefix chain script '/ros_ws/IRS_Labs/install/setup.zsh'
